.	r__CN2.mgt	r__ALPHA_BF.gw	r__GW_DELAY.gw	r__CH_N2.rte	v__CH_K2.rte	r__SOL_AWC(1).sol	r__SOL_K(1).sol	r__SOL_BD(1).sol	v__SFTMP.bsn	v__SMTMP.bsn
q_0	-0.017848618	-0.22771295	0.42003102	-0.41234426	5.3341166	0.18068108	-0.25786124	0.17903934	1.2303718	0.35325819
q_0.005	-0.017028241	-0.22668239	0.42068639	-0.41222018	5.3380205	0.1808305	-0.25736342	0.17906802	1.2322256	0.35325819
q_0.01	-0.016207863	-0.22565184	0.42134176	-0.41209611	5.3419244	0.18097992	-0.2568656	0.1790967	1.2340794	0.35325819
q_0.015	-0.01540622	-0.22533819	0.42225593	-0.41156338	5.347409	0.18319403	-0.25619298	0.17933513	1.2342136	0.35420528
q_0.02	-0.014604962	-0.22503932	0.42317544	-0.41102222	5.3529262	0.1854507	-0.25551675	0.17957789	1.2343123	0.35517189
q_0.025	-0.014383125	-0.22487533	0.42399121	-0.4088453	5.3570962	0.18561338	-0.25512722	0.17962837	1.2356893	0.35792547
q_0.03	-0.014185684	-0.22471701	0.4248026	-0.40659951	5.3612094	0.18568788	-0.25474976	0.17967075	1.2371202	0.36075428
q_0.035	-0.014025157	-0.22452516	0.42541326	-0.40535713	5.3657541	0.18572155	-0.25469698	0.17971106	1.2381806	0.36215949
q_0.04	-0.01386701	-0.22433114	0.42601097	-0.40417948	5.3703267	0.18575258	-0.25466515	0.17975123	1.2392171	0.36347285
q_0.045	-0.011460696	-0.22428325	0.42615542	-0.40408432	5.3753513	0.18597495	-0.25382093	0.17985311	1.2393009	0.36376054
q_0.05	-0.0088567404	-0.22424821	0.42626002	-0.40408432	5.3804157	0.18621414	-0.2529053	0.1799604	1.2393009	0.36395807
q_0.055	-0.0075618226	-0.2238377	0.42634705	-0.40398822	5.3826708	0.18630717	-0.25275678	0.18017643	1.2416906	0.36426532
q_0.06	-0.0064139876	-0.22338499	0.42643209	-0.40388132	5.3846102	0.18638377	-0.25269445	0.18040467	1.2443488	0.36458489
q_0.065	-0.0059916761	-0.22314302	0.42684086	-0.40341663	5.3848453	0.18644104	-0.25249307	0.18057707	1.2446918	0.36545161
q_0.07	-0.0056694367	-0.22293012	0.42729428	-0.4029026	5.3848453	0.18649563	-0.2522725	0.18074176	1.2447155	0.3663938
q_0.075	-0.0052619086	-0.22278849	0.42757994	-0.40199286	5.3852167	0.18650335	-0.25221962	0.18088266	1.2447563	0.36737054
q_0.08	-0.0048403328	-0.22265859	0.42783797	-0.40101794	5.3856493	0.18650335	-0.25219436	0.18101965	1.2447999	0.36835296
q_0.085	-0.0045228109	-0.22252009	0.42798199	-0.40086038	5.387453	0.18659089	-0.25182127	0.18108003	1.2450533	0.36898394
q_0.09	-0.0042253475	-0.22237992	0.42810404	-0.40086038	5.389521	0.1866953	-0.25138114	0.18112565	1.2453473	0.36954717
q_0.095	-0.0041597842	-0.22235444	0.42826182	-0.39987853	5.3940432	0.18682659	-0.25127323	0.18114794	1.2467421	0.36997536
q_0.1	-0.0041457543	-0.22235444	0.42842754	-0.39867849	5.3991108	0.18696387	-0.25123916	0.18116506	1.2483816	0.37037356
q_0.105	-0.0039899621	-0.22221018	0.42851674	-0.39836957	5.4006961	0.18708875	-0.25115189	0.18116852	1.2487128	0.37048736
q_0.11	-0.0037982807	-0.22202939	0.42858656	-0.39828625	5.4013999	0.1872105	-0.25105116	0.18116852	1.2487128	0.37052916
q_0.115	-0.0035910108	-0.22180155	0.42913775	-0.39760183	5.4076966	0.18726986	-0.25078571	0.18125916	1.2497673	0.37128282
q_0.12	-0.0033792872	-0.22156026	0.42982647	-0.39674567	5.4155912	0.1873114	-0.25047321	0.18137569	1.251123	0.37223988
q_0.125	-0.0029080354	-0.2214756	0.43025263	-0.39580723	5.4175051	0.18745537	-0.25027657	0.18145329	1.2516781	0.37278102
q_0.13	-0.0023537345	-0.22144104	0.43059477	-0.39484246	5.4175051	0.18763212	-0.25011701	0.18151842	1.251977	0.37318908
q_0.135	-0.0020523961	-0.22143197	0.4307071	-0.39445216	5.4185278	0.18769723	-0.24997651	0.18156626	1.2551647	0.37336418
q_0.14	-0.0018411539	-0.22143197	0.43073759	-0.39426649	5.4199148	0.18772258	-0.24984281	0.18160792	1.2593812	0.3734563
q_0.145	-0.0014993721	-0.22137376	0.43080395	-0.39420121	5.4221373	0.18779777	-0.2496463	0.18162417	1.2620217	0.37374024
q_0.15	-0.0011061099	-0.2212926	0.43088447	-0.39418341	5.4246894	0.18789262	-0.24942502	0.18163039	1.2640405	0.37409984
q_0.155	-0.00098194697	-0.22123105	0.43111201	-0.39395927	5.4270653	0.18800667	-0.24928402	0.18167847	1.2663457	0.37421203
q_0.16	-0.00097478375	-0.22117804	0.43140348	-0.39364541	5.4293648	0.18812907	-0.24917792	0.18174476	1.2687753	0.37421666
q_0.165	-0.00093227207	-0.22115145	0.43149964	-0.39229734	5.4315975	0.18845814	-0.24914161	0.18176767	1.2695606	0.37435483
q_0.17	-0.00087287752	-0.22113747	0.43150252	-0.39045532	5.4337985	0.18888592	-0.24913863	0.18176987	1.2695606	0.37455679
q_0.175	-0.00076985183	-0.22100758	0.43150351	-0.38982271	5.4357207	0.1890603	-0.24912073	0.18178986	1.2709533	0.37481499
q_0.18	-0.00064400369	-0.22081707	0.43150351	-0.38982271	5.4374971	0.18910213	-0.24909503	0.18181916	1.2730744	0.37510262
q_0.185	-0.0005416741	-0.22070811	0.43152527	-0.38901966	5.4385081	0.18913927	-0.24892301	0.18185627	1.2745319	0.37534346
q_0.19	-0.00045278368	-0.22064576	0.43155946	-0.38775772	5.439082	0.18917373	-0.24866739	0.18189783	1.2756101	0.37555757
q_0.195	-0.00039115445	-0.22057947	0.43158118	-0.38523666	5.4395001	0.18919252	-0.24854132	0.18191976	1.276024	0.37593073
q_0.2	-0.0003465076	-0.22051071	0.43159514	-0.38193123	5.4398213	0.18920155	-0.24849595	0.18192948	1.276024	0.37640298
q_0.205	-0.00020160925	-0.22044144	0.43163402	-0.38047818	5.4399511	0.18932487	-0.24839788	0.1819359	1.2773391	0.37664749
q_0.21	1.1256225e-005	-0.22037182	0.4316898	-0.38028099	5.4399511	0.18952567	-0.24826409	0.18194008	1.2795459	0.3767376
q_0.215	0.00016753192	-0.22028375	0.43178722	-0.3801727	5.4424704	0.18965694	-0.24803585	0.18196633	1.2841316	0.37679611
q_0.22	0.00028210987	-0.22018206	0.43191532	-0.38012991	5.4468461	0.18973699	-0.24773803	0.18200882	1.2904702	0.37683134
q_0.225	0.00033303341	-0.22006339	0.43197251	-0.37969821	5.4497481	0.18977515	-0.24759816	0.18203216	1.2935652	0.37689498
q_0.23	0.00033303341	-0.21993113	0.43197297	-0.37895538	5.4514712	0.18977982	-0.24758465	0.18204018	1.2940653	0.37698136
q_0.235	0.00036921879	-0.21937817	0.43199364	-0.37853186	5.4522719	0.18986601	-0.24745379	0.18206239	1.2947759	0.3771831
q_0.24	0.00043681035	-0.21846006	0.43203185	-0.37838548	5.4522719	0.19002295	-0.24722108	0.18209692	1.2956693	0.37748498
q_0.245	0.00047629725	-0.21800605	0.43205377	-0.37814437	5.4536848	0.19013897	-0.24709452	0.18212549	1.2963094	0.37767628
q_0.25	0.00048933269	-0.21798883	0.43206036	-0.3778141	5.4564274	0.19021648	-0.24706788	0.18214847	1.296711	0.37776351
q_0.255	0.0006270055	-0.21790133	0.43206491	-0.37751826	5.4647178	0.19025563	-0.24703338	0.18216007	1.2979227	0.37783607
q_0.26	0.00089185928	-0.21774211	0.43206741	-0.37725754	5.4786693	0.19025563	-0.24699088	0.18216007	1.299961	0.37789367
q_0.265	0.0010352271	-0.21764084	0.43209219	-0.37666589	5.4862145	0.19028375	-0.24695394	0.18216446	1.3010317	0.37794469
q_0.27	0.0010441851	-0.21760369	0.43214164	-0.37570811	5.4866718	0.19034297	-0.24692315	0.18217371	1.3010317	0.37798845
q_0.275	0.0011174451	-0.21750084	0.43218447	-0.37502132	5.4918059	0.19037527	-0.24676633	0.18218792	1.3014435	0.37809731
q_0.28	0.0012678678	-0.21731916	0.43221936	-0.37465971	5.5025521	0.19037527	-0.24645825	0.18220808	1.3023496	0.3782843
q_0.285	0.0013529554	-0.21721412	0.43224235	-0.37434145	5.5134779	0.19038624	-0.24615697	0.18222998	1.3032544	0.3785291
q_0.29	0.0013529554	-0.21720889	0.43224983	-0.37407964	5.5246378	0.19041149	-0.24586454	0.18225413	1.3041576	0.3788492
q_0.295	0.0013951714	-0.21716591	0.43235639	-0.37382148	5.5312092	0.1904537	-0.24567885	0.18227822	1.3054035	0.3792804
q_0.3	0.0014971077	-0.21706954	0.43260312	-0.37356849	5.5312894	0.19051989	-0.24564414	0.18230222	1.3071345	0.37986876
q_0.305	0.0015931805	-0.2169698	0.43298503	-0.37334521	5.5320064	0.19057562	-0.24554759	0.18233941	1.3083708	0.38025303
q_0.31	0.0016802326	-0.21686487	0.4335749	-0.37316763	5.5337029	0.19061525	-0.24535593	0.1823969	1.3088462	0.38032333
q_0.315	0.0017383015	-0.21674013	0.4339749	-0.37295371	5.5394707	0.19077761	-0.24522513	0.18244487	1.3098253	0.38038367
q_0.32	0.001747804	-0.21658217	0.43405674	-0.3726789	5.5520608	0.19114562	-0.24519633	0.18247686	1.3116482	0.38042732
q_0.325	0.001757662	-0.21629951	0.43410973	-0.37231891	5.5624136	0.19139142	-0.24506506	0.18250344	1.3128354	0.38047528
q_0.33	0.0017681702	-0.2157888	0.43411	-0.37180316	5.5686751	0.19141375	-0.24474643	0.18252015	1.3128604	0.3805311
q_0.335	0.0017786109	-0.2154394	0.43411555	-0.3714137	5.573231	0.19150066	-0.24451357	0.18253276	1.3132712	0.38059291
q_0.34	0.0017889167	-0.2154126	0.43413165	-0.37127682	5.5743757	0.1917167	-0.24445225	0.18253718	1.3144536	0.38066667
q_0.345	0.0019933577	-0.21536728	0.43425693	-0.37116207	5.5815468	0.1918854	-0.24435653	0.18255078	1.3159997	0.38083148
q_0.35	0.0026236436	-0.21528131	0.43462168	-0.37109583	5.6019369	0.19195022	-0.24418535	0.18258452	1.3183439	0.38119599
q_0.355	0.0031058314	-0.21517156	0.43490188	-0.37104059	5.6211505	0.19200963	-0.24402902	0.18260838	1.3205134	0.38148851
q_0.36	0.0032305406	-0.21500438	0.43497796	-0.37101186	5.6375241	0.19205596	-0.24390852	0.18260838	1.3222612	0.38160729
q_0.365	0.0033611438	-0.2148691	0.43503781	-0.37083149	5.6508512	0.19209857	-0.24371768	0.18261967	1.3235324	0.38178098
q_0.37	0.0035074645	-0.21481885	0.43505434	-0.37024674	5.6560543	0.19213126	-0.24333928	0.18266105	1.3235324	0.38210109
q_0.375	0.0036326154	-0.21476922	0.43513334	-0.36967067	5.6610504	0.19215919	-0.24301683	0.18270196	1.3238189	0.38243089
q_0.38	0.0036951039	-0.2147214	0.43539722	-0.36912028	5.6654335	0.19217307	-0.24286001	0.18274147	1.3249536	0.38278937
q_0.385	0.0037468502	-0.21466632	0.43565173	-0.3686554	5.6746524	0.19218381	-0.2427282	0.18277425	1.3260531	0.38315359
q_0.39	0.0037631007	-0.21458724	0.43587527	-0.36847312	5.6998507	0.19218419	-0.24267903	0.18278481	1.327036	0.38353681
q_0.395	0.003792942	-0.21451524	0.43605426	-0.36831654	5.7197038	0.19219114	-0.24263248	0.18279491	1.3279286	0.38383892
q_0.4	0.003873263	-0.21446957	0.43606776	-0.3682554	5.7197038	0.19222249	-0.24259567	0.18280336	1.3284856	0.38383976
q_0.405	0.0039537246	-0.21437662	0.4360982	-0.3681751	5.7245184	0.1922565	-0.24256403	0.1828108	1.3290929	0.38384328
q_0.41	0.0040347788	-0.21408455	0.43619989	-0.36801407	5.7496053	0.1923017	-0.24255412	0.18281402	1.329912	0.38385809
q_0.415	0.0041093198	-0.21383977	0.43643676	-0.36777456	5.7707814	0.19236209	-0.24253837	0.18283269	1.3308345	0.38390638
q_0.42	0.0041524451	-0.21382308	0.43732564	-0.3671565	5.7730938	0.19249582	-0.24249444	0.18292585	1.3322559	0.38411615
q_0.425	0.0041890362	-0.21380319	0.43808418	-0.36662961	5.7764606	0.19262789	-0.24242215	0.18301099	1.3335769	0.38429977
q_0.43	0.0041890362	-0.21376535	0.43811282	-0.36661332	5.7857318	0.19275067	-0.242191	0.18305118	1.334335	0.38433703
q_0.435	0.0042174044	-0.21372344	0.43819083	-0.36659643	5.7945733	0.1928821	-0.24193826	0.18308722	1.3351728	0.38438898
q_0.44	0.0044334388	-0.2136545	0.43859541	-0.36657567	5.8005725	0.1930707	-0.24154268	0.18309578	1.3365376	0.38453821
q_0.445	0.0046317989	-0.21357961	0.43899723	-0.36653827	5.8060444	0.19326475	-0.24118184	0.18311719	1.3378329	0.38469987
q_0.45	0.0046887639	-0.21345712	0.43937698	-0.36636781	5.8072976	0.19350236	-0.24109892	0.18324127	1.3385716	0.384961
q_0.455	0.0047456997	-0.21334577	0.43972221	-0.36620595	5.8088484	0.19372242	-0.24100564	0.18335536	1.3392918	0.38519873
q_0.46	0.0048023433	-0.21334577	0.43972221	-0.36613002	5.813376	0.19376697	-0.24080871	0.18336956	1.3398267	0.38520234
q_0.465	0.0048565569	-0.21334547	0.43972281	-0.36602978	5.8179862	0.19380894	-0.24061544	0.18338336	1.3403822	0.3852057
q_0.47	0.0048788349	-0.21334115	0.43973135	-0.36561005	5.8236822	0.19381701	-0.24047028	0.18339191	1.3412103	0.3852057
q_0.475	0.0049036181	-0.21333065	0.43973953	-0.36520456	5.829358	0.19382816	-0.24033122	0.18340003	1.3420246	0.38522722
q_0.48	0.0049755004	-0.21320383	0.43974109	-0.3650667	5.8346531	0.19389722	-0.24030677	0.18340003	1.3425815	0.38565337
q_0.485	0.0050457401	-0.21307644	0.43975791	-0.36492129	5.8398207	0.19396459	-0.24028149	0.18340159	1.3431275	0.38610157
q_0.49	0.0050634173	-0.21293092	0.44026283	-0.36453423	5.8409098	0.19397817	-0.24022994	0.1834532	1.3433258	0.38725552
q_0.495	0.0050815406	-0.21278585	0.44076769	-0.36415085	5.8420711	0.19399164	-0.24017863	0.18350432	1.3435273	0.38839867
q_0.5	0.0051433748	-0.21268506	0.44126639	-0.36412857	5.8503116	0.19399494	-0.24014972	0.18350789	1.3440564	0.38848249
q_0.505	0.0052052091	-0.21258426	0.44176509	-0.3641063	5.8585521	0.19399824	-0.24012081	0.18351147	1.3445855	0.38856631
q_0.51	0.0052129853	-0.21255252	0.44192562	-0.36345476	5.8697708	0.19416763	-0.23987354	0.18352252	1.3450181	0.3886669
q_0.515	0.00522021	-0.21252149	0.4420827	-0.3627968	5.8810199	0.19433873	-0.23962404	0.18353363	1.3454497	0.38876766
q_0.52	0.0052320166	-0.21247306	0.44223482	-0.3626123	5.8814146	0.19435975	-0.23961648	0.1835408	1.3461195	0.38904262
q_0.525	0.0052439665	-0.21242408	0.44238678	-0.36244259	5.8814701	0.19437609	-0.23961648	0.18354783	1.3467967	0.38932302
q_0.53	0.0055150676	-0.21240226	0.44301044	-0.36229495	5.8819073	0.19439236	-0.2390227	0.18358005	1.347592	0.38940605
q_0.535	0.0057999535	-0.21238188	0.44365919	-0.36214849	5.8823648	0.19440864	-0.23839733	0.1836136	1.3483936	0.38947859
q_0.54	0.0058261837	-0.21227172	0.44439641	-0.36210874	5.8836229	0.19443983	-0.23772165	0.18366259	1.3490543	0.39032981
q_0.545	0.0058327336	-0.21215474	0.44514037	-0.36207712	5.884942	0.19447216	-0.23704214	0.18371276	1.3497043	0.39124028
q_0.55	0.005837167	-0.2118866	0.4452715	-0.36088684	5.8850619	0.19466518	-0.23671537	0.18371865	1.3510647	0.39149824
q_0.555	0.0058413887	-0.21160334	0.44534136	-0.3595807	5.8850619	0.19487426	-0.23642388	0.18372012	1.3524962	0.39169095
q_0.56	0.0058418578	-0.21157081	0.44535261	-0.35943557	5.8860034	0.1949874	-0.23604989	0.18372028	1.3536107	0.39214917
q_0.565	0.0058418578	-0.21156961	0.44535653	-0.35943557	5.8870626	0.19508855	-0.23566559	0.18372028	1.3546856	0.39264057
q_0.57	0.0058448644	-0.21097741	0.44599108	-0.35942784	5.8877917	0.19511024	-0.23543897	0.18373758	1.3557097	0.3927582
q_0.575	0.0058483255	-0.21029588	0.44672095	-0.35941895	5.888471	0.19511991	-0.23523618	0.1837575	1.3567262	0.39281933
q_0.58	0.0059237577	-0.21019262	0.44691294	-0.35897374	5.8924138	0.19526258	-0.23506922	0.18380079	1.3570712	0.39307483
q_0.585	0.006012042	-0.21019262	0.44700889	-0.35845063	5.8969394	0.19542898	-0.23490866	0.18384824	1.3572963	0.39336505
q_0.59	0.0060394332	-0.21016542	0.44705319	-0.35835367	5.9013322	0.19548099	-0.23456239	0.18385644	1.3611712	0.39346581
q_0.595	0.0060542002	-0.21013257	0.44708678	-0.35834506	5.9056974	0.19550927	-0.23417762	0.1838565	1.3658028	0.39352731
q_0.6	0.0062819308	-0.20998625	0.44750955	-0.35822603	5.917817	0.19556059	-0.23384615	0.18386974	1.3684365	0.39379191
q_0.605	0.0065602403	-0.20981298	0.44802474	-0.35808078	5.9317782	0.19561738	-0.23352734	0.18388611	1.3705958	0.39410476
q_0.61	0.0067148694	-0.20971166	0.4482576	-0.35788873	5.9368843	0.19563126	-0.23345971	0.1839722	1.3718219	0.39445093
q_0.615	0.0068362001	-0.20962971	0.44841444	-0.35768408	5.9396064	0.19563357	-0.23345971	0.18407707	1.3727967	0.39480608
q_0.62	0.0068876829	-0.20961067	0.45085559	-0.35759514	5.9404135	0.19567654	-0.23342124	0.18415469	1.3733562	0.39488859
q_0.625	0.0069180275	-0.20961067	0.45398805	-0.35754121	5.9406411	0.19573182	-0.23337112	0.18422406	1.3737899	0.39488859
q_0.63	0.0069728108	-0.20954285	0.45520949	-0.35713231	5.9417343	0.19581796	-0.2333428	0.18430055	1.3747273	0.39493355
q_0.635	0.0070358504	-0.20945212	0.45578533	-0.35660348	5.94312	0.19591452	-0.23332185	0.18437944	1.375835	0.3949937
q_0.64	0.0072457892	-0.20917826	0.45661055	-0.35625468	5.9443894	0.19594412	-0.23312214	0.18442121	1.3762595	0.39506684
q_0.645	0.0075108152	-0.20883571	0.45752929	-0.35597337	5.9456153	0.19594861	-0.2328554	0.18444907	1.3764278	0.39514486
q_0.65	0.0075962367	-0.20873537	0.45785367	-0.35588629	5.9476125	0.19596514	-0.23259253	0.1845209	1.3772652	0.395307
q_0.655	0.0076072506	-0.20873537	0.45793181	-0.35587967	5.9499293	0.19598666	-0.23233127	0.18461094	1.3783797	0.39550399
q_0.66	0.0076173508	-0.20872897	0.4581094	-0.3558776	5.9548966	0.19599383	-0.23216576	0.18463955	1.3792863	0.39561875
q_0.665	0.0076270343	-0.20871965	0.45833232	-0.3558776	5.9610722	0.19599446	-0.23204389	0.18464014	1.3800982	0.39569602
q_0.67	0.007688007	-0.20871404	0.45867103	-0.35512858	5.9637611	0.19601265	-0.23196539	0.18466384	1.3806654	0.39587693
q_0.675	0.0077746241	-0.20871029	0.45906763	-0.35400506	5.9647068	0.19603963	-0.23190858	0.18469908	1.3811102	0.39610965
q_0.68	0.0079978622	-0.20861435	0.45963151	-0.35360785	5.9696674	0.1960967	-0.23167428	0.18472552	1.3817967	0.39619347
q_0.685	0.0082958149	-0.20846799	0.46028688	-0.35360785	5.9768237	0.19617021	-0.23134293	0.18474714	1.3826152	0.39619585
q_0.69	0.0084430843	-0.20840791	0.46053182	-0.35346434	5.979871	0.19620134	-0.23112489	0.18475617	1.3845014	0.39681833
q_0.695	0.0085004296	-0.20839932	0.46053182	-0.35323518	5.9804662	0.19620718	-0.23097448	0.18475768	1.3870248	0.39781086
q_0.7	0.0085938272	-0.20825359	0.46055948	-0.35256385	5.9807786	0.19629619	-0.23090326	0.18476	1.3888744	0.39844667
q_0.705	0.0087106587	-0.20801871	0.46060511	-0.35160513	5.980907	0.19643926	-0.23088351	0.18476283	1.3902861	0.3988506
q_0.71	0.0087785342	-0.20766431	0.4610283	-0.35105391	5.9820423	0.19664307	-0.23086911	0.18482589	1.3916475	0.39916344
q_0.715	0.0088118027	-0.2072254	0.46171837	-0.35079076	5.9838893	0.19688982	-0.23085848	0.18493152	1.3929735	0.39941189
q_0.72	0.0090166515	-0.20701782	0.4620412	-0.34888895	5.9856602	0.1969995	-0.23085387	0.18502641	1.3944089	0.39974551
q_0.725	0.0093532494	-0.20698784	0.46208203	-0.34572888	5.9873726	0.19700393	-0.23085387	0.18511305	1.3959283	0.40014452
q_0.73	0.0095618118	-0.2068362	0.46213948	-0.34425128	5.9894984	0.19717977	-0.23083323	0.18517655	1.3985694	0.40032589
q_0.735	0.0096636779	-0.20658317	0.46221079	-0.34417574	5.9919687	0.19749843	-0.23079539	0.18522076	1.4021453	0.40032589
q_0.74	0.009804463	-0.20641988	0.46227559	-0.34264561	5.9947345	0.19774722	-0.23077743	0.18524175	1.4048715	0.40042888
q_0.745	0.0099804248	-0.2063377	0.46233451	-0.33980076	5.9977675	0.19793284	-0.23077743	0.18524175	1.4068297	0.40062495
q_0.75	0.0100909	-0.20603026	0.46257928	-0.33714455	5.9997872	0.19802873	-0.23073741	0.18547897	1.4085366	0.40102267
q_0.755	0.0101372	-0.20550206	0.4630062	-0.33467319	6.000814	0.1980367	-0.23065818	0.18594866	1.4099973	0.40161803
q_0.76	0.010452078	-0.20509669	0.46349102	-0.33313528	6.0033714	0.19805636	-0.23055448	0.18624412	1.4156559	0.40192473
q_0.765	0.01105232	-0.20482184	0.46403739	-0.33258914	6.0075549	0.19808845	-0.23042479	0.18635445	1.4257747	0.40192473
q_0.77	0.011469949	-0.2045845	0.46443155	-0.33191971	6.0122549	0.19812015	-0.23027084	0.18662025	1.4313966	0.4021944
q_0.775	0.011677175	-0.20439036	0.46465034	-0.3311082	6.01755	0.19815143	-0.23008894	0.18706517	1.4318373	0.40277478
q_0.78	0.011798486	-0.20421942	0.46477682	-0.33064386	6.0214521	0.19828493	-0.22978936	0.18766434	1.4333445	0.40330704
q_0.785	0.011812402	-0.20407746	0.46478792	-0.33061349	6.0236126	0.19854622	-0.22934269	0.18845631	1.4361848	0.40377915
q_0.79	0.011824217	-0.20309568	0.46496157	-0.33041396	6.0277731	0.19869665	-0.22908552	0.18892482	1.4380075	0.40405097
q_0.795	0.011833181	-0.20097414	0.46535583	-0.32998485	6.0346476	0.19869665	-0.22908552	0.18895436	1.4384488	0.40405097
q_0.8	0.011838523	-0.1996368	0.46563646	-0.329419	6.0416974	0.19873322	-0.2290576	0.18901259	1.4387303	0.40405919
q_0.805	0.011838523	-0.19945616	0.46574949	-0.32865145	6.049006	0.19882374	-0.22898851	0.18911314	1.4387759	0.40407953
q_0.81	0.011878941	-0.19933189	0.46582293	-0.3280944	6.055295	0.19891676	-0.22891004	0.18921056	1.4394072	0.40425475
q_0.815	0.01198424	-0.19929809	0.46583279	-0.32787528	6.0599474	0.19901382	-0.2288165	0.18930299	1.4409786	0.40467857
q_0.82	0.012066177	-0.19919582	0.46588965	-0.32773526	6.0633647	0.19907558	-0.22862146	0.1894675	1.4421537	0.40505289
q_0.825	0.01210723	-0.19897373	0.46602874	-0.32773368	6.0646207	0.19907558	-0.22824881	0.18975816	1.4426353	0.40534058
q_0.83	0.012167648	-0.1987385	0.46612471	-0.32755277	6.0783774	0.19914464	-0.22788651	0.18996982	1.442993	0.40557939
q_0.835	0.012265087	-0.19847812	0.46613823	-0.32702905	6.1160326	0.19934574	-0.22754401	0.19003046	1.4431138	0.40572473
q_0.84	0.012348421	-0.19824281	0.46615566	-0.32625479	6.1422399	0.19948678	-0.22721982	0.19010677	1.4432607	0.40583785
q_0.845	0.012402223	-0.19805996	0.46618125	-0.32495597	6.1444781	0.19950205	-0.22693397	0.1902159	1.4434625	0.40588348
q_0.85	0.012471658	-0.19787053	0.46620042	-0.32385817	6.1485864	0.19958538	-0.2263337	0.19038177	1.4437909	0.40607834
q_0.855	0.012577049	-0.19766594	0.46620486	-0.32322271	6.1569958	0.19982522	-0.22501025	0.19067816	1.4444107	0.40661639
q_0.86	0.012904035	-0.19747022	0.46620804	-0.32235998	6.1754704	0.20004736	-0.22376826	0.1909149	1.4451089	0.40764923
q_0.865	0.013792922	-0.19729698	0.46620804	-0.32092097	6.2194676	0.20022459	-0.22273282	0.1910004	1.4460058	0.40993675
q_0.87	0.014458673	-0.19711601	0.46632305	-0.31943632	6.2523091	0.20038571	-0.22192414	0.19110233	1.4467162	0.4116708
q_0.875	0.014497932	-0.19691334	0.466761	-0.31782358	6.2538292	0.20050159	-0.22175217	0.19125036	1.4469033	0.41185092
q_0.88	0.014532796	-0.19675128	0.46709277	-0.31653837	6.2555953	0.2006154	-0.22158441	0.19137308	1.4471059	0.41229695
q_0.885	0.01455393	-0.19671612	0.46709277	-0.31627668	6.2581305	0.20072274	-0.22142983	0.19141673	1.4473574	0.4135739
q_0.89	0.014649639	-0.19663079	0.46715087	-0.31603127	6.2620261	0.20087871	-0.22120454	0.19147323	1.4480614	0.41468919
q_0.895	0.015006365	-0.19636986	0.46741232	-0.31584285	6.270683	0.20120489	-0.22073176	0.19157473	1.4503496	0.41523865
q_0.9	0.015381839	-0.19609828	0.46772042	-0.31480622	6.2791689	0.20152985	-0.22031649	0.19168912	1.4525212	0.4156966
q_0.905	0.015831368	-0.19578465	0.46821283	-0.31041918	6.2869796	0.20184999	-0.22012834	0.19185447	1.4542325	0.41579309
q_0.91	0.016210988	-0.195455	0.46861879	-0.30668441	6.2946165	0.20217547	-0.21992829	0.19205979	1.4557083	0.41587415
q_0.915	0.016276016	-0.19505321	0.46863575	-0.30588479	6.3014712	0.20252496	-0.21967468	0.19244493	1.4561244	0.41588573
q_0.92	0.016382956	-0.19470915	0.46865981	-0.30518518	6.3077626	0.20284761	-0.21936816	0.19277302	1.456697	0.41593669
q_0.925	0.016707309	-0.19466454	0.46872065	-0.30500434	6.3111314	0.20303105	-0.21878718	0.19280512	1.4580817	0.4161919
q_0.93	0.016993958	-0.19456741	0.46885707	-0.30465042	6.3153055	0.20324449	-0.21821912	0.19284116	1.459277	0.41656514
q_0.935	0.017051692	-0.19415147	0.46945232	-0.30324568	6.3243687	0.20364001	-0.21772959	0.19290102	1.4593221	0.41765507
q_0.94	0.017107397	-0.19377265	0.46997542	-0.30192346	6.3331693	0.20401393	-0.21728604	0.19295961	1.4594646	0.41861634
q_0.945	0.017148398	-0.19366297	0.46997542	-0.30119951	6.3400656	0.20423127	-0.21717592	0.19300895	1.4603124	0.41864484
q_0.95	0.017188675	-0.19346445	0.47000898	-0.30032957	6.3469102	0.20442666	-0.21707692	0.19306789	1.4610818	0.41871818
q_0.955	0.017222512	-0.19247515	0.4703412	-0.29816026	6.3532943	0.20442666	-0.21707692	0.19321218	1.4611525	0.41919074
q_0.96	0.017267858	-0.19152592	0.47067015	-0.29612476	6.3594112	0.20443364	-0.21706074	0.19337228	1.4612374	0.41968225
q_0.965	0.01744413	-0.19103248	0.47096183	-0.29561138	6.3624883	0.20451997	-0.21686049	0.19371218	1.4614818	0.42038936
q_0.97	0.017664707	-0.19052208	0.47127348	-0.29511468	6.3659442	0.20461468	-0.21666646	0.19404201	1.4618565	0.4210959
q_0.975	0.018572007	-0.18974868	0.47189457	-0.2948766	6.3752711	0.2048392	-0.21656886	0.19421554	1.4642508	0.42179361
q_0.98	0.01945117	-0.1889739	0.47249651	-0.29460729	6.3842551	0.20506573	-0.21637838	0.19439202	1.4667021	0.42249493
q_0.985	0.019662095	-0.18816606	0.47264353	-0.29359637	6.3850935	0.20533997	-0.2139823	0.19463843	1.4705076	0.42328207
q_0.99	0.019868758	-0.18736993	0.47280622	-0.29251839	6.3863195	0.2056219	-0.21162994	0.19488451	1.4744685	0.42410225
q_0.995	0.019868758	-0.18714166	0.47372908	-0.28818741	6.4063471	0.20627752	-0.21139776	0.19511412	1.4859657	0.42652463
q_1	0.019868758	-0.1869134	0.47465194	-0.28385643	6.4263747	0.20693314	-0.21116559	0.19534374	1.4974629	0.42894701
