  icode   ic inum1 inum2 inum3   subed  recmonps reccnstps  flow(m^3)   sed(t)      orgn(kg)    orgp(kg)    nitrate(kg) sol.p(kg)   sol.pst(mg) sor.pst(mg)
       1        1        1        0        0        0                         0.6007E+08  0.5553E+06  0.9594E+06  0.3310E+06  0.3071E+05  0.8121E+03  0.0000E+00  0.0000E+00
       1        2        2        0        0        0                         0.4645E+08  0.4148E+06  0.4595E+06  0.1614E+06  0.3231E+05  0.2103E+03  0.0000E+00  0.0000E+00
       1        3        3        0        0        0                         0.6191E+08  0.9773E+06  0.1234E+07  0.4391E+06  0.3926E+05  0.7066E+03  0.0000E+00  0.0000E+00
       1        4        4        0        0        0                         0.4144E+08  0.5439E+06  0.7556E+06  0.2624E+06  0.2161E+05  0.5388E+03  0.0000E+00  0.0000E+00
       1        5        5        0        0        0                         0.1444E+09  0.1199E+07  0.2416E+07  0.8269E+06  0.7296E+05  0.2246E+04  0.0000E+00  0.0000E+00
       1        6        6        0        0        0                         0.6364E+08  0.8786E+06  0.1345E+07  0.4725E+06  0.3278E+05  0.1043E+04  0.0000E+00  0.0000E+00
       1        7        7        0        0        0                         0.1355E+09  0.8795E+06  0.2451E+07  0.8495E+06  0.4415E+05  0.3124E+04  0.0000E+00  0.0000E+00
       1        8        8        0        0        0                         0.3606E+09  0.6509E+07  0.1044E+08  0.3571E+07  0.1497E+06  0.6003E+04  0.0000E+00  0.0000E+00
       1        9        9        0        0        0                         0.1202E+09  0.3098E+06  0.7852E+06  0.2554E+06  0.1180E+06  0.1782E+04  0.0000E+00  0.0000E+00
       1       10       10        0        0        0                         0.8432E+08  0.7666E+06  0.1509E+07  0.5058E+06  0.4622E+05  0.1770E+04  0.0000E+00  0.0000E+00
       1       11       11        0        0        0                         0.7536E+09  0.4222E+07  0.9425E+07  0.3261E+07  0.2373E+06  0.1548E+05  0.0000E+00  0.0000E+00
       1       12       12        0        0        0                         0.3115E+09  0.5822E+06  0.2539E+07  0.8042E+06  0.9906E+05  0.7453E+04  0.0000E+00  0.0000E+00
       1       13       13        0        0        0                         0.6065E+09  0.2912E+07  0.7110E+07  0.2445E+07  0.1948E+06  0.1189E+05  0.0000E+00  0.0000E+00
       1       14       14        0        0        0                         0.9293E+09  0.2143E+07  0.8153E+07  0.2654E+07  0.3477E+06  0.2129E+05  0.0000E+00  0.0000E+00
       1       15       15        0        0        0                         0.1391E+09  0.5161E+06  0.1158E+07  0.3993E+06  0.4397E+05  0.2837E+04  0.0000E+00  0.0000E+00
       1       16       16        0        0        0                         0.2778E+09  0.6355E+06  0.1708E+07  0.6288E+06  0.8795E+05  0.6322E+04  0.0000E+00  0.0000E+00
       1       17       17        0        0        0                         0.5308E+09  0.9157E+06  0.3523E+07  0.1198E+07  0.1764E+06  0.1237E+05  0.0000E+00  0.0000E+00
       1       18       18        0        0        0                         0.2849E+09  0.2663E+06  0.1040E+07  0.3998E+06  0.1072E+06  0.7060E+04  0.0000E+00  0.0000E+00
       1       19       19        0        0        0                         0.4131E+09  0.1387E+07  0.3405E+07  0.1138E+07  0.1571E+06  0.8217E+04  0.0000E+00  0.0000E+00
       1       20       20        0        0        0                         0.3643E+09  0.1180E+07  0.3024E+07  0.1023E+07  0.1461E+06  0.7031E+04  0.0000E+00  0.0000E+00
       2       21        1        1        1        0                         0.5069E+08  0.5553E+06  0.8860E+06  0.3035E+06  0.1835E+05  0.2253E+04  0.0000E+00  0.0000E+00
       5       22        4       21        0        0                         0.9213E+08  0.1099E+07  0.1642E+07  0.5659E+06  0.3996E+05  0.2792E+04  0.0000E+00  0.0000E+00
       2       23        4       22        4        0                         0.6667E+08  0.2774E+05  0.7213E+06  0.2246E+06  0.2749E+05  0.6506E+04  0.0000E+00  0.0000E+00
       5       24        3       23        0        0                         0.1286E+09  0.1005E+07  0.1955E+07  0.6637E+06  0.6675E+05  0.7212E+04  0.0000E+00  0.0000E+00
       2       25        5        5        5        0                         0.9470E+08  0.5672E+06  0.4842E+06  0.1470E+06  0.4744E+05  0.3112E+04  0.0000E+00  0.0000E+00
       5       26       24       25        0        0                         0.2233E+09  0.1572E+07  0.2439E+07  0.8108E+06  0.1142E+06  0.1032E+05  0.0000E+00  0.0000E+00
       2       27        6        6        6        0                         0.4015E+08  0.4530E+06  0.2263E+06  0.7113E+05  0.2125E+05  0.9449E+03  0.0000E+00  0.0000E+00
       5       28       26       27        0        0                         0.2634E+09  0.2025E+07  0.2665E+07  0.8819E+06  0.1354E+06  0.1127E+05  0.0000E+00  0.0000E+00
       2       29        9        9        9        0                         0.5598E+08  0.2772E+06  0.2069E+05  0.6153E+04  0.7916E+05  0.2454E+03  0.0000E+00  0.0000E+00
       5       30        7       29        0        0                         0.1915E+09  0.1157E+07  0.2472E+07  0.8557E+06  0.1233E+06  0.3370E+04  0.0000E+00  0.0000E+00
       2       31       11       11       11        0                         0.6520E+09  0.2678E+07  0.4824E+07  0.1459E+07  0.2576E+06  0.6461E+05  0.0000E+00  0.0000E+00
       5       32       10       31        0        0                         0.7363E+09  0.3444E+07  0.6333E+07  0.1964E+07  0.3039E+06  0.6638E+05  0.0000E+00  0.0000E+00
       2       33       12       12       12        0                         0.2884E+09  0.4007E+06  0.1593E+07  0.4457E+06  0.1164E+06  0.4069E+05  0.0000E+00  0.0000E+00
       5       34       32       33        0        0                         0.1025E+10  0.3845E+07  0.7926E+07  0.2410E+07  0.4203E+06  0.1071E+06  0.0000E+00  0.0000E+00
       2       35       14       14       14        0                         0.7295E+09  0.8128E+06  0.1821E+07  0.5036E+06  0.5312E+06  0.9978E+05  0.0000E+00  0.0000E+00
       5       36       13       35        0        0                         0.1336E+10  0.3725E+07  0.8931E+07  0.2948E+07  0.7260E+06  0.1117E+06  0.0000E+00  0.0000E+00
       2       37       16       16       16        0                         0.2510E+09  0.4548E+06  0.1005E+07  0.3283E+06  0.9796E+05  0.2457E+05  0.0000E+00  0.0000E+00
       5       38       15       37        0        0                         0.3901E+09  0.9708E+06  0.2162E+07  0.7276E+06  0.1419E+06  0.2741E+05  0.0000E+00  0.0000E+00
       2       39       17       17       17        0                         0.4673E+09  0.5437E+06  0.1958E+07  0.5859E+06  0.2177E+06  0.6993E+05  0.0000E+00  0.0000E+00
       5       40       38       39        0        0                         0.8574E+09  0.1514E+07  0.4121E+07  0.1314E+07  0.3596E+06  0.9734E+05  0.0000E+00  0.0000E+00
       2       41       15       40       15        0                         0.6766E+09  0.3444E+04  0.1684E+07  0.4534E+06  0.3670E+06  0.2041E+06  0.0000E+00  0.0000E+00
       5       42       36       41        0        0                         0.2013E+10  0.3729E+07  0.1062E+08  0.3402E+07  0.1093E+07  0.3158E+06  0.0000E+00  0.0000E+00
       2       43       19       19       19        0                         0.3638E+09  0.9763E+06  0.2015E+07  0.6061E+06  0.1483E+06  0.3422E+05  0.0000E+00  0.0000E+00
       5       44       18       43        0        0                         0.6487E+09  0.1243E+07  0.3055E+07  0.1006E+07  0.2555E+06  0.4128E+05  0.0000E+00  0.0000E+00
       2       45       20       20       20        0                         0.3039E+09  0.5689E+06  0.1385E+07  0.4147E+06  0.1724E+06  0.3983E+05  0.0000E+00  0.0000E+00
       5       46       44       45        0        0                         0.9526E+09  0.1812E+07  0.4440E+07  0.1421E+07  0.4279E+06  0.8111E+05  0.0000E+00  0.0000E+00
       2       47       18       46       18        0                         0.7426E+09  0.4442E+04  0.1382E+07  0.3761E+06  0.4500E+06  0.1827E+06  0.0000E+00  0.0000E+00
       5       48       42       47        0        0                         0.2755E+10  0.3733E+07  0.1200E+08  0.3778E+07  0.1543E+07  0.4985E+06  0.0000E+00  0.0000E+00
       2       49       13       48       13        0                         0.1998E+10  0.1166E+05  0.4449E+07  0.1173E+07  0.1134E+07  0.7286E+06  0.0000E+00  0.0000E+00
       5       50       34       49        0        0                         0.3023E+10  0.3857E+07  0.1237E+08  0.3583E+07  0.1555E+07  0.8356E+06  0.0000E+00  0.0000E+00
       2       51       10       50       10        0                         0.2042E+10  0.1492E+05  0.3979E+07  0.9554E+06  0.1206E+07  0.9141E+06  0.0000E+00  0.0000E+00
       5       52        8       51        0        0                         0.2402E+10  0.6524E+07  0.1442E+08  0.4527E+07  0.1355E+07  0.9201E+06  0.0000E+00  0.0000E+00
       2       53        8       52        8        0                         0.1510E+10  0.1126E+05  0.3312E+07  0.8440E+06  0.1055E+07  0.7372E+06  0.0000E+00  0.0000E+00
       5       54       30       53        0        0                         0.1701E+10  0.1168E+07  0.5784E+07  0.1700E+07  0.1178E+07  0.7406E+06  0.0000E+00  0.0000E+00
       2       55        7       54        7        0                         0.1047E+10  0.5757E+04  0.1910E+07  0.4476E+06  0.8813E+06  0.6678E+06  0.0000E+00  0.0000E+00
       5       56       28       55        0        0                         0.1310E+10  0.2031E+07  0.4575E+07  0.1329E+07  0.1017E+07  0.6791E+06  0.0000E+00  0.0000E+00
       2       57        3       56        3        0                         0.8047E+09  0.4553E+04  0.1452E+07  0.3426E+06  0.7731E+06  0.5466E+06  0.0000E+00  0.0000E+00
       5       58        2       57        0        0                         0.8511E+09  0.4193E+06  0.1912E+07  0.5041E+06  0.8054E+06  0.5468E+06  0.0000E+00  0.0000E+00
       2       59        2       58        2        0                         0.5140E+09  0.3539E+04  0.5066E+06  0.9616E+05  0.6102E+06  0.3940E+06  0.0000E+00  0.0000E+00
      14       59        1        0        0        0                         0.5140E+09  0.3539E+04  0.5066E+06  0.9616E+05  0.6102E+06  0.3940E+06  0.0000E+00  0.0000E+00
