1   FLOW_OUT_1_1990    0.091540
2   FLOW_OUT_2_1990    2.676000
3   FLOW_OUT_3_1990    0.095100
4   FLOW_OUT_4_1990    0.205900
5   FLOW_OUT_5_1990    0.095860
6   FLOW_OUT_6_1990    0.045860
7   FLOW_OUT_7_1990    0.023060
8   FLOW_OUT_8_1990    0.011550
9   FLOW_OUT_9_1990    0.006699
10   FLOW_OUT_10_1990    0.014570
11   FLOW_OUT_11_1990    0.026320
12   FLOW_OUT_12_1990    0.038690
13   FLOW_OUT_1_1991    0.037140
14   FLOW_OUT_2_1991    0.032220
15   FLOW_OUT_3_1991    0.154900
16   FLOW_OUT_4_1991    0.497200
17   FLOW_OUT_5_1991    0.145500
18   FLOW_OUT_6_1991    0.076480
19   FLOW_OUT_7_1991    0.034790
20   FLOW_OUT_8_1991    0.016970
21   FLOW_OUT_9_1991    0.009271
22   FLOW_OUT_10_1991    0.022470
23   FLOW_OUT_11_1991    0.027220
24   FLOW_OUT_12_1991    0.135600
25   FLOW_OUT_1_1992    0.527900
26   FLOW_OUT_2_1992    1.502000
27   FLOW_OUT_3_1992    0.079090
28   FLOW_OUT_4_1992    0.132700
29   FLOW_OUT_5_1992    0.101000
30   FLOW_OUT_6_1992    0.071870
31   FLOW_OUT_7_1992    0.035460
32   FLOW_OUT_8_1992    0.018330
33   FLOW_OUT_9_1992    0.011400
34   FLOW_OUT_10_1992    0.007420
35   FLOW_OUT_11_1992    0.013850
36   FLOW_OUT_12_1992    0.047970
37   FLOW_OUT_1_1993    0.026220
38   FLOW_OUT_2_1993    0.030040
39   FLOW_OUT_3_1993    0.132900
40   FLOW_OUT_4_1993    0.112400
41   FLOW_OUT_5_1993    0.137100
42   FLOW_OUT_6_1993    0.102600
43   FLOW_OUT_7_1993    0.047010
44   FLOW_OUT_8_1993    0.023820
45   FLOW_OUT_9_1993    0.013960
46   FLOW_OUT_10_1993    0.011480
47   FLOW_OUT_11_1993    0.177500
48   FLOW_OUT_12_1993    0.199000
49   FLOW_OUT_1_1994    0.525000
50   FLOW_OUT_2_1994    0.110800
51   FLOW_OUT_3_1994    0.113400
52   FLOW_OUT_4_1994    0.108400
53   FLOW_OUT_5_1994    0.088250
54   FLOW_OUT_6_1994    0.045020
55   FLOW_OUT_7_1994    0.022430
56   FLOW_OUT_8_1994    0.012610
57   FLOW_OUT_9_1994    0.008338
58   FLOW_OUT_10_1994    0.018470
59   FLOW_OUT_11_1994    0.156100
60   FLOW_OUT_12_1994    0.102800
61   FLOW_OUT_1_1995    0.061410
62   FLOW_OUT_2_1995    0.051100
63   FLOW_OUT_3_1995    0.038790
64   FLOW_OUT_4_1995    0.063430
65   FLOW_OUT_5_1995    0.082320
66   FLOW_OUT_6_1995    0.042770
67   FLOW_OUT_7_1995    0.024000
68   FLOW_OUT_8_1995    0.012280
69   FLOW_OUT_9_1995    0.011400
70   FLOW_OUT_10_1995    0.014940
71   FLOW_OUT_11_1995    0.008129
72   FLOW_OUT_12_1995    0.005260
73   FLOW_OUT_1_1996    0.027910
74   FLOW_OUT_2_1996    0.017650
75   FLOW_OUT_3_1996    0.092520
76   FLOW_OUT_4_1996    0.127500
77   FLOW_OUT_5_1996    0.101600
78   FLOW_OUT_6_1996    0.053180
79   FLOW_OUT_7_1996    0.024160
80   FLOW_OUT_8_1996    0.011790
81   FLOW_OUT_9_1996    0.009873
82   FLOW_OUT_10_1996    0.022850
83   FLOW_OUT_11_1996    0.037230
84   FLOW_OUT_12_1996    0.032660
85   FLOW_OUT_1_1997    0.022090
86   FLOW_OUT_2_1997    0.218300
87   FLOW_OUT_3_1997    0.050350
88   FLOW_OUT_4_1997    0.035840
89   FLOW_OUT_5_1997    0.055070
90   FLOW_OUT_6_1997    0.072970
91   FLOW_OUT_7_1997    0.088870
92   FLOW_OUT_8_1997    0.042590
93   FLOW_OUT_9_1997    0.021080
94   FLOW_OUT_10_1997    0.011470
95   FLOW_OUT_11_1997    0.079510
96   FLOW_OUT_12_1997    0.056900
97   FLOW_OUT_1_1998    0.028010
98   FLOW_OUT_2_1998    0.998900
99   FLOW_OUT_3_1998    0.411800
100   FLOW_OUT_4_1998    0.105600
101   FLOW_OUT_5_1998    0.090900
102   FLOW_OUT_6_1998    0.063120
103   FLOW_OUT_7_1998    0.036870
104   FLOW_OUT_8_1998    0.031400
105   FLOW_OUT_9_1998    0.016020
106   FLOW_OUT_10_1998    0.013720
107   FLOW_OUT_11_1998    0.022100
108   FLOW_OUT_12_1998    0.017030
109   FLOW_OUT_1_1999    0.053960
110   FLOW_OUT_2_1999    0.039890
111   FLOW_OUT_3_1999    0.024790
112   FLOW_OUT_4_1999    0.036970
113   FLOW_OUT_5_1999    0.031580
114   FLOW_OUT_6_1999    0.017420
115   FLOW_OUT_7_1999    0.011770
116   FLOW_OUT_8_1999    0.012190
117   FLOW_OUT_9_1999    0.007434
118   FLOW_OUT_10_1999    0.006214
119   FLOW_OUT_11_1999    0.046300
120   FLOW_OUT_12_1999    0.030290
121   FLOW_OUT_1_2000    0.036030
122   FLOW_OUT_2_2000    0.019660
123   FLOW_OUT_3_2000    0.080540
124   FLOW_OUT_4_2000    0.148700
125   FLOW_OUT_5_2000    0.092920
126   FLOW_OUT_6_2000    0.052350
127   FLOW_OUT_7_2000    0.023720
128   FLOW_OUT_8_2000    0.011330
129   FLOW_OUT_9_2000    0.006571
130   FLOW_OUT_10_2000    0.015880
131   FLOW_OUT_11_2000    0.048660
132   FLOW_OUT_12_2000    0.061940
133   FLOW_OUT_1_2001    0.076330
134   FLOW_OUT_2_2001    0.035700
135   FLOW_OUT_3_2001    0.037030
136   FLOW_OUT_4_2001    0.044740
137   FLOW_OUT_5_2001    0.047780
138   FLOW_OUT_6_2001    0.022640
139   FLOW_OUT_7_2001    0.010830
140   FLOW_OUT_8_2001    0.005750
141   FLOW_OUT_9_2001    0.004971
1   FLOW_OUT_1_1990    1.121000
2   FLOW_OUT_2_1990    12.740000
3   FLOW_OUT_3_1990    1.293000
4   FLOW_OUT_4_1990    1.401000
5   FLOW_OUT_5_1990    1.320000
6   FLOW_OUT_6_1990    1.271000
7   FLOW_OUT_7_1990    1.247000
8   FLOW_OUT_8_1990    1.234000
9   FLOW_OUT_9_1990    1.228000
10   FLOW_OUT_10_1990    1.237000
11   FLOW_OUT_11_1990    1.253000
12   FLOW_OUT_12_1990    1.270000
13   FLOW_OUT_1_1991    1.274000
14   FLOW_OUT_2_1991    1.274000
15   FLOW_OUT_3_1991    1.409000
16   FLOW_OUT_4_1991    1.720000
17   FLOW_OUT_5_1991    1.461000
18   FLOW_OUT_6_1991    1.396000
19   FLOW_OUT_7_1991    1.355000
20   FLOW_OUT_8_1991    1.336000
21   FLOW_OUT_9_1991    1.328000
22   FLOW_OUT_10_1991    1.344000
23   FLOW_OUT_11_1991    1.353000
24   FLOW_OUT_12_1991    1.474000
25   FLOW_OUT_1_1992    1.869000
26   FLOW_OUT_2_1992    4.703000
27   FLOW_OUT_3_1992    1.720000
28   FLOW_OUT_4_1992    1.770000
29   FLOW_OUT_5_1992    1.770000
30   FLOW_OUT_6_1992    1.748000
31   FLOW_OUT_7_1992    1.716000
32   FLOW_OUT_8_1992    1.702000
33   FLOW_OUT_9_1992    1.698000
34   FLOW_OUT_10_1992    1.699000
35   FLOW_OUT_11_1992    1.711000
36   FLOW_OUT_12_1992    1.756000
37   FLOW_OUT_1_1993    1.742000
38   FLOW_OUT_2_1993    1.754000
39   FLOW_OUT_3_1993    1.873000
40   FLOW_OUT_4_1993    1.866000
41   FLOW_OUT_5_1993    1.905000
42   FLOW_OUT_6_1993    1.880000
43   FLOW_OUT_7_1993    1.828000
44   FLOW_OUT_8_1993    1.808000
45   FLOW_OUT_9_1993    1.801000
46   FLOW_OUT_10_1993    1.803000
47   FLOW_OUT_11_1993    1.989000
48   FLOW_OUT_12_1993    2.031000
49   FLOW_OUT_1_1994    2.599000
50   FLOW_OUT_2_1994    2.016000
51   FLOW_OUT_3_1994    2.046000
52   FLOW_OUT_4_1994    2.061000
53   FLOW_OUT_5_1994    2.051000
54   FLOW_OUT_6_1994    2.012000
55   FLOW_OUT_7_1994    1.994000
56   FLOW_OUT_8_1994    1.987000
57   FLOW_OUT_9_1994    1.987000
58   FLOW_OUT_10_1994    2.004000
59   FLOW_OUT_11_1994    2.163000
60   FLOW_OUT_12_1994    2.134000
61   FLOW_OUT_1_1995    2.106000
62   FLOW_OUT_2_1995    2.108000
63   FLOW_OUT_3_1995    2.107000
64   FLOW_OUT_4_1995    2.144000
65   FLOW_OUT_5_1995    2.178000
66   FLOW_OUT_6_1995    2.147000
67   FLOW_OUT_7_1995    2.135000
68   FLOW_OUT_8_1995    2.130000
69   FLOW_OUT_9_1995    2.137000
70   FLOW_OUT_10_1995    2.150000
71   FLOW_OUT_11_1995    2.153000
72   FLOW_OUT_12_1995    2.161000
73   FLOW_OUT_1_1996    2.197000
74   FLOW_OUT_2_1996    2.198000
75   FLOW_OUT_3_1996    2.290000
76   FLOW_OUT_4_1996    2.349000
77   FLOW_OUT_5_1996    2.344000
78   FLOW_OUT_6_1996    2.307000
79   FLOW_OUT_7_1996    2.287000
80   FLOW_OUT_8_1996    2.283000
81   FLOW_OUT_9_1996    2.290000
82   FLOW_OUT_10_1996    2.315000
83   FLOW_OUT_11_1996    2.344000
84   FLOW_OUT_12_1996    2.353000
85   FLOW_OUT_1_1997    2.356000
86   FLOW_OUT_2_1997    2.609000
87   FLOW_OUT_3_1997    2.434000
88   FLOW_OUT_4_1997    2.433000
89   FLOW_OUT_5_1997    2.465000
90   FLOW_OUT_6_1997    2.497000
91   FLOW_OUT_7_1997    2.527000
92   FLOW_OUT_8_1997    2.490000
93   FLOW_OUT_9_1997    2.478000
94   FLOW_OUT_10_1997    2.478000
95   FLOW_OUT_11_1997    2.564000
96   FLOW_OUT_12_1997    2.556000
97   FLOW_OUT_1_1998    2.540000
98   FLOW_OUT_2_1998    8.950000
99   FLOW_OUT_3_1998    3.045000
100   FLOW_OUT_4_1998    2.833000
101   FLOW_OUT_5_1998    2.834000
102   FLOW_OUT_6_1998    2.819000
103   FLOW_OUT_7_1998    2.803000
104   FLOW_OUT_8_1998    2.808000
105   FLOW_OUT_9_1998    2.802000
106   FLOW_OUT_10_1998    2.810000
107   FLOW_OUT_11_1998    2.831000
108   FLOW_OUT_12_1998    2.839000
109   FLOW_OUT_1_1999    2.892000
110   FLOW_OUT_2_1999    2.893000
111   FLOW_OUT_3_1999    2.889000
112   FLOW_OUT_4_1999    2.914000
113   FLOW_OUT_5_1999    2.920000
114   FLOW_OUT_6_1999    2.914000
115   FLOW_OUT_7_1999    2.916000
116   FLOW_OUT_8_1999    2.925000
117   FLOW_OUT_9_1999    2.929000
118   FLOW_OUT_10_1999    2.937000
119   FLOW_OUT_11_1999    2.992000
120   FLOW_OUT_12_1999    2.989000
121   FLOW_OUT_1_2000    3.009000
122   FLOW_OUT_2_2000    3.005000
123   FLOW_OUT_3_2000    3.078000
124   FLOW_OUT_4_2000    3.173000
125   FLOW_OUT_5_2000    3.131000
126   FLOW_OUT_6_2000    3.101000
127   FLOW_OUT_7_2000    3.080000
128   FLOW_OUT_8_2000    3.075000
129   FLOW_OUT_9_2000    3.078000
130   FLOW_OUT_10_2000    3.097000
131   FLOW_OUT_11_2000    3.144000
132   FLOW_OUT_12_2000    3.173000
133   FLOW_OUT_1_2001    3.204000
134   FLOW_OUT_2_2001    3.176000
135   FLOW_OUT_3_2001    3.189000
136   FLOW_OUT_4_2001    3.208000
137   FLOW_OUT_5_2001    3.223000
138   FLOW_OUT_6_2001    3.205000
139   FLOW_OUT_7_2001    3.199000
140   FLOW_OUT_8_2001    3.200000
141   FLOW_OUT_9_2001    3.207000
11   FLOW_OUT_11_1990    1.493000
12   FLOW_OUT_12_1990    1.494000
13   FLOW_OUT_1_1991    1.496000
14   FLOW_OUT_2_1991    1.650000
15   FLOW_OUT_3_1991    2.236000
16   FLOW_OUT_4_1991    2.411000
17   FLOW_OUT_5_1991    1.642000
18   FLOW_OUT_6_1991    1.645000
19   FLOW_OUT_7_1991    1.642000
20   FLOW_OUT_8_1991    1.637000
21   FLOW_OUT_9_1991    1.633000
22   FLOW_OUT_10_1991    1.632000
23   FLOW_OUT_11_1991    1.635000
24   FLOW_OUT_12_1991    1.644000
25   FLOW_OUT_1_1992    3.417000
26   FLOW_OUT_2_1992    13.120000
27   FLOW_OUT_3_1992    3.121000
28   FLOW_OUT_4_1992    2.332000
29   FLOW_OUT_5_1992    2.239000
30   FLOW_OUT_6_1992    2.247000
31   FLOW_OUT_7_1992    2.248000
32   FLOW_OUT_8_1992    2.248000
33   FLOW_OUT_9_1992    2.248000
34   FLOW_OUT_10_1992    2.249000
35   FLOW_OUT_11_1992    2.251000
36   FLOW_OUT_12_1992    2.258000
37   FLOW_OUT_1_1993    2.265000
38   FLOW_OUT_2_1993    2.273000
39   FLOW_OUT_3_1993    2.289000
40   FLOW_OUT_4_1993    2.302000
41   FLOW_OUT_5_1993    2.315000
42   FLOW_OUT_6_1993    2.325000
43   FLOW_OUT_7_1993    2.328000
44   FLOW_OUT_8_1993    2.330000
45   FLOW_OUT_9_1993    2.333000
46   FLOW_OUT_10_1993    2.336000
47   FLOW_OUT_11_1993    2.355000
48   FLOW_OUT_12_1993    2.735000
49   FLOW_OUT_1_1994    3.009000
50   FLOW_OUT_2_1994    2.982000
51   FLOW_OUT_3_1994    2.663000
52   FLOW_OUT_4_1994    2.658000
53   FLOW_OUT_5_1994    2.669000
54   FLOW_OUT_6_1994    2.676000
55   FLOW_OUT_7_1994    2.679000
56   FLOW_OUT_8_1994    2.680000
57   FLOW_OUT_9_1994    2.683000
58   FLOW_OUT_10_1994    2.688000
59   FLOW_OUT_11_1994    3.530000
60   FLOW_OUT_12_1994    2.897000
61   FLOW_OUT_1_1995    2.911000
62   FLOW_OUT_2_1995    2.923000
63   FLOW_OUT_3_1995    2.933000
64   FLOW_OUT_4_1995    2.944000
65   FLOW_OUT_5_1995    2.977000
66   FLOW_OUT_6_1995    2.994000
67   FLOW_OUT_7_1995    3.001000
68   FLOW_OUT_8_1995    3.006000
69   FLOW_OUT_9_1995    3.011000
70   FLOW_OUT_10_1995    3.018000
71   FLOW_OUT_11_1995    3.026000
72   FLOW_OUT_12_1995    3.035000
73   FLOW_OUT_1_1996    3.046000
74   FLOW_OUT_2_1996    3.056000
75   FLOW_OUT_3_1996    3.070000
76   FLOW_OUT_4_1996    3.857000
77   FLOW_OUT_5_1996    3.249000
78   FLOW_OUT_6_1996    3.259000
79   FLOW_OUT_7_1996    3.265000
80   FLOW_OUT_8_1996    3.270000
81   FLOW_OUT_9_1996    3.275000
82   FLOW_OUT_10_1996    3.283000
83   FLOW_OUT_11_1996    3.295000
84   FLOW_OUT_12_1996    3.306000
85   FLOW_OUT_1_1997    3.317000
86   FLOW_OUT_2_1997    4.020000
87   FLOW_OUT_3_1997    3.352000
88   FLOW_OUT_4_1997    3.361000
89   FLOW_OUT_5_1997    3.371000
90   FLOW_OUT_6_1997    3.381000
91   FLOW_OUT_7_1997    3.390000
92   FLOW_OUT_8_1997    3.395000
93   FLOW_OUT_9_1997    3.400000
94   FLOW_OUT_10_1997    3.406000
95   FLOW_OUT_11_1997    3.419000
96   FLOW_OUT_12_1997    3.433000
97   FLOW_OUT_1_1998    3.445000
98   FLOW_OUT_2_1998    15.630000
99   FLOW_OUT_3_1998    4.831000
100   FLOW_OUT_4_1998    3.747000
101   FLOW_OUT_5_1998    3.760000
102   FLOW_OUT_6_1998    3.769000
103   FLOW_OUT_7_1998    3.774000
104   FLOW_OUT_8_1998    3.778000
105   FLOW_OUT_9_1998    3.782000
106   FLOW_OUT_10_1998    3.787000
107   FLOW_OUT_11_1998    3.795000
108   FLOW_OUT_12_1998    3.804000
109   FLOW_OUT_1_1999    3.815000
110   FLOW_OUT_2_1999    3.824000
111   FLOW_OUT_3_1999    3.832000
112   FLOW_OUT_4_1999    3.840000
113   FLOW_OUT_5_1999    3.846000
114   FLOW_OUT_6_1999    3.849000
115   FLOW_OUT_7_1999    3.851000
116   FLOW_OUT_8_1999    3.853000
117   FLOW_OUT_9_1999    3.855000
118   FLOW_OUT_10_1999    3.859000
119   FLOW_OUT_11_1999    3.868000
120   FLOW_OUT_12_1999    3.877000
121   FLOW_OUT_1_2000    3.886000
122   FLOW_OUT_2_2000    3.899000
123   FLOW_OUT_3_2000    4.019000
124   FLOW_OUT_4_2000    3.949000
125   FLOW_OUT_5_2000    3.961000
126   FLOW_OUT_6_2000    3.968000
127   FLOW_OUT_7_2000    3.970000
128   FLOW_OUT_8_2000    3.971000
129   FLOW_OUT_9_2000    3.973000
130   FLOW_OUT_10_2000    3.979000
131   FLOW_OUT_11_2000    3.989000
