best simulation number= 2
FLOW_OUT_1.txt
0.144400
3.024000
0.188600
1.866000
0.168500
0.137700
0.117100
0.100800
0.088020
0.080170
0.074850
0.070830
0.065050
0.059380
0.957000
2.545000
1.100000
0.774500
0.675200
0.591600
0.521200
0.464600
0.413300
0.576900
3.977000
5.181000
0.469600
1.433000
0.493300
0.278500
0.238400
0.206600
0.181200
0.159500
0.143000
0.136300
0.119100
0.214600
0.528900
0.140100
0.309800
0.115900
0.086040
0.070720
0.060290
0.052780
0.391100
0.746800
2.305000
1.893000
1.742000
1.698000
1.503000
1.317000
1.159000
1.021000
0.901900
0.800700
0.967500
0.663000
0.578400
0.512500
0.452800
0.474500
0.373000
0.321200
0.280000
0.244300
0.216000
0.192500
0.169000
0.148900
0.137700
0.120700
0.130700
0.129900
0.112700
0.089500
0.072340
0.060810
0.053400
0.051100
0.049960
0.044560
0.038000
1.012000
0.047720
0.039250
0.042170
0.045830
0.047010
0.031820
0.023400
0.018570
0.038500
0.030580
0.020380
1.403000
2.374000
0.732500
0.375300
0.323300
0.280700
0.247300
0.215500
0.190400
0.171100
0.150900
0.146100
0.129500
0.111300
0.102300
0.090170
0.076720
0.066720
0.059470
0.051690
0.045690
0.051600
0.043350
0.041560
0.033670
1.469000
0.069660
0.053750
0.040160
0.029380
0.023050
0.019260
0.020000
0.027290
0.032130
0.036160
0.022900
0.021110
0.022180
0.022500
0.014440
0.009984
0.007586
0.006641

FLOW_OUT_3.txt
14.820000
101.699997
156.600006
60.349998
15.360000
3.392000
1.461000
0.463200
1.168000
4.046000
5.790000
15.110000
6.561000
124.900002
99.139999
79.250000
36.450001
16.309999
6.524000
4.981000
5.782000
8.423000
42.060001
15.210000
85.279999
241.600006
212.800003
104.199997
66.120003
29.350000
22.740000
20.629999
19.190001
18.840000
34.830002
39.419998
53.259998
111.900002
72.690002
48.430000
49.150002
20.360001
15.230000
13.100000
12.420000
13.620000
23.700001
57.540001
150.300003
147.699997
107.599998
153.500000
119.400002
59.130001
48.680000
42.160000
39.959999
38.189999
172.399994
94.440002
99.290001
75.589996
33.950001
107.900002
135.199997
94.870003
56.810001
49.090000
45.500000
42.900002
39.650002
36.410000
32.560001
56.540001
60.040001
208.000000
47.189999
33.220001
27.500000
23.290001
21.940001
22.180000
21.200001
19.389999
17.090000
48.740002
16.400000
22.469999
5.482000
0.408400
0.062950
0.045800
0.038410
1.150000
3.744000
4.655000
8.844000
248.600006
311.299988
33.240002
24.459999
13.390000
10.140000
8.311000
8.710000
9.894000
10.470000
10.080000
16.799999
10.980000
10.280000
7.333000
0.073300
0.061750
0.053430
0.047910
0.041370
0.039590
1.572000
16.469999
11.870000
102.199997
86.129997
20.480000
0.945700
0.049970
0.037670
0.030040
0.025210
0.498100
2.183000
8.064000
8.867000
56.369999
0.467600
0.031760
0.032420
0.022970
0.017260
0.013780
0.011990

FLOW_OUT_7.txt
6.090000
15.140000
6.415000
124.900002
95.879997
69.029999
33.830002
15.720000
6.583000
5.131000
5.672000
7.630000
40.980000
12.890000
59.599998
208.899994
211.100006
99.169998
65.610001
30.260000
23.969999
21.629999
19.920000
19.280001
34.790001
39.090000
52.689999
111.300003
71.510002
48.840000
49.470001
21.600000
16.559999
14.340000
13.420000
14.190000
22.350000
54.250000
137.100006
135.899994
100.000000
147.800003
115.199997
56.279999
46.660000
40.509998
38.099998
35.919998
168.800003
91.720001
97.290001
73.989998
33.090000
107.400002
135.500000
95.699997
57.939999
50.209999
46.220001
43.180000
39.680000
36.169998
32.290001
56.549999
60.189999
208.399994
48.209999
34.560001
28.879999
24.600000
22.940001
22.709999
21.459999
19.530001
17.230000
35.410000
16.730000
23.270000
6.442000
1.223000
0.159000
0.059230
0.426000
1.859000
3.988000
4.786000
8.903000
241.899994
298.000000
31.860001
24.820000
14.420000
11.230000
9.377000
9.475000
10.230000
10.480000
9.892000
16.370001
11.230000
10.620000
7.972000
0.209600
0.135200
0.119700
0.105800
0.093710
0.160000
1.878000
16.549999
12.070000
102.500000
78.959999
21.219999
1.679000
0.050740
0.043910
0.038880
0.035540
0.998200
2.454000

