  icode   ic inum1 inum2 inum3   subed  recmonps reccnstps  flow(m^3)   sed(t)      orgn(kg)    orgp(kg)    nitrate(kg) sol.p(kg)   sol.pst(mg) sor.pst(mg)
       1        1        1        0        0        0                         0.3853E+09  0.4838E+07  0.6480E+07  0.2278E+07  0.1625E+06  0.5415E+04  0.0000E+00  0.0000E+00
       1        2        2        0        0        0                         0.1194E+09  0.4038E+07  0.3042E+07  0.1090E+07  0.4871E+05  0.1378E+04  0.0000E+00  0.0000E+00
       1        3        3        0        0        0                         0.3763E+09  0.9213E+07  0.8492E+07  0.3154E+07  0.1422E+06  0.5309E+04  0.0000E+00  0.0000E+00
       1        4        4        0        0        0                         0.2654E+09  0.4887E+07  0.5029E+07  0.1791E+07  0.1038E+06  0.3746E+04  0.0000E+00  0.0000E+00
       1        5        5        0        0        0                         0.1165E+10  0.1312E+08  0.2223E+08  0.7646E+07  0.4834E+06  0.1818E+05  0.0000E+00  0.0000E+00
       1        6        6        0        0        0                         0.5560E+09  0.9301E+07  0.1192E+08  0.4177E+07  0.2051E+06  0.8868E+04  0.0000E+00  0.0000E+00
       1        7        7        0        0        0                         0.8956E+09  0.5127E+07  0.1138E+08  0.3904E+07  0.4176E+06  0.1338E+05  0.0000E+00  0.0000E+00
       1        8        8        0        0        0                         0.1972E+10  0.4860E+08  0.4589E+08  0.1547E+08  0.8834E+06  0.2276E+05  0.0000E+00  0.0000E+00
       1        9        9        0        0        0                         0.1317E+10  0.7394E+07  0.1542E+08  0.5214E+07  0.7839E+06  0.2589E+05  0.0000E+00  0.0000E+00
       1       10       10        0        0        0                         0.7142E+09  0.9553E+07  0.1315E+08  0.4300E+07  0.5380E+06  0.1152E+05  0.0000E+00  0.0000E+00
       1       11       11        0        0        0                         0.3221E+10  0.1976E+08  0.2887E+08  0.9783E+07  0.1604E+07  0.4042E+05  0.0000E+00  0.0000E+00
       1       12       12        0        0        0                         0.1743E+10  0.3730E+07  0.1344E+08  0.4144E+07  0.7582E+06  0.3336E+05  0.0000E+00  0.0000E+00
       1       13       13        0        0        0                         0.2856E+10  0.1364E+08  0.2212E+08  0.7426E+07  0.1581E+07  0.3220E+05  0.0000E+00  0.0000E+00
       1       14       14        0        0        0                         0.4870E+10  0.1391E+08  0.3850E+08  0.1223E+08  0.2233E+07  0.8254E+05  0.0000E+00  0.0000E+00
       1       15       15        0        0        0                         0.6561E+09  0.2509E+07  0.4083E+07  0.1382E+07  0.3635E+06  0.8507E+04  0.0000E+00  0.0000E+00
       1       16       16        0        0        0                         0.1309E+10  0.3334E+07  0.7082E+07  0.2586E+07  0.5795E+06  0.2204E+05  0.0000E+00  0.0000E+00
       1       17       17        0        0        0                         0.2520E+10  0.4344E+07  0.1365E+08  0.4479E+07  0.1304E+07  0.3986E+05  0.0000E+00  0.0000E+00
       1       18       18        0        0        0                         0.1690E+10  0.1970E+07  0.6666E+07  0.2494E+07  0.6280E+06  0.3445E+05  0.0000E+00  0.0000E+00
       1       19       19        0        0        0                         0.2259E+10  0.9606E+07  0.1640E+08  0.5382E+07  0.9730E+06  0.3364E+05  0.0000E+00  0.0000E+00
       1       20       20        0        0        0                         0.1923E+10  0.7943E+07  0.1434E+08  0.4723E+07  0.8649E+06  0.2576E+05  0.0000E+00  0.0000E+00
       2       21        1        1        1        0                         0.3820E+09  0.4838E+07  0.6461E+07  0.2269E+07  0.1617E+06  0.1081E+05  0.0000E+00  0.0000E+00
       5       22        4       21        0        0                         0.6475E+09  0.9725E+07  0.1149E+08  0.4060E+07  0.2655E+06  0.1456E+05  0.0000E+00  0.0000E+00
       2       23        4       22        4        0                         0.6077E+09  0.8236E+07  0.1106E+08  0.3848E+07  0.2557E+06  0.4484E+05  0.0000E+00  0.0000E+00
       5       24        3       23        0        0                         0.9840E+09  0.1745E+08  0.1955E+08  0.7001E+07  0.3979E+06  0.5015E+05  0.0000E+00  0.0000E+00
       2       25        5        5        5        0                         0.1052E+10  0.1290E+08  0.2039E+08  0.6747E+07  0.4564E+06  0.7508E+05  0.0000E+00  0.0000E+00
       5       26       24       25        0        0                         0.2036E+10  0.3035E+08  0.3994E+08  0.1375E+08  0.8543E+06  0.1252E+06  0.0000E+00  0.0000E+00
       2       27        6        6        6        0                         0.5031E+09  0.9153E+07  0.1115E+08  0.3797E+07  0.1950E+06  0.3284E+05  0.0000E+00  0.0000E+00
       5       28       26       27        0        0                         0.2540E+10  0.3950E+08  0.5109E+08  0.1755E+08  0.1049E+07  0.1581E+06  0.0000E+00  0.0000E+00
       2       29        9        9        9        0                         0.1192E+10  0.6851E+07  0.1330E+08  0.4217E+07  0.7341E+06  0.1395E+06  0.0000E+00  0.0000E+00
       5       30        7       29        0        0                         0.2088E+10  0.1198E+08  0.2467E+08  0.8122E+07  0.1152E+07  0.1529E+06  0.0000E+00  0.0000E+00
       2       31       11       11       11        0                         0.3154E+10  0.1975E+08  0.2789E+08  0.9291E+07  0.1585E+07  0.1206E+06  0.0000E+00  0.0000E+00
       5       32       10       31        0        0                         0.3868E+10  0.2930E+08  0.4103E+08  0.1359E+08  0.2123E+07  0.1321E+06  0.0000E+00  0.0000E+00
       2       33       12       12       12        0                         0.1722E+10  0.3730E+07  0.1313E+08  0.4002E+07  0.7555E+06  0.8610E+05  0.0000E+00  0.0000E+00
       5       34       32       33        0        0                         0.5590E+10  0.3303E+08  0.5416E+08  0.1759E+08  0.2879E+07  0.2182E+06  0.0000E+00  0.0000E+00
       2       35       14       14       14        0                         0.4603E+10  0.1251E+08  0.3244E+08  0.9474E+07  0.2181E+07  0.6153E+06  0.0000E+00  0.0000E+00
       5       36       13       35        0        0                         0.7459E+10  0.2615E+08  0.5456E+08  0.1690E+08  0.3763E+07  0.6475E+06  0.0000E+00  0.0000E+00
       2       37       16       16       16        0                         0.1289E+10  0.3334E+07  0.6926E+07  0.2502E+07  0.5763E+06  0.5569E+05  0.0000E+00  0.0000E+00
       5       38       15       37        0        0                         0.1945E+10  0.5844E+07  0.1101E+08  0.3883E+07  0.9399E+06  0.6420E+05  0.0000E+00  0.0000E+00
       2       39       17       17       17        0                         0.2480E+10  0.4344E+07  0.1322E+08  0.4272E+07  0.1295E+07  0.1081E+06  0.0000E+00  0.0000E+00
       5       40       38       39        0        0                         0.4425E+10  0.1019E+08  0.2423E+08  0.8156E+07  0.2235E+07  0.1723E+06  0.0000E+00  0.0000E+00
       2       41       15       40       15        0                         0.4361E+10  0.8001E+07  0.2291E+08  0.7503E+07  0.2215E+07  0.4872E+06  0.0000E+00  0.0000E+00
       5       42       36       41        0        0                         0.1182E+11  0.3415E+08  0.7747E+08  0.2440E+08  0.5977E+07  0.1135E+07  0.0000E+00  0.0000E+00
       2       43       19       19       19        0                         0.2213E+10  0.9604E+07  0.1598E+08  0.5179E+07  0.9639E+06  0.9352E+05  0.0000E+00  0.0000E+00
       5       44       18       43        0        0                         0.3903E+10  0.1157E+08  0.2265E+08  0.7672E+07  0.1592E+07  0.1280E+06  0.0000E+00  0.0000E+00
       2       45       20       20       20        0                         0.1869E+10  0.7935E+07  0.1373E+08  0.4426E+07  0.8533E+06  0.7764E+05  0.0000E+00  0.0000E+00
       5       46       44       45        0        0                         0.5773E+10  0.1951E+08  0.3637E+08  0.1210E+08  0.2445E+07  0.2056E+06  0.0000E+00  0.0000E+00
       2       47       18       46       18        0                         0.5551E+10  0.1228E+08  0.3331E+08  0.1061E+08  0.2400E+07  0.7064E+06  0.0000E+00  0.0000E+00
       5       48       42       47        0        0                         0.1737E+11  0.4643E+08  0.1108E+09  0.3502E+08  0.8378E+07  0.1841E+07  0.0000E+00  0.0000E+00
       2       49       13       48       13        0                         0.1715E+11  0.3492E+08  0.1039E+09  0.3185E+08  0.8328E+07  0.4021E+07  0.0000E+00  0.0000E+00
       5       50       34       49        0        0                         0.2274E+11  0.6795E+08  0.1581E+09  0.4944E+08  0.1121E+08  0.4240E+07  0.0000E+00  0.0000E+00
       2       51       10       50       10        0                         0.2237E+11  0.4613E+08  0.1458E+09  0.4390E+08  0.1113E+08  0.8250E+07  0.0000E+00  0.0000E+00
       5       52        8       51        0        0                         0.2434E+11  0.9473E+08  0.1917E+09  0.5936E+08  0.1202E+08  0.8273E+07  0.0000E+00  0.0000E+00
       2       53        8       52        8        0                         0.2388E+11  0.6362E+08  0.1774E+09  0.5306E+08  0.1198E+08  0.1259E+08  0.0000E+00  0.0000E+00
       5       54       30       53        0        0                         0.2596E+11  0.7560E+08  0.2021E+09  0.6118E+08  0.1313E+08  0.1274E+08  0.0000E+00  0.0000E+00
       2       55        7       54        7        0                         0.2574E+11  0.6192E+08  0.1933E+09  0.5738E+08  0.1321E+08  0.1567E+08  0.0000E+00  0.0000E+00
       5       56       28       55        0        0                         0.2828E+11  0.1014E+09  0.2444E+09  0.7493E+08  0.1426E+08  0.1583E+08  0.0000E+00  0.0000E+00
       2       57        3       56        3        0                         0.2804E+11  0.8694E+08  0.2360E+09  0.7131E+08  0.1438E+08  0.1866E+08  0.0000E+00  0.0000E+00
       5       58        2       57        0        0                         0.2816E+11  0.9098E+08  0.2390E+09  0.7240E+08  0.1443E+08  0.1866E+08  0.0000E+00  0.0000E+00
       2       59        2       58        2        0                         0.2798E+11  0.8210E+08  0.2332E+09  0.6994E+08  0.1457E+08  0.2058E+08  0.0000E+00  0.0000E+00
      14       59        1        0        0        0                         0.2798E+11  0.8210E+08  0.2332E+09  0.6994E+08  0.1457E+08  0.2058E+08  0.0000E+00  0.0000E+00
