  icode   ic inum1 inum2 inum3   subed  recmonps reccnstps  flow(m^3)   sed(t)      orgn(kg)    orgp(kg)    nitrate(kg) sol.p(kg)   sol.pst(mg) sor.pst(mg)
       1        1        1        0        0        0                         0.7151E+08  0.9097E+06  0.1635E+07  0.5560E+06  0.2690E+05  0.1357E+04  0.0000E+00  0.0000E+00
       1        2        2        0        0        0                         0.2858E+08  0.6865E+06  0.7020E+06  0.2418E+06  0.1319E+05  0.3308E+03  0.0000E+00  0.0000E+00
       1        3        3        0        0        0                         0.6573E+08  0.1629E+07  0.1965E+07  0.6842E+06  0.2664E+05  0.1087E+04  0.0000E+00  0.0000E+00
       1        4        4        0        0        0                         0.4770E+08  0.9203E+06  0.1254E+07  0.4285E+06  0.1778E+05  0.8738E+03  0.0000E+00  0.0000E+00
       1        5        5        0        0        0                         0.1824E+09  0.2107E+07  0.4258E+07  0.1451E+07  0.6700E+05  0.3747E+04  0.0000E+00  0.0000E+00
       1        6        6        0        0        0                         0.8760E+08  0.1629E+07  0.2350E+07  0.8218E+06  0.3135E+05  0.1705E+04  0.0000E+00  0.0000E+00
       1        7        7        0        0        0                         0.2095E+09  0.1432E+07  0.3775E+07  0.1304E+07  0.7393E+05  0.4714E+04  0.0000E+00  0.0000E+00
       1        8        8        0        0        0                         0.5207E+09  0.1390E+08  0.1880E+08  0.6400E+07  0.1847E+06  0.9313E+04  0.0000E+00  0.0000E+00
       1        9        9        0        0        0                         0.1656E+09  0.7237E+06  0.1953E+07  0.6093E+06  0.9600E+05  0.3925E+04  0.0000E+00  0.0000E+00
       1       10       10        0        0        0                         0.1702E+09  0.1675E+07  0.3297E+07  0.1070E+07  0.7725E+05  0.3889E+04  0.0000E+00  0.0000E+00
       1       11       11        0        0        0                         0.1094E+10  0.7709E+07  0.1406E+08  0.4826E+07  0.3451E+06  0.2019E+05  0.0000E+00  0.0000E+00
       1       12       12        0        0        0                         0.4345E+09  0.8012E+06  0.3398E+07  0.1061E+07  0.1369E+06  0.1036E+05  0.0000E+00  0.0000E+00
       1       13       13        0        0        0                         0.9561E+09  0.5702E+07  0.1164E+08  0.3972E+07  0.3091E+06  0.1714E+05  0.0000E+00  0.0000E+00
       1       14       14        0        0        0                         0.1410E+10  0.4801E+07  0.1565E+08  0.5011E+07  0.4943E+06  0.3089E+05  0.0000E+00  0.0000E+00
       1       15       15        0        0        0                         0.2130E+09  0.9831E+06  0.1917E+07  0.6557E+06  0.6610E+05  0.4145E+04  0.0000E+00  0.0000E+00
       1       16       16        0        0        0                         0.3713E+09  0.9214E+06  0.2342E+07  0.8524E+06  0.1076E+06  0.8195E+04  0.0000E+00  0.0000E+00
       1       17       17        0        0        0                         0.8569E+09  0.1796E+07  0.6281E+07  0.2117E+07  0.2902E+06  0.1886E+05  0.0000E+00  0.0000E+00
       1       18       18        0        0        0                         0.3602E+09  0.4228E+06  0.1549E+07  0.5879E+06  0.1179E+06  0.8936E+04  0.0000E+00  0.0000E+00
       1       19       19        0        0        0                         0.5489E+09  0.2930E+07  0.6230E+07  0.2050E+07  0.1865E+06  0.1136E+05  0.0000E+00  0.0000E+00
       1       20       20        0        0        0                         0.4688E+09  0.2414E+07  0.5485E+07  0.1812E+07  0.1683E+06  0.9494E+04  0.0000E+00  0.0000E+00
       2       21        1        1        1        0                         0.6864E+08  0.9097E+06  0.1629E+07  0.5532E+06  0.2518E+05  0.2811E+04  0.0000E+00  0.0000E+00
       5       22        4       21        0        0                         0.1163E+09  0.1830E+07  0.2883E+07  0.9817E+06  0.4295E+05  0.3685E+04  0.0000E+00  0.0000E+00
       2       23        4       22        4        0                         0.1044E+09  0.1483E+07  0.2749E+07  0.9190E+06  0.3481E+05  0.1154E+05  0.0000E+00  0.0000E+00
       5       24        3       23        0        0                         0.1701E+09  0.3111E+07  0.4713E+07  0.1603E+07  0.6145E+05  0.1262E+05  0.0000E+00  0.0000E+00
       2       25        5        5        5        0                         0.1549E+09  0.1994E+07  0.3808E+07  0.1240E+07  0.4968E+05  0.1741E+05  0.0000E+00  0.0000E+00
       5       26       24       25        0        0                         0.3250E+09  0.5105E+07  0.8521E+07  0.2844E+07  0.1111E+06  0.3003E+05  0.0000E+00  0.0000E+00
       2       27        6        6        6        0                         0.7088E+08  0.1557E+07  0.2140E+07  0.7216E+06  0.2074E+05  0.7189E+04  0.0000E+00  0.0000E+00
       5       28       26       27        0        0                         0.3959E+09  0.6662E+07  0.1066E+08  0.3565E+07  0.1319E+06  0.3722E+05  0.0000E+00  0.0000E+00
       2       29        9        9        9        0                         0.1363E+09  0.5692E+06  0.1535E+07  0.4359E+06  0.5986E+05  0.2912E+05  0.0000E+00  0.0000E+00
       5       30        7       29        0        0                         0.3458E+09  0.2001E+07  0.5311E+07  0.1740E+07  0.1338E+06  0.3384E+05  0.0000E+00  0.0000E+00
       2       31       11       11       11        0                         0.1077E+10  0.7700E+07  0.1347E+08  0.4533E+07  0.3330E+06  0.6206E+05  0.0000E+00  0.0000E+00
       5       32       10       31        0        0                         0.1248E+10  0.9375E+07  0.1676E+08  0.5603E+07  0.4103E+06  0.6595E+05  0.0000E+00  0.0000E+00
       2       33       12       12       12        0                         0.4283E+09  0.8012E+06  0.3291E+07  0.1013E+07  0.1315E+06  0.2696E+05  0.0000E+00  0.0000E+00
       5       34       32       33        0        0                         0.1676E+10  0.1018E+08  0.2005E+08  0.6616E+07  0.5418E+06  0.9291E+05  0.0000E+00  0.0000E+00
       2       35       14       14       14        0                         0.1353E+10  0.4014E+07  0.1272E+08  0.3699E+07  0.4539E+06  0.2705E+06  0.0000E+00  0.0000E+00
       5       36       13       35        0        0                         0.2310E+10  0.9716E+07  0.2436E+08  0.7671E+07  0.7631E+06  0.2876E+06  0.0000E+00  0.0000E+00
       2       37       16       16       16        0                         0.3659E+09  0.9213E+06  0.2269E+07  0.8148E+06  0.1032E+06  0.2151E+05  0.0000E+00  0.0000E+00
       5       38       15       37        0        0                         0.5788E+09  0.1904E+07  0.4185E+07  0.1471E+07  0.1693E+06  0.2565E+05  0.0000E+00  0.0000E+00
       2       39       17       17       17        0                         0.8500E+09  0.1795E+07  0.6037E+07  0.2000E+07  0.2840E+06  0.5308E+05  0.0000E+00  0.0000E+00
       5       40       38       39        0        0                         0.1429E+10  0.3700E+07  0.1022E+08  0.3471E+07  0.4534E+06  0.7874E+05  0.0000E+00  0.0000E+00
       2       41       15       40       15        0                         0.1417E+10  0.2732E+07  0.9531E+07  0.3134E+07  0.4469E+06  0.2333E+06  0.0000E+00  0.0000E+00
       5       42       36       41        0        0                         0.3727E+10  0.1245E+08  0.3389E+08  0.1081E+08  0.1210E+07  0.5210E+06  0.0000E+00  0.0000E+00
       2       43       19       19       19        0                         0.5311E+09  0.2928E+07  0.6007E+07  0.1945E+07  0.1729E+06  0.3343E+05  0.0000E+00  0.0000E+00
       5       44       18       43        0        0                         0.8913E+09  0.3351E+07  0.7555E+07  0.2533E+07  0.2908E+06  0.4236E+05  0.0000E+00  0.0000E+00
       2       45       20       20       20        0                         0.4503E+09  0.2404E+07  0.5173E+07  0.1665E+07  0.1523E+06  0.3028E+05  0.0000E+00  0.0000E+00
       5       46       44       45        0        0                         0.1342E+10  0.5755E+07  0.1273E+08  0.4198E+07  0.4431E+06  0.7264E+05  0.0000E+00  0.0000E+00
       2       47       18       46       18        0                         0.1308E+10  0.2959E+07  0.1131E+08  0.3542E+07  0.4212E+06  0.2676E+06  0.0000E+00  0.0000E+00
       5       48       42       47        0        0                         0.5035E+10  0.1541E+08  0.4520E+08  0.1435E+08  0.1631E+07  0.7886E+06  0.0000E+00  0.0000E+00
       2       49       13       48       13        0                         0.4991E+10  0.1067E+08  0.4158E+08  0.1271E+08  0.1617E+07  0.1775E+07  0.0000E+00  0.0000E+00
       5       50       34       49        0        0                         0.6667E+10  0.2085E+08  0.6163E+08  0.1933E+08  0.2159E+07  0.1868E+07  0.0000E+00  0.0000E+00
       2       51       10       50       10        0                         0.6588E+10  0.1294E+08  0.5555E+08  0.1666E+08  0.2159E+07  0.3677E+07  0.0000E+00  0.0000E+00
       5       52        8       51        0        0                         0.7109E+10  0.2684E+08  0.7435E+08  0.2306E+08  0.2343E+07  0.3687E+07  0.0000E+00  0.0000E+00
       2       53        8       52        8        0                         0.6988E+10  0.1618E+08  0.6724E+08  0.2002E+08  0.2388E+07  0.5545E+07  0.0000E+00  0.0000E+00
       5       54       30       53        0        0                         0.7334E+10  0.1818E+08  0.7255E+08  0.2176E+08  0.2522E+07  0.5579E+07  0.0000E+00  0.0000E+00
       2       55        7       54        7        0                         0.7279E+10  0.1439E+08  0.6855E+08  0.2010E+08  0.2640E+07  0.6734E+07  0.0000E+00  0.0000E+00
       5       56       28       55        0        0                         0.7675E+10  0.2105E+08  0.7921E+08  0.2367E+08  0.2771E+07  0.6772E+07  0.0000E+00  0.0000E+00
       2       57        3       56        3        0                         0.7608E+10  0.1752E+08  0.7572E+08  0.2226E+08  0.2915E+07  0.7777E+07  0.0000E+00  0.0000E+00
       5       58        2       57        0        0                         0.7637E+10  0.1821E+08  0.7642E+08  0.2250E+08  0.2928E+07  0.7777E+07  0.0000E+00  0.0000E+00
       2       59        2       58        2        0                         0.7582E+10  0.1615E+08  0.7406E+08  0.2156E+08  0.3061E+07  0.8428E+07  0.0000E+00  0.0000E+00
      14       59        1        0        0        0                         0.7582E+10  0.1615E+08  0.7406E+08  0.2156E+08  0.3061E+07  0.8428E+07  0.0000E+00  0.0000E+00
