  icode   ic inum1 inum2 inum3   subed  recmonps reccnstps  flow(m^3)   sed(t)      orgn(kg)    orgp(kg)    nitrate(kg) sol.p(kg)   sol.pst(mg) sor.pst(mg)
       1        1        1        0        0        0                         0.7309E+09  0.7980E+07  0.8348E+07  0.3397E+07  0.5292E+06  0.1219E+05  0.0000E+00  0.0000E+00
       1        2        2        0        0        0                         0.2448E+09  0.7365E+07  0.3948E+07  0.1641E+07  0.1756E+06  0.3125E+04  0.0000E+00  0.0000E+00
       1        3        3        0        0        0                         0.8377E+09  0.1530E+08  0.1112E+08  0.4792E+07  0.5922E+06  0.1299E+05  0.0000E+00  0.0000E+00
       1        4        4        0        0        0                         0.5359E+09  0.8016E+07  0.6481E+07  0.2677E+07  0.3835E+06  0.8744E+04  0.0000E+00  0.0000E+00
       1        5        5        0        0        0                         0.2937E+10  0.2570E+08  0.3359E+08  0.1342E+08  0.2133E+07  0.4640E+05  0.0000E+00  0.0000E+00
       1        6        6        0        0        0                         0.1593E+10  0.2458E+08  0.1869E+08  0.7674E+07  0.1065E+07  0.2298E+05  0.0000E+00  0.0000E+00
       1        7        7        0        0        0                         0.1746E+10  0.8723E+07  0.1449E+08  0.5804E+07  0.1453E+07  0.2722E+05  0.0000E+00  0.0000E+00
       1        8        8        0        0        0                         0.3340E+10  0.6348E+08  0.4674E+08  0.1799E+08  0.2700E+07  0.4075E+05  0.0000E+00  0.0000E+00
       1        9        9        0        0        0                         0.3060E+10  0.2386E+08  0.2923E+08  0.1247E+08  0.2033E+07  0.5162E+05  0.0000E+00  0.0000E+00
       1       10       10        0        0        0                         0.1328E+10  0.3067E+08  0.1926E+08  0.7641E+07  0.9652E+06  0.1530E+05  0.0000E+00  0.0000E+00
       1       11       11        0        0        0                         0.5251E+10  0.4030E+08  0.3584E+08  0.1396E+08  0.3796E+07  0.6080E+05  0.0000E+00  0.0000E+00
       1       12       12        0        0        0                         0.3458E+10  0.1399E+08  0.2563E+08  0.9289E+07  0.2395E+07  0.5017E+05  0.0000E+00  0.0000E+00
       1       13       13        0        0        0                         0.3833E+10  0.2523E+08  0.2488E+08  0.9592E+07  0.2966E+07  0.4408E+05  0.0000E+00  0.0000E+00
       1       14       14        0        0        0                         0.8780E+10  0.4349E+08  0.6018E+08  0.2295E+08  0.6061E+07  0.1287E+06  0.0000E+00  0.0000E+00
       1       15       15        0        0        0                         0.9047E+09  0.4843E+07  0.5002E+07  0.1949E+07  0.6988E+06  0.1251E+05  0.0000E+00  0.0000E+00
       1       16       16        0        0        0                         0.2500E+10  0.7911E+07  0.1136E+08  0.4786E+07  0.1723E+07  0.4030E+05  0.0000E+00  0.0000E+00
       1       17       17        0        0        0                         0.3604E+10  0.1276E+08  0.2068E+08  0.8098E+07  0.2642E+07  0.5191E+05  0.0000E+00  0.0000E+00
       1       18       18        0        0        0                         0.3644E+10  0.7164E+07  0.1589E+08  0.6870E+07  0.2387E+07  0.6945E+05  0.0000E+00  0.0000E+00
       1       19       19        0        0        0                         0.3503E+10  0.2076E+08  0.2361E+08  0.9001E+07  0.2332E+07  0.5734E+05  0.0000E+00  0.0000E+00
       1       20       20        0        0        0                         0.2574E+10  0.1668E+08  0.1916E+08  0.7277E+07  0.1693E+07  0.3992E+05  0.0000E+00  0.0000E+00
       2       21        1        1        1        0                         0.7276E+09  0.7980E+07  0.8325E+07  0.3384E+07  0.5278E+06  0.2064E+05  0.0000E+00  0.0000E+00
       5       22        4       21        0        0                         0.1263E+10  0.1600E+08  0.1481E+08  0.6061E+07  0.9113E+06  0.2938E+05  0.0000E+00  0.0000E+00
       2       23        4       22        4        0                         0.1216E+10  0.3594E+06  0.1428E+08  0.5759E+07  0.8905E+06  0.8859E+05  0.0000E+00  0.0000E+00
       5       24        3       23        0        0                         0.2054E+10  0.1566E+08  0.2540E+08  0.1055E+08  0.1483E+07  0.1016E+06  0.0000E+00  0.0000E+00
       2       25        5        5        5        0                         0.2768E+10  0.2548E+08  0.3074E+08  0.1177E+08  0.2053E+07  0.1817E+06  0.0000E+00  0.0000E+00
       5       26       24       25        0        0                         0.4822E+10  0.4114E+08  0.5614E+08  0.2232E+08  0.3536E+07  0.2833E+06  0.0000E+00  0.0000E+00
       2       27        6        6        6        0                         0.1505E+10  0.2444E+08  0.1742E+08  0.6921E+07  0.1029E+07  0.8108E+05  0.0000E+00  0.0000E+00
       5       28       26       27        0        0                         0.6327E+10  0.6558E+08  0.7356E+08  0.2924E+08  0.4565E+07  0.3644E+06  0.0000E+00  0.0000E+00
       2       29        9        9        9        0                         0.2855E+10  0.2330E+08  0.2603E+08  0.1048E+08  0.1928E+07  0.2540E+06  0.0000E+00  0.0000E+00
       5       30        7       29        0        0                         0.4601E+10  0.3203E+08  0.4052E+08  0.1629E+08  0.3381E+07  0.2812E+06  0.0000E+00  0.0000E+00
       2       31       11       11       11        0                         0.5177E+10  0.4029E+08  0.3463E+08  0.1326E+08  0.3767E+07  0.1840E+06  0.0000E+00  0.0000E+00
       5       32       10       31        0        0                         0.6505E+10  0.7095E+08  0.5389E+08  0.2090E+08  0.4732E+07  0.1993E+06  0.0000E+00  0.0000E+00
       2       33       12       12       12        0                         0.3437E+10  0.1399E+08  0.2505E+08  0.8974E+07  0.2384E+07  0.1444E+06  0.0000E+00  0.0000E+00
       5       34       32       33        0        0                         0.9942E+10  0.8495E+08  0.7893E+08  0.2987E+08  0.7115E+07  0.3437E+06  0.0000E+00  0.0000E+00
       2       35       14       14       14        0                         0.8465E+10  0.4021E+08  0.5143E+08  0.1809E+08  0.5896E+07  0.9243E+06  0.0000E+00  0.0000E+00
       5       36       13       35        0        0                         0.1230E+11  0.6543E+08  0.7631E+08  0.2768E+08  0.8862E+07  0.9684E+06  0.0000E+00  0.0000E+00
       2       37       16       16       16        0                         0.2478E+10  0.7911E+07  0.1111E+08  0.4627E+07  0.1715E+07  0.1055E+06  0.0000E+00  0.0000E+00
       5       38       15       37        0        0                         0.3382E+10  0.1275E+08  0.1611E+08  0.6576E+07  0.2414E+07  0.1180E+06  0.0000E+00  0.0000E+00
       2       39       17       17       17        0                         0.3562E+10  0.1276E+08  0.2003E+08  0.7722E+07  0.2622E+07  0.1529E+06  0.0000E+00  0.0000E+00
       5       40       38       39        0        0                         0.6945E+10  0.2551E+08  0.3613E+08  0.1430E+08  0.5036E+07  0.2710E+06  0.0000E+00  0.0000E+00
       2       41       15       40       15        0                         0.6874E+10  0.1102E+07  0.3420E+08  0.1317E+08  0.4994E+07  0.7951E+06  0.0000E+00  0.0000E+00
       5       42       36       41        0        0                         0.1917E+11  0.6654E+08  0.1105E+09  0.4085E+08  0.1386E+08  0.1763E+07  0.0000E+00  0.0000E+00
       2       43       19       19       19        0                         0.3455E+10  0.2075E+08  0.2304E+08  0.8679E+07  0.2311E+07  0.1639E+06  0.0000E+00  0.0000E+00
       5       44       18       43        0        0                         0.7099E+10  0.2792E+08  0.3894E+08  0.1555E+08  0.4698E+07  0.2333E+06  0.0000E+00  0.0000E+00
       2       45       20       20       20        0                         0.2520E+10  0.1667E+08  0.1836E+08  0.6831E+07  0.1668E+07  0.1223E+06  0.0000E+00  0.0000E+00
       5       46       44       45        0        0                         0.9619E+10  0.4458E+08  0.5730E+08  0.2238E+08  0.6366E+07  0.3556E+06  0.0000E+00  0.0000E+00
       2       47       18       46       18        0                         0.9404E+10  0.2452E+07  0.5280E+08  0.1977E+08  0.6245E+07  0.1229E+07  0.0000E+00  0.0000E+00
       5       48       42       47        0        0                         0.2858E+11  0.6899E+08  0.1633E+09  0.6062E+08  0.2010E+08  0.2992E+07  0.0000E+00  0.0000E+00
       2       49       13       48       13        0                         0.2837E+11  0.5538E+07  0.1538E+09  0.5544E+08  0.1995E+08  0.6640E+07  0.0000E+00  0.0000E+00
       5       50       34       49        0        0                         0.3831E+11  0.9049E+08  0.2328E+09  0.8531E+08  0.2707E+08  0.6984E+07  0.0000E+00  0.0000E+00
       2       51       10       50       10        0                         0.3797E+11  0.1007E+08  0.2158E+09  0.7625E+08  0.2680E+08  0.1382E+08  0.0000E+00  0.0000E+00
       5       52        8       51        0        0                         0.4131E+11  0.7355E+08  0.2626E+09  0.9424E+08  0.2950E+08  0.1386E+08  0.0000E+00  0.0000E+00
       2       53        8       52        8        0                         0.4093E+11  0.1192E+08  0.2441E+09  0.8469E+08  0.2924E+08  0.2090E+08  0.0000E+00  0.0000E+00
       5       54       30       53        0        0                         0.4553E+11  0.4395E+08  0.2846E+09  0.1010E+09  0.3262E+08  0.2118E+08  0.0000E+00  0.0000E+00
       2       55        7       54        7        0                         0.4533E+11  0.8620E+07  0.2729E+09  0.9498E+08  0.3261E+08  0.2595E+08  0.0000E+00  0.0000E+00
       5       56       28       55        0        0                         0.5166E+11  0.7420E+08  0.3464E+09  0.1242E+09  0.3718E+08  0.2632E+08  0.0000E+00  0.0000E+00
       2       57        3       56        3        0                         0.5146E+11  0.1124E+08  0.3351E+09  0.1184E+09  0.3722E+08  0.3098E+08  0.0000E+00  0.0000E+00
       5       58        2       57        0        0                         0.5171E+11  0.1860E+08  0.3390E+09  0.1200E+09  0.3740E+08  0.3098E+08  0.0000E+00  0.0000E+00
       2       59        2       58        2        0                         0.5156E+11  0.1358E+08  0.3311E+09  0.1160E+09  0.3749E+08  0.3410E+08  0.0000E+00  0.0000E+00
      14       59        1        0        0        0                         0.5156E+11  0.1358E+08  0.3311E+09  0.1160E+09  0.3749E+08  0.3410E+08  0.0000E+00  0.0000E+00
