  icode   ic inum1 inum2 inum3   subed  recmonps reccnstps  flow(m^3)   sed(t)      orgn(kg)    orgp(kg)    nitrate(kg) sol.p(kg)   sol.pst(mg) sor.pst(mg)
       1        1        1        0        0        0                         0.2391E+09  0.2295E+06  0.1794E+07  0.5921E+06  0.9191E+06  0.4106E+04  0.0000E+00  0.0000E+00
       1        2        2        0        0        0                         0.7501E+08  0.4465E+05  0.9194E+06  0.3059E+06  0.2211E+06  0.1077E+04  0.0000E+00  0.0000E+00
       1        3        3        0        0        0                         0.2104E+09  0.2254E+06  0.2356E+07  0.7982E+06  0.5854E+06  0.3728E+04  0.0000E+00  0.0000E+00
       1        4        4        0        0        0                         0.1588E+09  0.8745E+05  0.1435E+07  0.4761E+06  0.5529E+06  0.2755E+04  0.0000E+00  0.0000E+00
       1        5        5        0        0        0                         0.5886E+09  0.7011E+06  0.4629E+07  0.1518E+07  0.1571E+07  0.1139E+05  0.0000E+00  0.0000E+00
       1        6        6        0        0        0                         0.3322E+09  0.8381E+06  0.5347E+07  0.1868E+07  0.1316E+07  0.5105E+04  0.0000E+00  0.0000E+00
       1        7        7        0        0        0                         0.5990E+09  0.5155E+06  0.2758E+07  0.9213E+06  0.3754E+07  0.1033E+05  0.0000E+00  0.0000E+00
       1        8        8        0        0        0                         0.1237E+10  0.1448E+07  0.1171E+08  0.3801E+07  0.5846E+07  0.2015E+05  0.0000E+00  0.0000E+00
       1        9        9        0        0        0                         0.5593E+09  0.6694E+06  0.4110E+07  0.1375E+07  0.2530E+07  0.1099E+05  0.0000E+00  0.0000E+00
       1       10       10        0        0        0                         0.4610E+09  0.5502E+06  0.5216E+07  0.1722E+07  0.3113E+07  0.7620E+04  0.0000E+00  0.0000E+00
       1       11       11        0        0        0                         0.2407E+10  0.1546E+07  0.1104E+08  0.3711E+07  0.8728E+07  0.3849E+05  0.0000E+00  0.0000E+00
       1       12       12        0        0        0                         0.8910E+09  0.5073E+06  0.3272E+07  0.1012E+07  0.2075E+07  0.2018E+05  0.0000E+00  0.0000E+00
       1       13       13        0        0        0                         0.2463E+10  0.1343E+07  0.8835E+07  0.2961E+07  0.1030E+08  0.3249E+05  0.0000E+00  0.0000E+00
       1       14       14        0        0        0                         0.3356E+10  0.2155E+07  0.1303E+08  0.4028E+07  0.1376E+08  0.5916E+05  0.0000E+00  0.0000E+00
       1       15       15        0        0        0                         0.5435E+09  0.7778E+05  0.1328E+07  0.4466E+06  0.2271E+07  0.7828E+04  0.0000E+00  0.0000E+00
       1       16       16        0        0        0                         0.8308E+09  0.2078E+06  0.1675E+07  0.5996E+06  0.3775E+07  0.1560E+05  0.0000E+00  0.0000E+00
       1       17       17        0        0        0                         0.2160E+10  0.8044E+06  0.5042E+07  0.1653E+07  0.9068E+07  0.3446E+05  0.0000E+00  0.0000E+00
       1       18       18        0        0        0                         0.9499E+09  0.2437E+06  0.1263E+07  0.4599E+06  0.4246E+07  0.1834E+05  0.0000E+00  0.0000E+00
       1       19       19        0        0        0                         0.1567E+10  0.6412E+06  0.6076E+07  0.1890E+07  0.6143E+07  0.2431E+05  0.0000E+00  0.0000E+00
       1       20       20        0        0        0                         0.1393E+10  0.6051E+06  0.5357E+07  0.1672E+07  0.5603E+07  0.2042E+05  0.0000E+00  0.0000E+00
       2       21        1        1        1        0                         0.2386E+09  0.2295E+06  0.1766E+07  0.5823E+06  0.8929E+06  0.5304E+04  0.0000E+00  0.0000E+00
       5       22        4       21        0        0                         0.3974E+09  0.3169E+06  0.3201E+07  0.1058E+07  0.1446E+07  0.8059E+04  0.0000E+00  0.0000E+00
       2       23        4       22        4        0                         0.3953E+09  0.2883E+06  0.2699E+07  0.8822E+06  0.1233E+07  0.1729E+05  0.0000E+00  0.0000E+00
       5       24        3       23        0        0                         0.6058E+09  0.5137E+06  0.5055E+07  0.1680E+07  0.1818E+07  0.2102E+05  0.0000E+00  0.0000E+00
       2       25        5        5        5        0                         0.5829E+09  0.7007E+06  0.3421E+07  0.1091E+07  0.1552E+07  0.2481E+05  0.0000E+00  0.0000E+00
       5       26       24       25        0        0                         0.1189E+10  0.1214E+07  0.8476E+07  0.2772E+07  0.3370E+07  0.4584E+05  0.0000E+00  0.0000E+00
       2       27        6        6        6        0                         0.3293E+09  0.8381E+06  0.3777E+07  0.1289E+07  0.1743E+07  0.1200E+05  0.0000E+00  0.0000E+00
       5       28       26       27        0        0                         0.1518E+10  0.2053E+07  0.1225E+08  0.4061E+07  0.5113E+07  0.5784E+05  0.0000E+00  0.0000E+00
       2       29        9        9        9        0                         0.5509E+09  0.6586E+06  0.2131E+07  0.6796E+06  0.2449E+07  0.2149E+05  0.0000E+00  0.0000E+00
       5       30        7       29        0        0                         0.1150E+10  0.1174E+07  0.4889E+07  0.1601E+07  0.6203E+07  0.3181E+05  0.0000E+00  0.0000E+00
       2       31       11       11       11        0                         0.2396E+10  0.1546E+07  0.9801E+07  0.3244E+07  0.7942E+07  0.8845E+05  0.0000E+00  0.0000E+00
       5       32       10       31        0        0                         0.2857E+10  0.2096E+07  0.1502E+08  0.4966E+07  0.1106E+08  0.9607E+05  0.0000E+00  0.0000E+00
       2       33       12       12       12        0                         0.8886E+09  0.5073E+06  0.3055E+07  0.9348E+06  0.1929E+07  0.3439E+05  0.0000E+00  0.0000E+00
       5       34       32       33        0        0                         0.3745E+10  0.2603E+07  0.1807E+08  0.5901E+07  0.1298E+08  0.1305E+06  0.0000E+00  0.0000E+00
       2       35       14       14       14        0                         0.3342E+10  0.2026E+07  0.9019E+07  0.2611E+07  0.1549E+08  0.1464E+06  0.0000E+00  0.0000E+00
       5       36       13       35        0        0                         0.5805E+10  0.3369E+07  0.1785E+08  0.5571E+07  0.2579E+08  0.1788E+06  0.0000E+00  0.0000E+00
       2       37       16       16       16        0                         0.8271E+09  0.2078E+06  0.1544E+07  0.5461E+06  0.3369E+07  0.2361E+05  0.0000E+00  0.0000E+00
       5       38       15       37        0        0                         0.1371E+10  0.2856E+06  0.2872E+07  0.9927E+06  0.5639E+07  0.3144E+05  0.0000E+00  0.0000E+00
       2       39       17       17       17        0                         0.2149E+10  0.8044E+06  0.4665E+07  0.1508E+07  0.8319E+07  0.6715E+05  0.0000E+00  0.0000E+00
       5       40       38       39        0        0                         0.3520E+10  0.1090E+07  0.7537E+07  0.2501E+07  0.1396E+08  0.9858E+05  0.0000E+00  0.0000E+00
       2       41       15       40       15        0                         0.3502E+10  0.9556E+06  0.6706E+07  0.2168E+07  0.1324E+08  0.1987E+06  0.0000E+00  0.0000E+00
       5       42       36       41        0        0                         0.9307E+10  0.4325E+07  0.2456E+08  0.7740E+07  0.3903E+08  0.3776E+06  0.0000E+00  0.0000E+00
       2       43       19       19       19        0                         0.1560E+10  0.6412E+06  0.5517E+07  0.1697E+07  0.5434E+07  0.5131E+05  0.0000E+00  0.0000E+00
       5       44       18       43        0        0                         0.2510E+10  0.8849E+06  0.6780E+07  0.2157E+07  0.9680E+07  0.6965E+05  0.0000E+00  0.0000E+00
       2       45       20       20       20        0                         0.1386E+10  0.6051E+06  0.4674E+07  0.1433E+07  0.4897E+07  0.4858E+05  0.0000E+00  0.0000E+00
       5       46       44       45        0        0                         0.3895E+10  0.1490E+07  0.1145E+08  0.3591E+07  0.1458E+08  0.1182E+06  0.0000E+00  0.0000E+00
       2       47       18       46       18        0                         0.3876E+10  0.1160E+07  0.9115E+07  0.2750E+07  0.1360E+08  0.2587E+06  0.0000E+00  0.0000E+00
       5       48       42       47        0        0                         0.1318E+11  0.5484E+07  0.3368E+08  0.1049E+08  0.5263E+08  0.6362E+06  0.0000E+00  0.0000E+00
       2       49       13       48       13        0                         0.1310E+11  0.4458E+07  0.2940E+08  0.8876E+07  0.4972E+08  0.1125E+07  0.0000E+00  0.0000E+00
       5       50       34       49        0        0                         0.1685E+11  0.7062E+07  0.4747E+08  0.1478E+08  0.6271E+08  0.1255E+07  0.0000E+00  0.0000E+00
       2       51       10       50       10        0                         0.1676E+11  0.5526E+07  0.3965E+08  0.1187E+08  0.5946E+08  0.2064E+07  0.0000E+00  0.0000E+00
       5       52        8       51        0        0                         0.1800E+11  0.6974E+07  0.5136E+08  0.1568E+08  0.6530E+08  0.2084E+07  0.0000E+00  0.0000E+00
       2       53        8       52        8        0                         0.1792E+11  0.5727E+07  0.4264E+08  0.1256E+08  0.6241E+08  0.2849E+07  0.0000E+00  0.0000E+00
       5       54       30       53        0        0                         0.1907E+11  0.6901E+07  0.4753E+08  0.1416E+08  0.6861E+08  0.2881E+07  0.0000E+00  0.0000E+00
       2       55        7       54        7        0                         0.1889E+11  0.5814E+07  0.4350E+08  0.1270E+08  0.6580E+08  0.3394E+07  0.0000E+00  0.0000E+00
       5       56       28       55        0        0                         0.2041E+11  0.7866E+07  0.5575E+08  0.1676E+08  0.7091E+08  0.3452E+07  0.0000E+00  0.0000E+00
       2       57        3       56        3        0                         0.2024E+11  0.6982E+07  0.5174E+08  0.1532E+08  0.6795E+08  0.3915E+07  0.0000E+00  0.0000E+00
       5       58        2       57        0        0                         0.2031E+11  0.7027E+07  0.5266E+08  0.1563E+08  0.6817E+08  0.3916E+07  0.0000E+00  0.0000E+00
       2       59        2       58        2        0                         0.2013E+11  0.6606E+07  0.4996E+08  0.1468E+08  0.6584E+08  0.4212E+07  0.0000E+00  0.0000E+00
      14       59        1        0        0        0                         0.2013E+11  0.6606E+07  0.4996E+08  0.1468E+08  0.6584E+08  0.4212E+07  0.0000E+00  0.0000E+00
