4    1.158000
5    0.092120
6    0.058620
7    0.035180
8    0.020340
9    0.012020
10    0.009946
11    0.011240
12    0.013980
13    0.167200
14    0.216100
15    0.785300
16    2.567000
17    1.692000
18    0.986200
19    0.430100
20    0.221700
21    0.115800
22    0.065370
23    0.039540
24    0.128500
1    14.710000
2    89.370003
3    61.830002
4    43.389999
5    29.240000
6    29.660000
7    28.760000
8    26.820000
9    23.969999
10    20.320000
11    16.299999
12    13.500000
13    10.500000
14    159.100006
15    51.910000
16    55.450001
17    48.599998
18    39.389999
19    33.740002
20    32.090000
21    27.840000
22    22.360001
23    26.420000
24    14.080000
