outlet_no=   1, 1
1,
outlet_no=   2, 20
2,1,3,4,5,6,7,8,9,10,11,12,13,14,15,16,17,18,19,20,
outlet_no=   3, 19
3,1,4,5,6,7,8,9,10,11,12,13,14,15,16,17,18,19,20,
outlet_no=   4, 2
4,1,
outlet_no=   5, 1
5,
outlet_no=   6, 1
6,
outlet_no=   7, 16
7,1,4,8,9,10,11,12,13,14,15,16,17,18,19,20,
outlet_no=   8, 12
8,10,11,12,13,14,15,16,17,18,19,20,
outlet_no=   9, 1
9,
outlet_no=   10, 11
10,11,12,13,14,15,16,17,18,19,20,
outlet_no=   11, 1
11,
outlet_no=   12, 1
12,
outlet_no=   13, 8
13,14,15,16,17,18,19,20,
outlet_no=   14, 1
14,
outlet_no=   15, 3
15,16,17,
outlet_no=   16, 1
16,
outlet_no=   17, 1
17,
outlet_no=   18, 3
18,19,20,
outlet_no=   19, 1
19,
outlet_no=   20, 1
20,
