outlet_no=   1


outlet_no=   2
3 5 6 7 4 8 9 1 10 11 12 13 14 18 15 19 20 16 17 

outlet_no=   3
5 6 7 4 8 9 1 10 11 12 13 14 18 15 19 20 16 17 

outlet_no=   4
1 

outlet_no=   5


outlet_no=   6


outlet_no=   7
4 8 9 1 10 11 12 13 14 18 15 19 20 16 17 

outlet_no=   8
10 11 12 13 14 18 15 19 20 16 17 

outlet_no=   9


outlet_no=   10
11 12 13 14 18 15 19 20 16 17 

outlet_no=   11


outlet_no=   12


outlet_no=   13
14 18 15 19 20 16 17 

outlet_no=   14


outlet_no=   15
16 17 

outlet_no=   16


outlet_no=   17


outlet_no=   18
19 20 

outlet_no=   19


outlet_no=   20


outlet_no= 
