    1   0.33708E+04   0.29130E+06
    2   0.19510E+05   0.16860E+07
    3   0.50418E+04   0.43571E+06
    4   0.85943E+04   0.74272E+06
    5   0.12062E+05   0.10424E+07
    6   0.79713E+03   0.68888E+05
    7   0.15163E+06   0.13103E+08
    8   0.13075E+06   0.11299E+08
    9   0.97905E+05   0.84609E+07
   10   0.31025E+04   0.26812E+06
   11   0.69525E+04   0.60084E+06
   12   0.41452E+05   0.35822E+07
   13   0.41997E+04   0.36294E+06
   14   0.17165E+04   0.14834E+06
   15   0.50076E+05   0.43276E+07
   16   0.52422E+04   0.45303E+06
   17   0.48000E+05   0.41482E+07
   18   0.92990E+04   0.80361E+06
   19   0.14548E+06   0.12572E+08
   20   0.23583E+05   0.20381E+07
   21   0.74399E+04   0.64296E+06
   22   0.66171E+04   0.57184E+06
   23   0.15701E+04   0.13568E+06
   24   0.24006E+04   0.20745E+06
   25   0.17334E+05   0.14980E+07
   26   0.14952E+06   0.12922E+08
   27   0.10747E+05   0.92877E+06
   28   0.23024E+05   0.19897E+07
   29   0.10364E+06   0.89566E+07
   30   0.10011E+04   0.86516E+05
   31   0.12108E+04   0.10464E+06
   32   0.38721E+04   0.33462E+06
   33   0.18592E+04   0.16067E+06
   34   0.39572E+05   0.34198E+07
   35   0.34907E+04   0.30166E+06
   36   0.22612E+05   0.19541E+07
   37   0.12785E+04   0.11048E+06
   38   0.30112E+04   0.26023E+06
   39   0.14764E+06   0.12759E+08
   40   0.38366E+05   0.33156E+07
   41   0.46965E+04   0.40587E+06
   42   0.10250E+05   0.88576E+06
   43   0.42092E+05   0.36376E+07
   44   0.38483E+04   0.33257E+06
   45   0.15372E+04   0.13284E+06
   46   0.80567E+04   0.69626E+06
   47   0.10921E+06   0.94381E+07
   48   0.14180E+04   0.12254E+06
   49   0.14793E+06   0.12784E+08
   50   0.98746E+05   0.85335E+07
   51   0.19629E+04   0.16964E+06
   52   0.90577E+04   0.78276E+06
   53   0.15461E+05   0.13361E+07
   54   0.21480E+05   0.18563E+07
   55   0.24621E+05   0.21278E+07
   56   0.44233E+05   0.38226E+07
   57   0.14566E+05   0.12588E+07
   58   0.44009E+04   0.38033E+06
   59   0.73903E+05   0.63867E+07
   60   0.18287E+05   0.15803E+07
   61   0.33661E+05   0.29090E+07
   62   0.41589E+05   0.35941E+07
   63   0.29539E+04   0.25528E+06
   64   0.17020E+05   0.14709E+07
   65   0.68020E+04   0.58782E+06
   66   0.54301E+05   0.46927E+07
   67   0.87998E+04   0.76047E+06
   68   0.12292E+06   0.10622E+08
   69   0.22606E+04   0.19536E+06
   70   0.14096E+04   0.12181E+06
   71   0.57131E+05   0.49372E+07
   72   0.21278E+05   0.18388E+07
   73   0.53363E+05   0.46116E+07
   74   0.16500E+05   0.14259E+07
   75   0.23489E+05   0.20299E+07
   76   0.12891E+06   0.11140E+08
   77   0.40282E+05   0.34811E+07
   78   0.17394E+05   0.15032E+07
   79   0.26428E+05   0.22839E+07
   80   0.61896E+04   0.53491E+06
   81   0.38791E+04   0.33523E+06
   82   0.12921E+06   0.11166E+08
   83   0.21795E+04   0.18836E+06
   84   0.12952E+05   0.11193E+07
   85   0.11631E+05   0.10052E+07
   86   0.46418E+04   0.40114E+06
   87   0.11840E+04   0.10232E+06
   88   0.68222E+04   0.58957E+06
   89   0.18668E+04   0.16133E+06
   90   0.12864E+05   0.11117E+07
   91   0.34616E+04   0.29915E+06
   92   0.12606E+05   0.10894E+07
   93   0.74021E+05   0.63969E+07
   94   0.69023E+05   0.59650E+07
   95   0.33389E+04   0.28855E+06
   96   0.38968E+04   0.33676E+06
   97   0.15308E+06   0.13229E+08
   98   0.12542E+06   0.10839E+08
   99   0.66603E+04   0.57558E+06
  100   0.41958E+04   0.36260E+06
  101   0.15581E+06   0.13465E+08
  102   0.70950E+04   0.61314E+06
  103   0.93802E+03   0.81063E+05
  104   0.10234E+05   0.88441E+06
  105   0.35990E+04   0.31103E+06
  106   0.56122E+05   0.48501E+07
  107   0.45626E+05   0.39430E+07
  108   0.35634E+05   0.30795E+07
  109   0.11712E+05   0.10122E+07
  110   0.56890E+04   0.49164E+06
  111   0.13948E+04   0.12054E+06
  112   0.30241E+04   0.26134E+06
  113   0.32911E+05   0.28442E+07
  114   0.20365E+05   0.17599E+07
  115   0.87441E+04   0.75566E+06
  116   0.18727E+05   0.16184E+07
  117   0.40515E+04   0.35013E+06
  118   0.10220E+04   0.88324E+05
  119   0.92002E+04   0.79507E+06
  120   0.95854E+04   0.82836E+06
  121   0.64392E+04   0.55647E+06
  122   0.13477E+04   0.11647E+06
  123   0.34760E+04   0.30040E+06
  124   0.88332E+04   0.76336E+06
  125   0.14093E+06   0.12179E+08
  126   0.14563E+06   0.12585E+08
  127   0.54678E+04   0.47253E+06
  128   0.16051E+04   0.13871E+06
  129   0.10973E+05   0.94825E+06
  130   0.95061E+04   0.82152E+06
  131   0.11902E+05   0.10286E+07
  132   0.94702E+03   0.81841E+05
  133   0.10032E+06   0.86692E+07
  134   0.52458E+04   0.45334E+06
  135   0.34762E+04   0.30041E+06
  136   0.20150E+03   0.17414E+05
  137   0.12961E+05   0.11201E+07
  138   0.95969E+04   0.82936E+06
  139   0.36954E+05   0.31935E+07
  140   0.32332E+04   0.27941E+06
  141   0.24008E+05   0.20748E+07
  142   0.17544E+05   0.15162E+07
  143   0.39474E+04   0.34113E+06
  144   0.58939E+03   0.50935E+05
  145   0.14808E+06   0.12797E+08
  146   0.39434E+04   0.34079E+06
  147   0.55887E+04   0.48297E+06
  148   0.38565E+05   0.33328E+07
  149   0.40614E+04   0.35098E+06
  150   0.33748E+05   0.29165E+07
  151   0.48966E+05   0.42316E+07
  152   0.81736E+04   0.70636E+06
  153   0.20136E+04   0.17402E+06
  154   0.66632E+04   0.57583E+06
  155   0.11743E+05   0.10149E+07
  156   0.24009E+04   0.20748E+06
  157   0.46915E+04   0.40544E+06
  158   0.11077E+05   0.95731E+06
  159   0.65552E+04   0.56650E+06
  160   0.11072E+06   0.95682E+07
  161   0.30881E+05   0.26688E+07
  162   0.61616E+04   0.53249E+06
  163   0.78848E+04   0.68140E+06
  164   0.92467E+04   0.79909E+06
  165   0.11956E+06   0.10332E+08
  166   0.15146E+06   0.13089E+08
  167   0.21088E+05   0.18224E+07
  168   0.16855E+05   0.14566E+07
  169   0.13576E+06   0.11733E+08
  170   0.12938E+06   0.11181E+08
  171   0.15485E+06   0.13382E+08
  172   0.44923E+05   0.38822E+07
  173   0.27300E+05   0.23593E+07
  174   0.33235E+04   0.28721E+06
  175   0.32207E+05   0.27833E+07
  176   0.11815E+05   0.10210E+07
  177   0.27183E+04   0.23491E+06
  178   0.23344E+04   0.20174E+06
  179   0.11590E+05   0.10016E+07
  180   0.24615E+04   0.21273E+06
  181   0.43129E+04   0.37272E+06
  182   0.10927E+06   0.94434E+07
  183   0.10424E+05   0.90088E+06
  184   0.35185E+04   0.30407E+06
  185   0.23068E+04   0.19936E+06
  186   0.15981E+06   0.13811E+08
  187   0.12419E+04   0.10732E+06
  188   0.57027E+05   0.49282E+07
  189   0.16052E+05   0.13872E+07
  190   0.10728E+06   0.92708E+07
  191   0.75343E+04   0.65111E+06
  192   0.98262E+03   0.84918E+05
  193   0.76839E+04   0.66404E+06
  194   0.50236E+04   0.43414E+06
  195   0.10196E+04   0.88112E+05
  196   0.50342E+05   0.43506E+07
  197   0.34397E+04   0.29726E+06
  198   0.15134E+06   0.13079E+08
  199   0.36341E+05   0.31405E+07
  200   0.43572E+04   0.37655E+06
  201   0.36267E+04   0.31342E+06
  202   0.24551E+04   0.21217E+06
  203   0.44506E+05   0.38462E+07
  204   0.35986E+05   0.31099E+07
  205   0.16631E+05   0.14372E+07
  206   0.15065E+06   0.13019E+08
  207   0.16922E+05   0.14624E+07
  208   0.63249E+03   0.54660E+05
  209   0.13758E+04   0.11890E+06
  210   0.10384E+05   0.89741E+06
  211   0.13352E+05   0.11539E+07
  212   0.15109E+04   0.13057E+06
  213   0.13863E+05   0.11981E+07
  214   0.19012E+05   0.16430E+07
  215   0.30253E+04   0.26144E+06
  216   0.54566E+05   0.47156E+07
  217   0.84733E+05   0.73226E+07
  218   0.52196E+04   0.45107E+06
  219   0.10189E+05   0.88052E+06
  220   0.15510E+06   0.13403E+08
  221   0.50220E+05   0.43400E+07
  222   0.43874E+04   0.37915E+06
  223   0.38881E+05   0.33601E+07
  224   0.47291E+04   0.40868E+06
  225   0.15892E+06   0.13734E+08
  226   0.22654E+05   0.19577E+07
  227   0.13511E+05   0.11676E+07
  228   0.75744E+05   0.65458E+07
  229   0.32427E+04   0.28024E+06
  230   0.39205E+05   0.33881E+07
  231   0.14823E+04   0.12810E+06
  232   0.48954E+04   0.42306E+06
  233   0.17468E+04   0.15096E+06
  234   0.77533E+05   0.67004E+07
  235   0.12695E+05   0.10971E+07
  236   0.44293E+04   0.38278E+06
  237   0.13965E+04   0.12069E+06
  238   0.15663E+05   0.13536E+07
  239   0.74855E+05   0.64689E+07
  240   0.93319E+04   0.80645E+06
  241   0.72676E+04   0.62807E+06
  242   0.53676E+05   0.46386E+07
  243   0.45366E+04   0.39205E+06
  244   0.66630E+05   0.57581E+07
  245   0.32525E+05   0.28108E+07
  246   0.22499E+05   0.19443E+07
  247   0.51563E+04   0.44560E+06
  248   0.23076E+04   0.19942E+06
  249   0.27207E+04   0.23512E+06
  250   0.19569E+05   0.16911E+07
  251   0.27148E+04   0.23462E+06
  252   0.94231E+04   0.81434E+06
  253   0.23331E+05   0.20163E+07
  254   0.19655E+04   0.16986E+06
  255   0.13138E+04   0.11354E+06
  256   0.24212E+05   0.20924E+07
  257   0.39431E+05   0.34076E+07
  258   0.10376E+05   0.89668E+06
  259   0.58733E+04   0.50756E+06
  260   0.17662E+04   0.15263E+06
  261   0.10464E+06   0.90429E+07
  262   0.73449E+04   0.63474E+06
  263   0.24909E+05   0.21526E+07
  264   0.64558E+04   0.55791E+06
  265   0.14152E+04   0.12230E+06
  266   0.61105E+04   0.52807E+06
  267   0.27129E+05   0.23445E+07
  268   0.39690E+04   0.34300E+06
  269   0.12428E+05   0.10740E+07
  270   0.19899E+04   0.17196E+06
  271   0.10319E+05   0.89174E+06
  272   0.54029E+05   0.46692E+07
  273   0.89582E+04   0.77416E+06
  274   0.60069E+04   0.51911E+06
  275   0.83307E+04   0.71994E+06
  276   0.51205E+04   0.44251E+06
  277   0.63373E+04   0.54766E+06
  278   0.26765E+05   0.23130E+07
  279   0.86094E+05   0.74402E+07
  280   0.10591E+04   0.91528E+05
  281   0.77312E+04   0.66813E+06
  282   0.50116E+03   0.43310E+05
  283   0.46952E+03   0.40576E+05
  284   0.57674E+03   0.49841E+05
  285   0.10819E+04   0.93498E+05
  286   0.13826E+04   0.11948E+06
  287   0.15430E+04   0.13334E+06
  288   0.33420E+03   0.28881E+05
  289   0.30811E+03   0.26626E+05
  290   0.36661E+03   0.31683E+05
  291   0.17297E+04   0.14948E+06
  292   0.73882E+03   0.63849E+05
  293   0.13566E+04   0.11723E+06
  294   0.11460E+04   0.99033E+05
  295   0.17171E+03   0.14839E+05
  296   0.87032E+03   0.75213E+05
  297   0.44527E+03   0.38480E+05
  298   0.20240E+03   0.17491E+05
  299   0.33536E+03   0.28981E+05
  300   0.46155E+03   0.39887E+05
  301   0.89405E+03   0.77263E+05
  302   0.50507E+03   0.43648E+05
  303   0.59863E+03   0.51733E+05
  304   0.62514E+03   0.54024E+05
  305   0.27209E+03   0.23514E+05
  306   0.44973E+03   0.38865E+05
  307   0.48034E+03   0.41511E+05
  308   0.93689E+03   0.80966E+05
  309   0.96657E+03   0.83531E+05
  310   0.20304E+04   0.17546E+06
  311   0.11345E+04   0.98046E+05
  312   0.21811E+04   0.18849E+06
  313   0.13170E+04   0.11381E+06
  314   0.15982E+04   0.13812E+06
  315   0.10462E+04   0.90411E+05
  316   0.55890E+03   0.48300E+05
  317   0.10383E+04   0.89729E+05
  318   0.17101E+04   0.14778E+06
  319   0.12926E+04   0.11170E+06
  320   0.19777E+04   0.17091E+06
  321   0.78893E+03   0.68179E+05
  322   0.15953E+04   0.13786E+06
  323   0.54497E+03   0.47096E+05
  324   0.10567E+04   0.91316E+05
  325   0.82417E+03   0.71224E+05
  326   0.15149E+04   0.13092E+06
  327   0.13554E+04   0.11713E+06
  328   0.48347E+03   0.41781E+05
  329   0.43910E+03   0.37946E+05
  330   0.45713E+03   0.39505E+05
  331   0.53783E+03   0.46479E+05
  332   0.79199E+03   0.68444E+05
  333   0.84466E+03   0.72995E+05
  334   0.64053E+03   0.55354E+05
  335   0.72059E+03   0.62273E+05
  336   0.18808E+04   0.16254E+06
  337   0.13565E+04   0.11722E+06
  338   0.12639E+04   0.10922E+06
  339   0.10007E+04   0.86479E+05
  340   0.54436E+03   0.47043E+05
  341   0.54437E+03   0.47044E+05
  342   0.15074E+04   0.13027E+06
  343   0.11869E+04   0.10257E+06
  344   0.15084E+04   0.13035E+06
  345   0.33696E+04   0.29120E+06
  346   0.11208E+04   0.96857E+05
  347   0.70073E+03   0.60557E+05
  348   0.12115E+04   0.10470E+06
  349   0.68813E+03   0.59468E+05
  350   0.91453E+03   0.79033E+05
  351   0.41056E+03   0.35480E+05
  352   0.14215E+04   0.12284E+06
  353   0.42698E+03   0.36900E+05
  354   0.10956E+04   0.94679E+05
  355   0.58292E+03   0.50376E+05
  356   0.91149E+03   0.78771E+05
  357   0.39258E+03   0.33927E+05
  358   0.11031E+04   0.95329E+05
  359   0.19129E+04   0.16531E+06
  360   0.10591E+04   0.91528E+05
  361   0.16806E+04   0.14524E+06
  362   0.12402E+04   0.10718E+06
  363   0.12159E+04   0.10508E+06
  364   0.12672E+04   0.10951E+06
  365   0.88342E+03   0.76345E+05
  366   0.10780E+04   0.93163E+05
  367   0.21790E+04   0.18831E+06
  368   0.12974E+04   0.11212E+06
  369   0.53416E+03   0.46162E+05
  370   0.37879E+03   0.32735E+05
  371   0.75548E+03   0.65289E+05
  372   0.83740E+03   0.72368E+05
  373   0.26730E+04   0.23100E+06
  374   0.21658E+03   0.18717E+05
  375   0.70208E+03   0.60673E+05
  376   0.23826E+03   0.20590E+05
  377   0.84055E+03   0.72640E+05
  378   0.60226E+03   0.52047E+05
  379   0.42597E+03   0.36812E+05
  380   0.31367E+04   0.27107E+06
  381   0.99380E+02   0.85883E+04
  382   0.36920E+03   0.31906E+05
  383   0.39856E+03   0.34444E+05
  384   0.47433E+03   0.40992E+05
  385   0.63805E+03   0.55140E+05
  386   0.58088E+03   0.50200E+05
  387   0.10698E+04   0.92456E+05
  388   0.33429E+03   0.28890E+05
  389   0.82294E+03   0.71118E+05
  390   0.56028E+03   0.48419E+05
  391   0.57464E+03   0.49660E+05
  392   0.70624E+03   0.61033E+05
  393   0.16917E+03   0.14620E+05
  394   0.23018E+04   0.19892E+06
  395   0.55632E+04   0.48077E+06
  396   0.42486E+04   0.36717E+06
  397   0.40726E+03   0.35195E+05
  398   0.14376E+04   0.12424E+06
  399   0.63674E+03   0.55027E+05
  400   0.30344E+04   0.26223E+06
  401   0.80555E+03   0.69616E+05
  402   0.74424E+03   0.64317E+05
  403   0.32050E+04   0.27697E+06
  404   0.34506E+03   0.29820E+05
  405   0.33391E+03   0.28856E+05
  406   0.26253E+03   0.22688E+05
  407   0.92595E+03   0.80020E+05
  408   0.10435E+04   0.90175E+05
  409   0.65636E+03   0.56722E+05
  410   0.12654E+04   0.10936E+06
  411   0.85154E+03   0.73590E+05
  412   0.64631E+03   0.55854E+05
  413   0.68459E+03   0.59162E+05
  414   0.12255E+04   0.10590E+06
  415   0.64663E+03   0.55881E+05
  416   0.91106E+03   0.78733E+05
  417   0.35176E+03   0.30399E+05
  418   0.64150E+03   0.55438E+05
  419   0.50609E+03   0.43736E+05
  420   0.57053E+03   0.49305E+05
  421   0.45911E+03   0.39676E+05
  422   0.25977E+04   0.22449E+06
  423   0.81723E+03   0.70625E+05
  424   0.67726E+03   0.58528E+05
  425   0.76734E+03   0.66313E+05
  426   0.14178E+04   0.12253E+06
  427   0.32396E+04   0.27997E+06
  428   0.24795E+03   0.21428E+05
  429   0.39510E+04   0.34144E+06
  430   0.98822E+02   0.85401E+04
  431   0.93267E+03   0.80601E+05
  432   0.98207E+03   0.84870E+05
  433   0.57775E+03   0.49929E+05
  434   0.61657E+03   0.53284E+05
  435   0.47733E+03   0.41251E+05
  436   0.13501E+04   0.11667E+06
  437   0.10909E+04   0.94276E+05
  438   0.23704E+04   0.20485E+06
  439   0.81334E+03   0.70288E+05
  440   0.99656E+02   0.86122E+04
  441   0.41089E+03   0.35509E+05
  442   0.11864E+04   0.10253E+06
  443   0.68750E+03   0.59414E+05
  444   0.73971E+03   0.63925E+05
  445   0.92652E+03   0.80070E+05
  446   0.81377E+03   0.70325E+05
  447   0.71511E+03   0.61800E+05
  448   0.10158E+04   0.87783E+05
  449   0.92781E+03   0.80181E+05
  450   0.31687E+04   0.27384E+06
  451   0.21718E+04   0.18769E+06
  452   0.21621E+04   0.18685E+06
  453   0.89783E+03   0.77590E+05
  454   0.16850E+04   0.14562E+06
  455   0.10815E+04   0.93466E+05
  456   0.80033E+03   0.69164E+05
  457   0.41757E+04   0.36086E+06
  458   0.44647E+04   0.38584E+06
  459   0.27661E+04   0.23905E+06
  460   0.14170E+04   0.12245E+06
  461   0.10966E+04   0.94771E+05
  462   0.16388E+04   0.14163E+06
  463   0.68475E+03   0.59175E+05
  464   0.71626E+03   0.61898E+05
  465   0.20802E+04   0.17977E+06
  466   0.10635E+04   0.91907E+05
  467   0.75483E+03   0.65232E+05
  468   0.10247E+04   0.88556E+05
  469   0.33502E+03   0.28952E+05
  470   0.54388E+03   0.47002E+05
  471   0.10590E+04   0.91522E+05
  472   0.67265E+03   0.58130E+05
  473   0.92261E+03   0.79732E+05
  474   0.70256E+03   0.60715E+05
  475   0.79336E+04   0.68562E+06
  476   0.24606E+04   0.21264E+06
  477   0.30056E+04   0.25974E+06
  478   0.28470E+04   0.24603E+06
  479   0.36538E+04   0.31576E+06
  480   0.16417E+04   0.14187E+06
  481   0.36776E+04   0.31781E+06
  482   0.15870E+04   0.13715E+06
  483   0.19670E+04   0.16999E+06
  484   0.71512E+03   0.61800E+05
  485   0.89158E+03   0.77050E+05
  486   0.69702E+03   0.60236E+05
  487   0.23912E+04   0.20665E+06
  488   0.36933E+03   0.31918E+05
  489   0.50662E+03   0.43782E+05
  490   0.67700E+03   0.58506E+05
  491   0.60349E+03   0.52153E+05
  492   0.52725E+03   0.45565E+05
  493   0.95045E+03   0.82138E+05
  494   0.20006E+04   0.17289E+06
  495   0.39819E+03   0.34412E+05
  496   0.86571E+03   0.74815E+05
  497   0.86700E+03   0.74925E+05
  498   0.54315E+03   0.46939E+05
  499   0.51057E+03   0.44123E+05
  500   0.19612E+04   0.16949E+06
  501   0.67871E+03   0.58654E+05
  502   0.13309E+04   0.11502E+06
  503   0.28271E+04   0.24431E+06
  504   0.34390E+04   0.29720E+06
  505   0.18165E+04   0.15698E+06
  506   0.28942E+04   0.25011E+06
  507   0.41878E+04   0.36191E+06
  508   0.24251E+04   0.20958E+06
  509   0.13123E+04   0.11341E+06
  510   0.11184E+04   0.96652E+05
  511   0.14655E+04   0.12665E+06
  512   0.13608E+04   0.11760E+06
  513   0.15712E+04   0.13578E+06
  514   0.88069E+03   0.76109E+05
  515   0.19689E+04   0.17015E+06
  516   0.48299E+03   0.41740E+05
  517   0.81539E+03   0.70466E+05
  518   0.12316E+04   0.10643E+06
  519   0.19480E+04   0.16834E+06
  520   0.82323E+03   0.71143E+05
  521   0.89921E+03   0.77710E+05
  522   0.12667E+04   0.10947E+06
  523   0.14110E+04   0.12194E+06
  524   0.76688E+03   0.66274E+05
  525   0.12012E+04   0.10381E+06
  526   0.12686E+04   0.10963E+06
  527   0.10968E+04   0.94781E+05
  528   0.10274E+04   0.88785E+05
  529   0.27166E+04   0.23477E+06
  530   0.53530E+03   0.46261E+05
  531   0.20471E+04   0.17691E+06
  532   0.18722E+04   0.16180E+06
  533   0.12308E+04   0.10637E+06
  534   0.20471E+04   0.17691E+06
  535   0.34594E+04   0.29896E+06
  536   0.53364E+03   0.46117E+05
  537   0.37482E+03   0.32392E+05
  538   0.83082E+03   0.71800E+05
  539   0.93282E+03   0.80614E+05
  540   0.15033E+03   0.12991E+05
  541   0.44354E+03   0.38331E+05
  542   0.16904E+04   0.14608E+06
  543   0.13689E+04   0.11830E+06
  544   0.26395E+04   0.22811E+06
  545   0.51122E+03   0.44179E+05
  546   0.30780E+03   0.26600E+05
  547   0.21496E+03   0.18577E+05
  548   0.55736E+03   0.48167E+05
  549   0.55956E+03   0.48357E+05
  550   0.61050E+03   0.52759E+05
  551   0.29375E+03   0.25386E+05
  552   0.26920E+03   0.23264E+05
  553   0.85572E+03   0.73951E+05
  554   0.14500E+03   0.12531E+05
  555   0.27767E+03   0.23996E+05
  556   0.25994E+06   0.11017E+08
  557   0.33041E+04   0.14004E+06
  558   0.21879E+05   0.92728E+06
  559   0.11763E+05   0.49857E+06
  560   0.23345E+04   0.98941E+05
  561   0.58023E+04   0.24592E+06
  562   0.37947E+05   0.16083E+07
  563   0.12975E+06   0.54990E+07
  564   0.17628E+05   0.74712E+06
  565   0.60966E+04   0.25839E+06
  566   0.12029E+06   0.50983E+07
  567   0.13561E+04   0.57475E+05
  568   0.67569E+03   0.28638E+05
  569   0.54531E+03   0.23112E+05
  570   0.14490E+04   0.61412E+05
  571   0.69341E+03   0.29389E+05
  572   0.19190E+03   0.81332E+04
  573   0.86382E+03   0.36611E+05
  574   0.20588E+03   0.87256E+04
  575   0.40131E+03   0.17009E+05
  576   0.14355E+04   0.60842E+05
  577   0.70434E+03   0.29852E+05
  578   0.20039E+03   0.84930E+04
  579   0.20062E+03   0.85029E+04
  580   0.12505E+04   0.53001E+05
  581   0.22192E+04   0.94058E+05
  582   0.12203E+04   0.51719E+05
  583   0.24012E+04   0.10177E+06
  584   0.37763E+03   0.16005E+05
  585   0.16778E+04   0.71111E+05
  586   0.36713E+03   0.15560E+05
  587   0.32043E+03   0.13581E+05
  588   0.94208E+03   0.39928E+05
  589   0.61305E+03   0.25983E+05
  590   0.93958E+03   0.39822E+05
  591   0.99184E+03   0.42037E+05
  592   0.62164E+03   0.26347E+05
  593   0.16052E+04   0.68034E+05
  594   0.10939E+04   0.46363E+05
  595   0.40741E+03   0.17267E+05
  596   0.20013E+03   0.84821E+04
  597   0.14240E+04   0.60354E+05
  598   0.13705E+04   0.58084E+05
  599   0.45886E+03   0.19448E+05
  600   0.20112E+03   0.85240E+04
  601   0.62164E+03   0.26347E+05
  602   0.48648E+03   0.20618E+05
  603   0.20115E+03   0.85253E+04
  604   0.65762E+03   0.27872E+05
  605   0.15129E+04   0.64120E+05
  606   0.24286E+04   0.10293E+06
  607   0.12341E+04   0.52306E+05
  608   0.98816E+03   0.41881E+05
  609   0.20159E+03   0.85438E+04
  610   0.95544E+03   0.40494E+05
  611   0.18038E+04   0.76449E+05
  612   0.21467E+04   0.90982E+05
  613   0.11542E+04   0.48918E+05
  614   0.68367E+03   0.28976E+05
  615   0.50802E+03   0.21531E+05
  616   0.49805E+03   0.21109E+05
  617   0.21184E+03   0.89785E+04
  618   0.48885E+03   0.20719E+05
  619   0.60520E+03   0.25650E+05
  620   0.64146E+03   0.27187E+05
  621   0.20198E+03   0.85605E+04
  622   0.51031E+03   0.21628E+05
  623   0.20145E+03   0.85382E+04
  624   0.55486E+03   0.23516E+05
  625   0.59678E+03   0.25293E+05
  626   0.72810E+03   0.30859E+05
  627   0.64113E+03   0.27173E+05
  628   0.70796E+03   0.30005E+05
  629   0.52493E+03   0.22248E+05
  630   0.15734E+04   0.66684E+05
  631   0.20169E+03   0.85482E+04
  632   0.14128E+04   0.59879E+05
  633   0.20162E+03   0.85450E+04
  634   0.17103E+04   0.72485E+05
  635   0.12464E+04   0.52827E+05
  636   0.77535E+03   0.32862E+05
  637   0.20129E+03   0.85313E+04
  638   0.44613E+03   0.18908E+05
  639   0.20155E+03   0.85421E+04
  640   0.12559E+04   0.53227E+05
  641   0.15318E+04   0.64920E+05
  642   0.20114E+03   0.85248E+04
  643   0.80813E+03   0.34251E+05
  644   0.20167E+03   0.85471E+04
  645   0.10612E+04   0.44975E+05
  646   0.11124E+04   0.47146E+05
  647   0.41077E+03   0.17410E+05
  648   0.53470E+03   0.22662E+05
  649   0.87818E+03   0.37220E+05
  650   0.91904E+03   0.38952E+05
  651   0.20067E+03   0.85050E+04
  652   0.70190E+03   0.29748E+05
  653   0.72641E+03   0.30787E+05
  654   0.20101E+03   0.85192E+04
  655   0.20216E+03   0.85680E+04
  656   0.63114E+03   0.26750E+05
  657   0.20036E+03   0.84920E+04
  658   0.29861E+04   0.12656E+06
  659   0.22420E+04   0.95023E+05
  660   0.13423E+04   0.56888E+05
  661   0.20389E+04   0.86412E+05
  662   0.10986E+04   0.46562E+05
  663   0.20222E+03   0.85706E+04
  664   0.67995E+03   0.28818E+05
  665   0.87089E+03   0.36911E+05
  666   0.98696E+03   0.41830E+05
  667   0.17124E+04   0.72574E+05
  668   0.89756E+03   0.38041E+05
  669   0.90600E+03   0.38399E+05
  670   0.18064E+04   0.76561E+05
  671   0.18248E+04   0.77342E+05
  672   0.12163E+04   0.51549E+05
  673   0.99335E+03   0.42101E+05
  674   0.14677E+04   0.62207E+05
  675   0.10951E+04   0.46415E+05
  676   0.15652E+04   0.66337E+05
  677   0.11062E+04   0.46883E+05
  678   0.20130E+03   0.85318E+04
  679   0.11371E+04   0.48191E+05
  680   0.14852E+04   0.62948E+05
  681   0.43822E+03   0.18573E+05
  682   0.88080E+03   0.37331E+05
  683   0.75020E+03   0.31796E+05
  684   0.33402E+03   0.14157E+05
  685   0.20097E+03   0.85176E+04
  686   0.87228E+03   0.36970E+05
  687   0.11914E+04   0.50495E+05
  688   0.33652E+03   0.14263E+05
  689   0.15942E+04   0.67569E+05
  690   0.11015E+04   0.46683E+05
  691   0.76383E+03   0.32373E+05
  692   0.96179E+03   0.40763E+05
  693   0.70251E+03   0.29774E+05
  694   0.12152E+04   0.51503E+05
  695   0.58622E+03   0.24846E+05
  696   0.38142E+03   0.16166E+05
  697   0.74427E+03   0.31544E+05
  698   0.67543E+03   0.28627E+05
  699   0.20151E+03   0.85405E+04
  700   0.71835E+03   0.30446E+05
  701   0.46314E+03   0.19629E+05
  702   0.25147E+03   0.10658E+05
  703   0.74446E+03   0.31552E+05
  704   0.20187E+03   0.85556E+04
  705   0.19721E+03   0.83584E+04
  706   0.50919E+03   0.21581E+05
  707   0.64610E+03   0.27383E+05
  708   0.20142E+03   0.85368E+04
  709   0.51070E+03   0.21645E+05
  710   0.53599E+03   0.22717E+05
  711   0.63692E+03   0.26995E+05
  712   0.67021E+03   0.28405E+05
  713   0.45397E+03   0.19240E+05
  714   0.31191E+03   0.13220E+05
  715   0.20194E+03   0.85587E+04
  716   0.20143E+03   0.85370E+04
  717   0.20130E+03   0.85317E+04
  718   0.20157E+03   0.85430E+04
  719   0.11021E+04   0.46712E+05
  720   0.16275E+04   0.68978E+05
  721   0.23718E+04   0.10052E+06
  722   0.13295E+04   0.56349E+05
  723   0.85173E+03   0.36099E+05
  724   0.16673E+04   0.70665E+05
  725   0.20137E+03   0.85347E+04
  726   0.88520E+03   0.37517E+05
  727   0.15135E+04   0.64147E+05
  728   0.18205E+04   0.77159E+05
  729   0.10073E+04   0.42691E+05
  730   0.16468E+04   0.69797E+05
  731   0.97377E+03   0.41271E+05
  732   0.12568E+04   0.53268E+05
  733   0.72218E+03   0.30608E+05
  734   0.23100E+04   0.97903E+05
  735   0.20194E+04   0.85589E+05
  736   0.57487E+03   0.24365E+05
  737   0.12047E+04   0.51058E+05
  738   0.96716E+03   0.40991E+05
  739   0.13895E+04   0.58889E+05
  740   0.25835E+03   0.10949E+05
  741   0.92577E+03   0.39237E+05
  742   0.51774E+03   0.21943E+05
  743   0.91985E+03   0.38986E+05
  744   0.69784E+03   0.29576E+05
  745   0.88302E+03   0.37425E+05
  746   0.42356E+03   0.17952E+05
  747   0.10311E+04   0.43703E+05
  748   0.41250E+04   0.17483E+06
  749   0.58409E+03   0.24756E+05
  750   0.20007E+03   0.84796E+04
  751   0.16816E+04   0.71271E+05
  752   0.14309E+04   0.60643E+05
  753   0.81769E+03   0.34656E+05
  754   0.23226E+04   0.98439E+05
  755   0.96622E+03   0.40951E+05
  756   0.15806E+04   0.66992E+05
  757   0.20657E+04   0.87548E+05
  758   0.53744E+03   0.22778E+05
  759   0.14557E+04   0.61698E+05
  760   0.20220E+04   0.85696E+05
  761   0.18007E+04   0.76318E+05
  762   0.10362E+04   0.43917E+05
  763   0.20038E+03   0.84927E+04
  764   0.18029E+04   0.76411E+05
  765   0.74005E+03   0.31365E+05
  766   0.62641E+03   0.26549E+05
  767   0.85914E+03   0.36413E+05
  768   0.37240E+03   0.15783E+05
  769   0.23694E+04   0.10042E+06
  770   0.14267E+04   0.60467E+05
  771   0.70763E+03   0.29991E+05
  772   0.54678E+03   0.23174E+05
  773   0.38438E+03   0.16291E+05
  774   0.43925E+03   0.18617E+05
  775   0.46808E+03   0.19839E+05
  776   0.64088E+03   0.27162E+05
  777   0.24465E+03   0.10369E+05
  778   0.71514E+03   0.30310E+05
  779   0.14741E+04   0.62475E+05
  780   0.97842E+03   0.41468E+05
  781   0.18355E+04   0.77796E+05
  782   0.10034E+04   0.42528E+05
  783   0.13148E+04   0.55727E+05
  784   0.76048E+03   0.32231E+05
  785   0.79031E+03   0.33495E+05
  786   0.52725E+03   0.22346E+05
  787   0.12473E+04   0.52864E+05
  788   0.13130E+04   0.55649E+05
  789   0.96689E+03   0.40980E+05
  790   0.38203E+03   0.16191E+05
  791   0.72008E+03   0.30519E+05
  792   0.32341E+03   0.13707E+05
  793   0.17559E+04   0.74421E+05
  794   0.13263E+04   0.56213E+05
  795   0.81617E+03   0.34592E+05
  796   0.38553E+03   0.16340E+05
  797   0.11137E+04   0.47202E+05
  798   0.68349E+03   0.28968E+05
  799   0.53030E+03   0.22476E+05
  800   0.18492E+03   0.78376E+04
  801   0.20264E+03   0.85885E+04
  802   0.80614E+03   0.34166E+05
  803   0.62574E+03   0.26521E+05
  804   0.47589E+03   0.20170E+05
  805   0.48569E+03   0.20585E+05
  806   0.30504E+04   0.12929E+06
  807   0.97668E+03   0.41394E+05
  808   0.20102E+03   0.85199E+04
  809   0.26333E+04   0.11161E+06
  810   0.27158E+04   0.11510E+06
  811   0.15698E+04   0.66534E+05
  812   0.11504E+04   0.48755E+05
  813   0.21940E+04   0.92990E+05
  814   0.50176E+03   0.21266E+05
  815   0.10567E+04   0.44788E+05
  816   0.41049E+03   0.17398E+05
  817   0.11842E+04   0.50191E+05
  818   0.20228E+03   0.85731E+04
  819   0.20132E+03   0.85326E+04
  820   0.90342E+03   0.38289E+05
  821   0.20154E+03   0.85418E+04
  822   0.63332E+03   0.26842E+05
  823   0.10274E+04   0.43545E+05
  824   0.20097E+03   0.85178E+04
  825   0.50903E+03   0.21574E+05
  826   0.61345E+03   0.26000E+05
  827   0.96119E+03   0.40738E+05
  828   0.69594E+03   0.29496E+05
  829   0.67221E+03   0.28490E+05
  830   0.20149E+03   0.85397E+04
  831   0.19920E+03   0.84425E+04
  832   0.20201E+03   0.85617E+04
  833   0.61902E+03   0.26236E+05
  834   0.10923E+04   0.46296E+05
  835   0.41258E+03   0.17486E+05
  836   0.22967E+03   0.97339E+04
  837   0.56127E+03   0.23788E+05
  838   0.20174E+03   0.85505E+04
  839   0.48691E+03   0.20637E+05
  840   0.83030E+03   0.35190E+05
  841   0.11724E+04   0.49689E+05
  842   0.90008E+03   0.38148E+05
  843   0.82701E+03   0.35051E+05
  844   0.71083E+03   0.30127E+05
  845   0.84829E+03   0.35953E+05
  846   0.15124E+04   0.64098E+05
  847   0.17667E+04   0.74879E+05
  848   0.20174E+03   0.85502E+04
  849   0.12658E+04   0.53649E+05
  850   0.68292E+03   0.28944E+05
  851   0.63226E+03   0.26797E+05
  852   0.13249E+04   0.56153E+05
  853   0.56323E+03   0.23871E+05
  854   0.10309E+04   0.43692E+05
  855   0.77950E+03   0.33037E+05
  856   0.58144E+03   0.24643E+05
  857   0.11300E+04   0.47891E+05
  858   0.96334E+03   0.40829E+05
  859   0.11652E+04   0.49386E+05
  860   0.59056E+03   0.25030E+05
  861   0.71492E+03   0.30300E+05
  862   0.36996E+03   0.15680E+05
  863   0.12232E+04   0.51842E+05
  864   0.89335E+03   0.37863E+05
  865   0.58760E+03   0.24904E+05
  866   0.20122E+03   0.85284E+04
  867   0.19994E+03   0.84739E+04
  868   0.73127E+03   0.30993E+05
  869   0.18560E+04   0.72191E+05
  870   0.71346E+04   0.27751E+06
  871   0.38386E+04   0.14931E+06
  872   0.17134E+05   0.66646E+06
  873   0.21315E+05   0.82906E+06
  874   0.71220E+04   0.27702E+06
  875   0.19692E+05   0.76593E+06
  876   0.34341E+06   0.13357E+08
  877   0.33726E+06   0.13118E+08
  878   0.17081E+05   0.66437E+06
  879   0.69585E+05   0.27066E+07
  880   0.55231E+03   0.21483E+05
  881   0.51300E+03   0.19954E+05
  882   0.24572E+03   0.95577E+04
  883   0.21637E+03   0.84158E+04
  884   0.64749E+03   0.25185E+05
  885   0.21901E+03   0.85188E+04
  886   0.22206E+03   0.86372E+04
  887   0.21954E+03   0.85391E+04
  888   0.57876E+03   0.22512E+05
  889   0.29615E+03   0.11519E+05
  890   0.21743E+03   0.84572E+04
  891   0.37968E+03   0.14768E+05
  892   0.35418E+03   0.13776E+05
  893   0.32666E+03   0.12706E+05
  894   0.22082E+03   0.85889E+04
  895   0.27941E+03   0.10868E+05
  896   0.21012E+03   0.81728E+04
  897   0.32037E+03   0.12461E+05
  898   0.22050E+03   0.85764E+04
  899   0.29059E+03   0.11303E+05
  900   0.29619E+03   0.11521E+05
  901   0.27447E+03   0.10676E+05
  902   0.22729E+03   0.88408E+04
  903   0.22740E+03   0.88451E+04
  904   0.20252E+03   0.78772E+04
  905   0.20001E+03   0.77795E+04
  906   0.24103E+03   0.93752E+04
  907   0.25442E+03   0.98959E+04
  908   0.19870E+03   0.77286E+04
  909   0.21907E+03   0.85209E+04
  910   0.14052E+04   0.54658E+05
  911   0.41310E+03   0.16068E+05
  912   0.42940E+03   0.16702E+05
  913   0.55630E+03   0.21638E+05
  914   0.51981E+03   0.20218E+05
  915   0.21891E+03   0.85147E+04
  916   0.66805E+03   0.25985E+05
  917   0.21973E+03   0.85467E+04
  918   0.23081E+03   0.89778E+04
  919   0.82890E+03   0.32241E+05
  920   0.52540E+03   0.20436E+05
  921   0.40028E+03   0.15569E+05
  922   0.48087E+03   0.18704E+05
  923   0.17082E+04   0.66444E+05
  924   0.48418E+03   0.18833E+05
  925   0.21934E+03   0.85315E+04
  926   0.22112E+03   0.86008E+04
  927   0.35475E+03   0.13798E+05
  928   0.12359E+04   0.48073E+05
  929   0.40696E+03   0.15829E+05
  930   0.21960E+03   0.85415E+04
  931   0.21940E+03   0.85339E+04
  932   0.45393E+03   0.17656E+05
  933   0.21736E+03   0.84545E+04
  934   0.46669E+03   0.18152E+05
  935   0.29988E+03   0.11664E+05
  936   0.21935E+03   0.85318E+04
  937   0.25025E+03   0.97337E+04
  938   0.21732E+03   0.84528E+04
  939   0.44663E+03   0.17372E+05
  940   0.32510E+03   0.12645E+05
  941   0.22013E+03   0.85623E+04
  942   0.87185E+03   0.33912E+05
  943   0.73639E+03   0.28643E+05
  944   0.91851E+03   0.35727E+05
  945   0.84010E+03   0.32677E+05
  946   0.15397E+04   0.59890E+05
  947   0.68257E+03   0.26549E+05
  948   0.36958E+03   0.14375E+05
  949   0.17644E+04   0.68627E+05
  950   0.11875E+04   0.46191E+05
  951   0.61398E+03   0.23881E+05
  952   0.13497E+04   0.52497E+05
  953   0.10482E+04   0.40769E+05
  954   0.37579E+03   0.14617E+05
  955   0.35639E+03   0.13862E+05
  956   0.14084E+04   0.54783E+05
  957   0.45409E+03   0.17662E+05
  958   0.92760E+03   0.36080E+05
  959   0.13220E+04   0.51422E+05
  960   0.11464E+04   0.44591E+05
  961   0.53713E+03   0.20892E+05
  962   0.58463E+03   0.22740E+05
  963   0.61855E+03   0.24059E+05
  964   0.27665E+03   0.10761E+05
  965   0.24893E+03   0.96825E+04
  966   0.22065E+03   0.85822E+04
  967   0.21779E+03   0.84712E+04
  968   0.54002E+03   0.21005E+05
  969   0.74674E+03   0.29045E+05
  970   0.34573E+03   0.13448E+05
  971   0.79830E+03   0.31051E+05
  972   0.66952E+03   0.26042E+05
  973   0.91219E+03   0.35480E+05
  974   0.27321E+03   0.10627E+05
  975   0.38011E+03   0.14785E+05
  976   0.21562E+03   0.83867E+04
  977   0.21654E+03   0.84224E+04
  978   0.63192E+03   0.24579E+05
  979   0.46592E+03   0.18123E+05
  980   0.30364E+03   0.11810E+05
  981   0.22041E+03   0.85732E+04
  982   0.21691E+03   0.84371E+04
  983   0.21570E+03   0.83898E+04
  984   0.10121E+04   0.39368E+05
  985   0.14239E+04   0.55385E+05
  986   0.83834E+03   0.32608E+05
  987   0.43334E+03   0.16855E+05
  988   0.71834E+03   0.27941E+05
  989   0.52339E+03   0.20358E+05
  990   0.15174E+04   0.59020E+05
  991   0.59892E+03   0.23296E+05
  992   0.12761E+04   0.49634E+05
  993   0.36974E+03   0.14381E+05
  994   0.62082E+03   0.24148E+05
  995   0.47686E+03   0.18548E+05
  996   0.21863E+03   0.85039E+04
  997   0.62620E+03   0.24357E+05
  998   0.14260E+04   0.55467E+05
  999   0.10631E+04   0.41352E+05
 1000   0.61124E+03   0.23775E+05
