    1   0.58261E+06
    2   0.33721E+07
    3   0.87143E+06
    4   0.14854E+07
    5   0.20848E+07
    6   0.13778E+06
    7   0.26207E+08
    8   0.22598E+08
    9   0.16922E+08
   10   0.53624E+06
   11   0.12017E+07
   12   0.71645E+07
   13   0.72588E+06
   14   0.29668E+06
   15   0.86551E+07
   16   0.90606E+06
   17   0.82963E+07
   18   0.16072E+07
   19   0.25145E+08
   20   0.40761E+07
   21   0.12859E+07
   22   0.11437E+07
   23   0.27137E+06
   24   0.41491E+06
   25   0.29960E+07
   26   0.25843E+08
   27   0.18575E+07
   28   0.39794E+07
   29   0.17913E+08
   30   0.17303E+06
   31   0.20928E+06
   32   0.66924E+06
   33   0.32134E+06
   34   0.68397E+07
   35   0.60332E+06
   36   0.39082E+07
   37   0.22097E+06
   38   0.52045E+06
   39   0.25517E+08
   40   0.66312E+07
   41   0.81173E+06
   42   0.17715E+07
   43   0.72752E+07
   44   0.66514E+06
   45   0.26569E+06
   46   0.13925E+07
   47   0.18876E+08
   48   0.24508E+06
   49   0.25568E+08
   50   0.17067E+08
   51   0.33927E+06
   52   0.15655E+07
   53   0.26723E+07
   54   0.37125E+07
   55   0.42555E+07
   56   0.76452E+07
   57   0.25176E+07
   58   0.76065E+06
   59   0.12773E+08
   60   0.31607E+07
   61   0.58180E+07
   62   0.71882E+07
   63   0.51056E+06
   64   0.29417E+07
   65   0.11756E+07
   66   0.93854E+07
   67   0.15209E+07
   68   0.21245E+08
   69   0.39072E+06
   70   0.24363E+06
   71   0.98745E+07
   72   0.36776E+07
   73   0.92232E+07
   74   0.28518E+07
   75   0.40597E+07
   76   0.22281E+08
   77   0.69623E+07
   78   0.30063E+07
   79   0.45678E+07
   80   0.10698E+07
   81   0.67046E+06
   82   0.22332E+08
   83   0.37671E+06
   84   0.22387E+07
   85   0.20103E+07
   86   0.80228E+06
   87   0.20464E+06
   88   0.11791E+07
   89   0.32266E+06
   90   0.22234E+07
   91   0.59830E+06
   92   0.21788E+07
   93   0.12794E+08
   94   0.11930E+08
   95   0.57710E+06
   96   0.67352E+06
   97   0.26458E+08
   98   0.21678E+08
   99   0.11512E+07
  100   0.72520E+06
  101   0.26929E+08
  102   0.12263E+07
  103   0.16213E+06
  104   0.17688E+07
  105   0.62205E+06
  106   0.97001E+07
  107   0.78860E+07
  108   0.61590E+07
  109   0.20243E+07
  110   0.98327E+06
  111   0.24108E+06
  112   0.52268E+06
  113   0.56883E+07
  114   0.35199E+07
  115   0.15113E+07
  116   0.32367E+07
  117   0.70026E+06
  118   0.17665E+06
  119   0.15901E+07
  120   0.16567E+07
  121   0.11129E+07
  122   0.23294E+06
  123   0.60079E+06
  124   0.15267E+07
  125   0.24358E+08
  126   0.25170E+08
  127   0.94506E+06
  128   0.27742E+06
  129   0.18965E+07
  130   0.16430E+07
  131   0.20571E+07
  132   0.16368E+06
  133   0.17338E+08
  134   0.90669E+06
  135   0.60082E+06
  136   0.34827E+05
  137   0.22402E+07
  138   0.16587E+07
  139   0.63870E+07
  140   0.55883E+06
  141   0.41496E+07
  142   0.30323E+07
  143   0.68226E+06
  144   0.10187E+06
  145   0.25593E+08
  146   0.68157E+06
  147   0.96594E+06
  148   0.66656E+07
  149   0.70196E+06
  150   0.58330E+07
  151   0.84632E+07
  152   0.14127E+07
  153   0.34804E+06
  154   0.11517E+07
  155   0.20297E+07
  156   0.41497E+06
  157   0.81088E+06
  158   0.19146E+07
  159   0.11330E+07
  160   0.19136E+08
  161   0.53375E+07
  162   0.10650E+07
  163   0.13628E+07
  164   0.15982E+07
  165   0.20664E+08
  166   0.26178E+08
  167   0.36449E+07
  168   0.29132E+07
  169   0.23465E+08
  170   0.22362E+08
  171   0.26765E+08
  172   0.77644E+07
  173   0.47185E+07
  174   0.57443E+06
  175   0.55666E+07
  176   0.20420E+07
  177   0.46983E+06
  178   0.40348E+06
  179   0.20032E+07
  180   0.42545E+06
  181   0.74544E+06
  182   0.18887E+08
  183   0.18018E+07
  184   0.60813E+06
  185   0.39871E+06
  186   0.27622E+08
  187   0.21465E+06
  188   0.98565E+07
  189   0.27744E+07
  190   0.18542E+08
  191   0.13022E+07
  192   0.16984E+06
  193   0.13281E+07
  194   0.86828E+06
  195   0.17622E+06
  196   0.87012E+07
  197   0.59452E+06
  198   0.26157E+08
  199   0.62811E+07
  200   0.75309E+06
  201   0.62684E+06
  202   0.42433E+06
  203   0.76924E+07
  204   0.62198E+07
  205   0.28745E+07
  206   0.26039E+08
  207   0.29247E+07
  208   0.10932E+06
  209   0.23779E+06
  210   0.17948E+07
  211   0.23078E+07
  212   0.26114E+06
  213   0.23961E+07
  214   0.32861E+07
  215   0.52289E+06
  216   0.94311E+07
  217   0.14645E+08
  218   0.90214E+06
  219   0.17610E+07
  220   0.26807E+08
  221   0.86800E+07
  222   0.75831E+06
  223   0.67202E+07
  224   0.81737E+06
  225   0.27468E+08
  226   0.39155E+07
  227   0.23352E+07
  228   0.13092E+08
  229   0.56047E+06
  230   0.67762E+07
  231   0.25620E+06
  232   0.84611E+06
  233   0.30192E+06
  234   0.13401E+08
  235   0.21942E+07
  236   0.76556E+06
  237   0.24138E+06
  238   0.27071E+07
  239   0.12938E+08
  240   0.16129E+07
  241   0.12561E+07
  242   0.92773E+07
  243   0.78410E+06
  244   0.11516E+08
  245   0.56215E+07
  246   0.38887E+07
  247   0.89121E+06
  248   0.39884E+06
  249   0.47025E+06
  250   0.33822E+07
  251   0.46923E+06
  252   0.16287E+07
  253   0.40325E+07
  254   0.33972E+06
  255   0.22708E+06
  256   0.41848E+07
  257   0.68152E+07
  258   0.17934E+07
  259   0.10151E+07
  260   0.30527E+06
  261   0.18086E+08
  262   0.12695E+07
  263   0.43052E+07
  264   0.11158E+07
  265   0.24461E+06
  266   0.10561E+07
  267   0.46889E+07
  268   0.68599E+06
  269   0.21481E+07
  270   0.34393E+06
  271   0.17835E+07
  272   0.93384E+07
  273   0.15483E+07
  274   0.10382E+07
  275   0.14399E+07
  276   0.88502E+06
  277   0.10953E+07
  278   0.46260E+07
  279   0.14880E+08
  280   0.18306E+06
  281   0.13363E+07
  282   0.86621E+05
  283   0.81152E+05
  284   0.99683E+05
  285   0.18700E+06
  286   0.23897E+06
  287   0.26669E+06
  288   0.57762E+05
  289   0.53253E+05
  290   0.63365E+05
  291   0.29895E+06
  292   0.12770E+06
  293   0.23447E+06
  294   0.19807E+06
  295   0.29678E+05
  296   0.15043E+06
  297   0.76960E+05
  298   0.34983E+05
  299   0.57963E+05
  300   0.79774E+05
  301   0.15453E+06
  302   0.87297E+05
  303   0.10347E+06
  304   0.10805E+06
  305   0.47028E+05
  306   0.77731E+05
  307   0.83022E+05
  308   0.16193E+06
  309   0.16706E+06
  310   0.35093E+06
  311   0.19609E+06
  312   0.37698E+06
  313   0.22762E+06
  314   0.27623E+06
  315   0.18082E+06
  316   0.96599E+05
  317   0.17946E+06
  318   0.29556E+06
  319   0.22341E+06
  320   0.34182E+06
  321   0.13636E+06
  322   0.27573E+06
  323   0.94192E+05
  324   0.18263E+06
  325   0.14245E+06
  326   0.26184E+06
  327   0.23427E+06
  328   0.83563E+05
  329   0.75893E+05
  330   0.79009E+05
  331   0.92958E+05
  332   0.13689E+06
  333   0.14599E+06
  334   0.11071E+06
  335   0.12455E+06
  336   0.32507E+06
  337   0.23445E+06
  338   0.21845E+06
  339   0.17296E+06
  340   0.94087E+05
  341   0.94089E+05
  342   0.26054E+06
  343   0.20514E+06
  344   0.26071E+06
  345   0.58240E+06
  346   0.19371E+06
  347   0.12111E+06
  348   0.20940E+06
  349   0.11894E+06
  350   0.15807E+06
  351   0.70961E+05
  352   0.24569E+06
  353   0.73799E+05
  354   0.18936E+06
  355   0.10075E+06
  356   0.15754E+06
  357   0.67853E+05
  358   0.19066E+06
  359   0.33063E+06
  360   0.18306E+06
  361   0.29048E+06
  362   0.21436E+06
  363   0.21015E+06
  364   0.21902E+06
  365   0.15269E+06
  366   0.18633E+06
  367   0.37661E+06
  368   0.22424E+06
  369   0.92324E+05
  370   0.65469E+05
  371   0.13058E+06
  372   0.14474E+06
  373   0.46201E+06
  374   0.37433E+05
  375   0.12135E+06
  376   0.41180E+05
  377   0.14528E+06
  378   0.10409E+06
  379   0.73624E+05
  380   0.54214E+06
  381   0.17177E+05
  382   0.63813E+05
  383   0.68887E+05
  384   0.81983E+05
  385   0.11028E+06
  386   0.10040E+06
  387   0.18491E+06
  388   0.57779E+05
  389   0.14224E+06
  390   0.96839E+05
  391   0.99320E+05
  392   0.12207E+06
  393   0.29240E+05
  394   0.39784E+06
  395   0.96154E+06
  396   0.73433E+06
  397   0.70390E+05
  398   0.24848E+06
  399   0.11005E+06
  400   0.52446E+06
  401   0.13923E+06
  402   0.12863E+06
  403   0.55395E+06
  404   0.59641E+05
  405   0.57712E+05
  406   0.45376E+05
  407   0.16004E+06
  408   0.18035E+06
  409   0.11344E+06
  410   0.21872E+06
  411   0.14718E+06
  412   0.11171E+06
  413   0.11832E+06
  414   0.21181E+06
  415   0.11176E+06
  416   0.15747E+06
  417   0.60799E+05
  418   0.11088E+06
  419   0.87471E+05
  420   0.98611E+05
  421   0.79352E+05
  422   0.44898E+06
  423   0.14125E+06
  424   0.11706E+06
  425   0.13263E+06
  426   0.24506E+06
  427   0.55994E+06
  428   0.42856E+05
  429   0.68288E+06
  430   0.17080E+05
  431   0.16120E+06
  432   0.16974E+06
  433   0.99858E+05
  434   0.10657E+06
  435   0.82501E+05
  436   0.23335E+06
  437   0.18855E+06
  438   0.40970E+06
  439   0.14058E+06
  440   0.17224E+05
  441   0.71017E+05
  442   0.20505E+06
  443   0.11883E+06
  444   0.12785E+06
  445   0.16014E+06
  446   0.14065E+06
  447   0.12360E+06
  448   0.17557E+06
  449   0.16036E+06
  450   0.54767E+06
  451   0.37538E+06
  452   0.37370E+06
  453   0.15518E+06
  454   0.29124E+06
  455   0.18693E+06
  456   0.13833E+06
  457   0.72172E+06
  458   0.77168E+06
  459   0.47810E+06
  460   0.24491E+06
  461   0.18954E+06
  462   0.28325E+06
  463   0.11835E+06
  464   0.12380E+06
  465   0.35953E+06
  466   0.18381E+06
  467   0.13046E+06
  468   0.17711E+06
  469   0.57905E+05
  470   0.94003E+05
  471   0.18304E+06
  472   0.11626E+06
  473   0.15946E+06
  474   0.12143E+06
  475   0.13712E+07
  476   0.42529E+06
  477   0.51948E+06
  478   0.49207E+06
  479   0.63152E+06
  480   0.28374E+06
  481   0.63563E+06
  482   0.27430E+06
  483   0.33998E+06
  484   0.12360E+06
  485   0.15410E+06
  486   0.12047E+06
  487   0.41329E+06
  488   0.63835E+05
  489   0.87564E+05
  490   0.11701E+06
  491   0.10431E+06
  492   0.91129E+05
  493   0.16428E+06
  494   0.34579E+06
  495   0.68823E+05
  496   0.14963E+06
  497   0.14985E+06
  498   0.93878E+05
  499   0.88247E+05
  500   0.33897E+06
  501   0.11731E+06
  502   0.23004E+06
  503   0.48863E+06
  504   0.59440E+06
  505   0.31395E+06
  506   0.50023E+06
  507   0.72381E+06
  508   0.41916E+06
  509   0.22682E+06
  510   0.19330E+06
  511   0.25330E+06
  512   0.23520E+06
  513   0.27156E+06
  514   0.15222E+06
  515   0.34030E+06
  516   0.83480E+05
  517   0.14093E+06
  518   0.21287E+06
  519   0.33669E+06
  520   0.14229E+06
  521   0.15542E+06
  522   0.21893E+06
  523   0.24388E+06
  524   0.13255E+06
  525   0.20762E+06
  526   0.21926E+06
  527   0.18956E+06
  528   0.17757E+06
  529   0.46954E+06
  530   0.92521E+05
  531   0.35381E+06
  532   0.32360E+06
  533   0.21273E+06
  534   0.35381E+06
  535   0.59793E+06
  536   0.92233E+05
  537   0.64784E+05
  538   0.14360E+06
  539   0.16123E+06
  540   0.25983E+05
  541   0.76661E+05
  542   0.29216E+06
  543   0.23660E+06
  544   0.45621E+06
  545   0.88358E+05
  546   0.53200E+05
  547   0.37154E+05
  548   0.96334E+05
  549   0.96713E+05
  550   0.10552E+06
  551   0.50772E+05
  552   0.46529E+05
  553   0.14790E+06
  554   0.25062E+05
  555   0.47992E+05
  556   0.22034E+08
  557   0.28007E+06
  558   0.18546E+07
  559   0.99713E+06
  560   0.19788E+06
  561   0.49184E+06
  562   0.32166E+07
  563   0.10998E+08
  564   0.14942E+07
  565   0.51679E+06
  566   0.10197E+08
  567   0.11495E+06
  568   0.57275E+05
  569   0.46224E+05
  570   0.12282E+06
  571   0.58778E+05
  572   0.16266E+05
  573   0.73222E+05
  574   0.17451E+05
  575   0.34017E+05
  576   0.12168E+06
  577   0.59704E+05
  578   0.16986E+05
  579   0.17006E+05
  580   0.10600E+06
  581   0.18812E+06
  582   0.10344E+06
  583   0.20354E+06
  584   0.32010E+05
  585   0.14222E+06
  586   0.31120E+05
  587   0.27161E+05
  588   0.79856E+05
  589   0.51966E+05
  590   0.79644E+05
  591   0.84074E+05
  592   0.52693E+05
  593   0.13607E+06
  594   0.92725E+05
  595   0.34534E+05
  596   0.16964E+05
  597   0.12071E+06
  598   0.11617E+06
  599   0.38896E+05
  600   0.17048E+05
  601   0.52694E+05
  602   0.41236E+05
  603   0.17051E+05
  604   0.55744E+05
  605   0.12824E+06
  606   0.20587E+06
  607   0.10461E+06
  608   0.83762E+05
  609   0.17088E+05
  610   0.80988E+05
  611   0.15290E+06
  612   0.18196E+06
  613   0.97836E+05
  614   0.57952E+05
  615   0.43063E+05
  616   0.42217E+05
  617   0.17957E+05
  618   0.41438E+05
  619   0.51300E+05
  620   0.54374E+05
  621   0.17121E+05
  622   0.43257E+05
  623   0.17076E+05
  624   0.47033E+05
  625   0.50587E+05
  626   0.61718E+05
  627   0.54346E+05
  628   0.60011E+05
  629   0.44496E+05
  630   0.13337E+06
  631   0.17096E+05
  632   0.11976E+06
  633   0.17090E+05
  634   0.14497E+06
  635   0.10565E+06
  636   0.65723E+05
  637   0.17063E+05
  638   0.37816E+05
  639   0.17084E+05
  640   0.10645E+06
  641   0.12984E+06
  642   0.17050E+05
  643   0.68502E+05
  644   0.17094E+05
  645   0.89950E+05
  646   0.94292E+05
  647   0.34819E+05
  648   0.45324E+05
  649   0.74440E+05
  650   0.77903E+05
  651   0.17010E+05
  652   0.59497E+05
  653   0.61575E+05
  654   0.17038E+05
  655   0.17136E+05
  656   0.53499E+05
  657   0.16984E+05
  658   0.25312E+06
  659   0.19005E+06
  660   0.11378E+06
  661   0.17282E+06
  662   0.93124E+05
  663   0.17141E+05
  664   0.57637E+05
  665   0.73822E+05
  666   0.83660E+05
  667   0.14515E+06
  668   0.76082E+05
  669   0.76798E+05
  670   0.15312E+06
  671   0.15468E+06
  672   0.10310E+06
  673   0.84202E+05
  674   0.12441E+06
  675   0.92830E+05
  676   0.13267E+06
  677   0.93767E+05
  678   0.17064E+05
  679   0.96383E+05
  680   0.12590E+06
  681   0.37146E+05
  682   0.74661E+05
  683   0.63592E+05
  684   0.28313E+05
  685   0.17035E+05
  686   0.73939E+05
  687   0.10099E+06
  688   0.28525E+05
  689   0.13514E+06
  690   0.93365E+05
  691   0.64747E+05
  692   0.81527E+05
  693   0.59548E+05
  694   0.10301E+06
  695   0.49691E+05
  696   0.32331E+05
  697   0.63089E+05
  698   0.57253E+05
  699   0.17081E+05
  700   0.60891E+05
  701   0.39258E+05
  702   0.21316E+05
  703   0.63105E+05
  704   0.17111E+05
  705   0.16717E+05
  706   0.43162E+05
  707   0.54767E+05
  708   0.17074E+05
  709   0.43290E+05
  710   0.45434E+05
  711   0.53989E+05
  712   0.56811E+05
  713   0.38481E+05
  714   0.26439E+05
  715   0.17117E+05
  716   0.17074E+05
  717   0.17063E+05
  718   0.17086E+05
  719   0.93424E+05
  720   0.13796E+06
  721   0.20105E+06
  722   0.11270E+06
  723   0.72197E+05
  724   0.14133E+06
  725   0.17069E+05
  726   0.75034E+05
  727   0.12829E+06
  728   0.15432E+06
  729   0.85383E+05
  730   0.13959E+06
  731   0.82542E+05
  732   0.10654E+06
  733   0.61216E+05
  734   0.19581E+06
  735   0.17118E+06
  736   0.48729E+05
  737   0.10212E+06
  738   0.81982E+05
  739   0.11778E+06
  740   0.21899E+05
  741   0.78474E+05
  742   0.43886E+05
  743   0.77972E+05
  744   0.59152E+05
  745   0.74850E+05
  746   0.35904E+05
  747   0.87405E+05
  748   0.34966E+06
  749   0.49511E+05
  750   0.16959E+05
  751   0.14254E+06
  752   0.12129E+06
  753   0.69312E+05
  754   0.19688E+06
  755   0.81902E+05
  756   0.13398E+06
  757   0.17510E+06
  758   0.45556E+05
  759   0.12340E+06
  760   0.17139E+06
  761   0.15264E+06
  762   0.87835E+05
  763   0.16985E+05
  764   0.15282E+06
  765   0.62731E+05
  766   0.53098E+05
  767   0.72826E+05
  768   0.31567E+05
  769   0.20084E+06
  770   0.12093E+06
  771   0.59983E+05
  772   0.46348E+05
  773   0.32582E+05
  774   0.37233E+05
  775   0.39677E+05
  776   0.54325E+05
  777   0.20738E+05
  778   0.60620E+05
  779   0.12495E+06
  780   0.82936E+05
  781   0.15559E+06
  782   0.85056E+05
  783   0.11145E+06
  784   0.64462E+05
  785   0.66991E+05
  786   0.44692E+05
  787   0.10573E+06
  788   0.11130E+06
  789   0.81959E+05
  790   0.32383E+05
  791   0.61038E+05
  792   0.27414E+05
  793   0.14884E+06
  794   0.11243E+06
  795   0.69183E+05
  796   0.32680E+05
  797   0.94404E+05
  798   0.57936E+05
  799   0.44951E+05
  800   0.15675E+05
  801   0.17177E+05
  802   0.68333E+05
  803   0.53041E+05
  804   0.40339E+05
  805   0.41169E+05
  806   0.25857E+06
  807   0.82789E+05
  808   0.17040E+05
  809   0.22321E+06
  810   0.23020E+06
  811   0.13307E+06
  812   0.97511E+05
  813   0.18598E+06
  814   0.42532E+05
  815   0.89575E+05
  816   0.34796E+05
  817   0.10038E+06
  818   0.17146E+05
  819   0.17065E+05
  820   0.76579E+05
  821   0.17084E+05
  822   0.53684E+05
  823   0.87091E+05
  824   0.17036E+05
  825   0.43149E+05
  826   0.51999E+05
  827   0.81476E+05
  828   0.58992E+05
  829   0.56980E+05
  830   0.17079E+05
  831   0.16885E+05
  832   0.17123E+05
  833   0.52472E+05
  834   0.92593E+05
  835   0.34973E+05
  836   0.19468E+05
  837   0.47576E+05
  838   0.17101E+05
  839   0.41274E+05
  840   0.70381E+05
  841   0.99377E+05
  842   0.76295E+05
  843   0.70102E+05
  844   0.60254E+05
  845   0.71905E+05
  846   0.12820E+06
  847   0.14976E+06
  848   0.17100E+05
  849   0.10730E+06
  850   0.57888E+05
  851   0.53594E+05
  852   0.11231E+06
  853   0.47743E+05
  854   0.87385E+05
  855   0.66075E+05
  856   0.49286E+05
  857   0.95781E+05
  858   0.81658E+05
  859   0.98772E+05
  860   0.50059E+05
  861   0.60601E+05
  862   0.31360E+05
  863   0.10368E+06
  864   0.75725E+05
  865   0.49808E+05
  866   0.17057E+05
  867   0.16948E+05
  868   0.61987E+05
  869   0.14438E+06
  870   0.55502E+06
  871   0.29861E+06
  872   0.13329E+07
  873   0.16581E+07
  874   0.55404E+06
  875   0.15319E+07
  876   0.26715E+08
  877   0.26236E+08
  878   0.13287E+07
  879   0.54132E+07
  880   0.42965E+05
  881   0.39907E+05
  882   0.19115E+05
  883   0.16832E+05
  884   0.50370E+05
  885   0.17038E+05
  886   0.17274E+05
  887   0.17078E+05
  888   0.45023E+05
  889   0.23038E+05
  890   0.16914E+05
  891   0.29536E+05
  892   0.27552E+05
  893   0.25412E+05
  894   0.17178E+05
  895   0.21736E+05
  896   0.16346E+05
  897   0.24922E+05
  898   0.17153E+05
  899   0.22606E+05
  900   0.23041E+05
  901   0.21352E+05
  902   0.17682E+05
  903   0.17690E+05
  904   0.15754E+05
  905   0.15559E+05
  906   0.18750E+05
  907   0.19792E+05
  908   0.15457E+05
  909   0.17042E+05
  910   0.10932E+06
  911   0.32136E+05
  912   0.33404E+05
  913   0.43276E+05
  914   0.40437E+05
  915   0.17029E+05
  916   0.51969E+05
  917   0.17093E+05
  918   0.17956E+05
  919   0.64482E+05
  920   0.40872E+05
  921   0.31139E+05
  922   0.37408E+05
  923   0.13289E+06
  924   0.37665E+05
  925   0.17063E+05
  926   0.17202E+05
  927   0.27597E+05
  928   0.96147E+05
  929   0.31658E+05
  930   0.17083E+05
  931   0.17068E+05
  932   0.35312E+05
  933   0.16909E+05
  934   0.36305E+05
  935   0.23328E+05
  936   0.17064E+05
  937   0.19467E+05
  938   0.16906E+05
  939   0.34744E+05
  940   0.25290E+05
  941   0.17125E+05
  942   0.67823E+05
  943   0.57285E+05
  944   0.71453E+05
  945   0.65353E+05
  946   0.11978E+06
  947   0.53098E+05
  948   0.28750E+05
  949   0.13725E+06
  950   0.92381E+05
  951   0.47763E+05
  952   0.10499E+06
  953   0.81538E+05
  954   0.29234E+05
  955   0.27724E+05
  956   0.10957E+06
  957   0.35324E+05
  958   0.72160E+05
  959   0.10284E+06
  960   0.89181E+05
  961   0.41784E+05
  962   0.45480E+05
  963   0.48118E+05
  964   0.21521E+05
  965   0.19365E+05
  966   0.17164E+05
  967   0.16942E+05
  968   0.42009E+05
  969   0.58090E+05
  970   0.26895E+05
  971   0.62102E+05
  972   0.52083E+05
  973   0.70961E+05
  974   0.21254E+05
  975   0.29569E+05
  976   0.16773E+05
  977   0.16845E+05
  978   0.49159E+05
  979   0.36245E+05
  980   0.23621E+05
  981   0.17146E+05
  982   0.16874E+05
  983   0.16780E+05
  984   0.78736E+05
  985   0.11077E+06
  986   0.65216E+05
  987   0.33710E+05
  988   0.55881E+05
  989   0.40716E+05
  990   0.11804E+06
  991   0.46591E+05
  992   0.99267E+05
  993   0.28763E+05
  994   0.48295E+05
  995   0.37096E+05
  996   0.17008E+05
  997   0.48714E+05
  998   0.11093E+06
  999   0.82705E+05
 1000   0.47550E+05
