.	r__CN2.mgt	r__ALPHA_BF.gw	r__GW_DELAY.gw	r__CH_N2.rte	v__CH_K2.rte	r__SOL_AWC(1).sol	r__SOL_K(1).sol	r__SOL_BD(1).sol	v__SFTMP.bsn	v__SMTMP.bsn
q_0	-0.07484335	-0.25979922	0.47925626	-0.41430492	6.0417544	0.20984051	-0.23913571	0.17095726	1.0440718	0.39947479
q_0.005	-0.07484335	-0.25979922	0.47925626	-0.41430492	6.0417544	0.20984051	-0.23913571	0.17095828	1.0441081	0.39947479
q_0.01	-0.07484335	-0.25979922	0.47925626	-0.41430492	6.0417544	0.20984051	-0.23913571	0.1709593	1.0441444	0.39947479
q_0.015	-0.07484335	-0.25979922	0.47925626	-0.41430492	6.0417544	0.20984051	-0.23913571	0.17096032	1.0441807	0.39947479
q_0.02	-0.07484335	-0.25979922	0.47925626	-0.41430492	6.0417544	0.20984051	-0.23913571	0.17096134	1.0442169	0.39947479
q_0.025	-0.07484335	-0.25979922	0.47925626	-0.41430492	6.0417544	0.20984051	-0.23913571	0.17096236	1.0442532	0.39947479
q_0.03	-0.07484335	-0.25979922	0.47925626	-0.41430492	6.0417544	0.20984051	-0.23913571	0.17096338	1.0442895	0.39947479
q_0.035	-0.07484335	-0.25979922	0.47925626	-0.41430492	6.0417544	0.20984051	-0.23913571	0.1709644	1.0443258	0.39947479
q_0.04	-0.07484335	-0.25979922	0.47925626	-0.41430492	6.0417544	0.20984051	-0.23913571	0.17096542	1.0443621	0.39947479
q_0.045	-0.07484335	-0.25979922	0.47925626	-0.41430492	6.0417544	0.20984051	-0.23913571	0.17096644	1.0443984	0.39947479
q_0.05	-0.07484335	-0.25979922	0.47925626	-0.41430492	6.0417544	0.20984051	-0.23913571	0.17096746	1.0444346	0.39947479
q_0.055	-0.07484335	-0.25979922	0.47925626	-0.41430492	6.0417544	0.20984051	-0.23913571	0.17096848	1.0444709	0.39947479
q_0.06	-0.07484335	-0.25979922	0.47925626	-0.41430492	6.0417544	0.20984051	-0.23913571	0.1709695	1.0445072	0.39947479
q_0.065	-0.07484335	-0.25979922	0.47925626	-0.41430492	6.0417544	0.20984051	-0.23913571	0.17097052	1.0445435	0.39947479
q_0.07	-0.07484335	-0.25979922	0.47925626	-0.41430492	6.0417544	0.20984051	-0.23913571	0.17097154	1.0445798	0.39947479
q_0.075	-0.07484335	-0.25979922	0.47925626	-0.41430492	6.0417544	0.20984051	-0.23913571	0.17097256	1.0446161	0.39947479
q_0.08	-0.07484335	-0.25979922	0.47925626	-0.41430492	6.0417544	0.20984051	-0.23913571	0.17097358	1.0446523	0.39947479
q_0.085	-0.07484335	-0.25979922	0.47925626	-0.41430492	6.0417544	0.20984051	-0.23913571	0.17097459	1.0446886	0.39947479
q_0.09	-0.07484335	-0.25979922	0.47925626	-0.41430492	6.0417544	0.20984051	-0.23913571	0.17097561	1.0447249	0.39947479
q_0.095	-0.07484335	-0.25979922	0.47925626	-0.41430492	6.0417544	0.20984051	-0.23913571	0.17097663	1.0447612	0.39947479
q_0.1	-0.07484335	-0.25979922	0.47925626	-0.41430492	6.0417544	0.20984051	-0.23913571	0.17097765	1.0447975	0.39947479
q_0.105	-0.07484335	-0.25979922	0.47925626	-0.41430492	6.0417544	0.20984051	-0.23913571	0.17097867	1.0448338	0.39947479
q_0.11	-0.07484335	-0.25979922	0.47925626	-0.41430492	6.0417544	0.20984051	-0.23913571	0.17097969	1.04487	0.39947479
q_0.115	-0.074814996	-0.25979922	0.47925626	-0.41430492	6.0424927	0.20984051	-0.2390946	0.17100562	1.0448781	0.39952915
q_0.12	-0.074778542	-0.25979922	0.47925626	-0.41430492	6.043442	0.20984051	-0.23904174	0.17103866	1.0448781	0.39959904
q_0.125	-0.074742087	-0.25979922	0.47925626	-0.41430492	6.0443913	0.20984051	-0.23898888	0.17107171	1.0448781	0.39966893
q_0.13	-0.074705632	-0.25979922	0.47925626	-0.41430492	6.0453405	0.20984051	-0.23893602	0.17110475	1.0448781	0.39973882
q_0.135	-0.074669177	-0.25979922	0.47925626	-0.41430492	6.0462898	0.20984051	-0.23888316	0.17113779	1.0448781	0.39980871
q_0.14	-0.074632723	-0.25979922	0.47925626	-0.41430492	6.047239	0.20984051	-0.2388303	0.17117084	1.0448781	0.3998786
q_0.145	-0.074596268	-0.25979922	0.47925626	-0.41430492	6.0481883	0.20984051	-0.23877744	0.17120388	1.0448781	0.39994849
q_0.15	-0.074559813	-0.25979922	0.47925626	-0.41430492	6.0491376	0.20984051	-0.23872459	0.17123692	1.0448781	0.40001838
q_0.155	-0.074523359	-0.25979922	0.47925626	-0.41430492	6.0500868	0.20984051	-0.23867173	0.17126996	1.0448781	0.40008827
q_0.16	-0.074486904	-0.25979922	0.47925626	-0.41430492	6.0510361	0.20984051	-0.23861887	0.17130301	1.0448781	0.40015816
q_0.165	-0.074450449	-0.25979922	0.47925626	-0.41430492	6.0519854	0.20984051	-0.23856601	0.17133605	1.0448781	0.40022805
q_0.17	-0.074413994	-0.25979922	0.47925626	-0.41430492	6.0529346	0.20984051	-0.23851315	0.17136909	1.0448781	0.40029794
q_0.175	-0.07437754	-0.25979922	0.47925626	-0.41430492	6.0538839	0.20984051	-0.23846029	0.17140214	1.0448781	0.40036783
q_0.18	-0.074341085	-0.25979922	0.47925626	-0.41430492	6.0548332	0.20984051	-0.23840743	0.17143518	1.0448781	0.40043772
q_0.185	-0.07430463	-0.25979922	0.47925626	-0.41430492	6.0557824	0.20984051	-0.23835457	0.17146822	1.0448781	0.40050761
q_0.19	-0.074268175	-0.25979922	0.47925626	-0.41430492	6.0567317	0.20984051	-0.23830172	0.17150127	1.0448781	0.40057751
q_0.195	-0.074231721	-0.25979922	0.47925626	-0.41430492	6.057681	0.20984051	-0.23824886	0.17153431	1.0448781	0.4006474
q_0.2	-0.074195266	-0.25979922	0.47925626	-0.41430492	6.0586302	0.20984051	-0.238196	0.17156735	1.0448781	0.40071729
q_0.205	-0.074158811	-0.25979922	0.47925626	-0.41430492	6.0595795	0.20984051	-0.23814314	0.1716004	1.0448781	0.40078718
q_0.21	-0.074122357	-0.25979922	0.47925626	-0.41430492	6.0605288	0.20984051	-0.23809028	0.17163344	1.0448781	0.40085707
q_0.215	-0.074085902	-0.25979922	0.47925626	-0.41430492	6.061478	0.20984051	-0.23803742	0.17166648	1.0448781	0.40092696
q_0.22	-0.074049447	-0.25979922	0.47925626	-0.41430492	6.0624273	0.20984051	-0.23798456	0.17169952	1.0448781	0.40099685
q_0.225	-0.074008011	-0.25979922	0.47925626	-0.41430492	6.0628492	0.20984051	-0.23796107	0.17171421	1.0448781	0.40102791
q_0.23	-0.073962591	-0.25979922	0.47925626	-0.41430492	6.0628492	0.20984051	-0.23796107	0.17171421	1.0448781	0.40102791
q_0.235	-0.073917171	-0.25979922	0.47925626	-0.41430492	6.0628492	0.20984051	-0.23796107	0.17171421	1.0448781	0.40102791
q_0.24	-0.07387175	-0.25979922	0.47925626	-0.41430492	6.0628492	0.20984051	-0.23796107	0.17171421	1.0448781	0.40102791
q_0.245	-0.07382633	-0.25979922	0.47925626	-0.41430492	6.0628492	0.20984051	-0.23796107	0.17171421	1.0448781	0.40102791
q_0.25	-0.07378091	-0.25979922	0.47925626	-0.41430492	6.0628492	0.20984051	-0.23796107	0.17171421	1.0448781	0.40102791
q_0.255	-0.073735489	-0.25979922	0.47925626	-0.41430492	6.0628492	0.20984051	-0.23796107	0.17171421	1.0448781	0.40102791
q_0.26	-0.073690069	-0.25979922	0.47925626	-0.41430492	6.0628492	0.20984051	-0.23796107	0.17171421	1.0448781	0.40102791
q_0.265	-0.073644649	-0.25979922	0.47925626	-0.41430492	6.0628492	0.20984051	-0.23796107	0.17171421	1.0448781	0.40102791
q_0.27	-0.073599228	-0.25979922	0.47925626	-0.41430492	6.0628492	0.20984051	-0.23796107	0.17171421	1.0448781	0.40102791
q_0.275	-0.073553808	-0.25979922	0.47925626	-0.41430492	6.0628492	0.20984051	-0.23796107	0.17171421	1.0448781	0.40102791
q_0.28	-0.073508388	-0.25979922	0.47925626	-0.41430492	6.0628492	0.20984051	-0.23796107	0.17171421	1.0448781	0.40102791
q_0.285	-0.073462967	-0.25979922	0.47925626	-0.41430492	6.0628492	0.20984051	-0.23796107	0.17171421	1.0448781	0.40102791
q_0.29	-0.073417547	-0.25979922	0.47925626	-0.41430492	6.0628492	0.20984051	-0.23796107	0.17171421	1.0448781	0.40102791
q_0.295	-0.073372127	-0.25979922	0.47925626	-0.41430492	6.0628492	0.20984051	-0.23796107	0.17171421	1.0448781	0.40102791
q_0.3	-0.073326706	-0.25979922	0.47925626	-0.41430492	6.0628492	0.20984051	-0.23796107	0.17171421	1.0448781	0.40102791
q_0.305	-0.073281286	-0.25979922	0.47925626	-0.41430492	6.0628492	0.20984051	-0.23796107	0.17171421	1.0448781	0.40102791
q_0.31	-0.073235866	-0.25979922	0.47925626	-0.41430492	6.0628492	0.20984051	-0.23796107	0.17171421	1.0448781	0.40102791
q_0.315	-0.073190445	-0.25979922	0.47925626	-0.41430492	6.0628492	0.20984051	-0.23796107	0.17171421	1.0448781	0.40102791
q_0.32	-0.073145025	-0.25979922	0.47925626	-0.41430492	6.0628492	0.20984051	-0.23796107	0.17171421	1.0448781	0.40102791
q_0.325	-0.073099605	-0.25979922	0.47925626	-0.41430492	6.0628492	0.20984051	-0.23796107	0.17171421	1.0448781	0.40102791
q_0.33	-0.073054184	-0.25979922	0.47925626	-0.41430492	6.0628492	0.20984051	-0.23796107	0.17171421	1.0448781	0.40102791
q_0.335	-0.07299691	-0.25979922	0.47925626	-0.41430492	6.0628492	0.20984051	-0.23796107	0.17171421	1.0448781	0.40102791
q_0.34	-0.07291593	-0.25979922	0.47925626	-0.41430492	6.0628492	0.20984051	-0.23796107	0.17171421	1.0448781	0.40102791
q_0.345	-0.072834949	-0.25979922	0.47925626	-0.41430492	6.0628492	0.20984051	-0.23796107	0.17171421	1.0448781	0.40102791
q_0.35	-0.072753968	-0.25979922	0.47925626	-0.41430492	6.0628492	0.20984051	-0.23796107	0.17171421	1.0448781	0.40102791
q_0.355	-0.072672987	-0.25979922	0.47925626	-0.41430492	6.0628492	0.20984051	-0.23796107	0.17171421	1.0448781	0.40102791
q_0.36	-0.072592006	-0.25979922	0.47925626	-0.41430492	6.0628492	0.20984051	-0.23796107	0.17171421	1.0448781	0.40102791
q_0.365	-0.072511025	-0.25979922	0.47925626	-0.41430492	6.0628492	0.20984051	-0.23796107	0.17171421	1.0448781	0.40102791
q_0.37	-0.072430044	-0.25979922	0.47925626	-0.41430492	6.0628492	0.20984051	-0.23796107	0.17171421	1.0448781	0.40102791
q_0.375	-0.072349063	-0.25979922	0.47925626	-0.41430492	6.0628492	0.20984051	-0.23796107	0.17171421	1.0448781	0.40102791
q_0.38	-0.072268083	-0.25979922	0.47925626	-0.41430492	6.0628492	0.20984051	-0.23796107	0.17171421	1.0448781	0.40102791
q_0.385	-0.072187102	-0.25979922	0.47925626	-0.41430492	6.0628492	0.20984051	-0.23796107	0.17171421	1.0448781	0.40102791
q_0.39	-0.072106121	-0.25979922	0.47925626	-0.41430492	6.0628492	0.20984051	-0.23796107	0.17171421	1.0448781	0.40102791
q_0.395	-0.07202514	-0.25979922	0.47925626	-0.41430492	6.0628492	0.20984051	-0.23796107	0.17171421	1.0448781	0.40102791
q_0.4	-0.071944159	-0.25979922	0.47925626	-0.41430492	6.0628492	0.20984051	-0.23796107	0.17171421	1.0448781	0.40102791
q_0.405	-0.071863178	-0.25979922	0.47925626	-0.41430492	6.0628492	0.20984051	-0.23796107	0.17171421	1.0448781	0.40102791
q_0.41	-0.071782197	-0.25979922	0.47925626	-0.41430492	6.0628492	0.20984051	-0.23796107	0.17171421	1.0448781	0.40102791
q_0.415	-0.071701216	-0.25979922	0.47925626	-0.41430492	6.0628492	0.20984051	-0.23796107	0.17171421	1.0448781	0.40102791
q_0.42	-0.071620236	-0.25979922	0.47925626	-0.41430492	6.0628492	0.20984051	-0.23796107	0.17171421	1.0448781	0.40102791
q_0.425	-0.071539255	-0.25979922	0.47925626	-0.41430492	6.0628492	0.20984051	-0.23796107	0.17171421	1.0448781	0.40102791
q_0.43	-0.071458274	-0.25979922	0.47925626	-0.41430492	6.0628492	0.20984051	-0.23796107	0.17171421	1.0448781	0.40102791
q_0.435	-0.071377293	-0.25979922	0.47925626	-0.41430492	6.0628492	0.20984051	-0.23796107	0.17171421	1.0448781	0.40102791
q_0.44	-0.071296312	-0.25979922	0.47925626	-0.41430492	6.0628492	0.20984051	-0.23796107	0.17171421	1.0448781	0.40102791
q_0.445	-0.071224329	-0.25979922	0.47925626	-0.41430492	6.0628492	0.20984051	-0.23796107	0.17171421	1.0448781	0.40102791
q_0.45	-0.071224329	-0.25979922	0.47925626	-0.41430492	6.0628492	0.20984051	-0.23796107	0.17171421	1.0448781	0.40102791
q_0.455	-0.071224329	-0.25979922	0.47925626	-0.41430492	6.0628492	0.20984051	-0.23796107	0.17171421	1.0448781	0.40102791
q_0.46	-0.071224329	-0.25979922	0.47925626	-0.41430492	6.0628492	0.20984051	-0.23796107	0.17171421	1.0448781	0.40102791
q_0.465	-0.071224329	-0.25979922	0.47925626	-0.41430492	6.0628492	0.20984051	-0.23796107	0.17171421	1.0448781	0.40102791
q_0.47	-0.071224329	-0.25979922	0.47925626	-0.41430492	6.0628492	0.20984051	-0.23796107	0.17171421	1.0448781	0.40102791
q_0.475	-0.071224329	-0.25979922	0.47925626	-0.41430492	6.0628492	0.20984051	-0.23796107	0.17171421	1.0448781	0.40102791
q_0.48	-0.071224329	-0.25979922	0.47925626	-0.41430492	6.0628492	0.20984051	-0.23796107	0.17171421	1.0448781	0.40102791
q_0.485	-0.071224329	-0.25979922	0.47925626	-0.41430492	6.0628492	0.20984051	-0.23796107	0.17171421	1.0448781	0.40102791
q_0.49	-0.071224329	-0.25979922	0.47925626	-0.41430492	6.0628492	0.20984051	-0.23796107	0.17171421	1.0448781	0.40102791
q_0.495	-0.071224329	-0.25979922	0.47925626	-0.41430492	6.0628492	0.20984051	-0.23796107	0.17171421	1.0448781	0.40102791
q_0.5	-0.071224329	-0.25979922	0.47925626	-0.41430492	6.0628492	0.20984051	-0.23796107	0.17171421	1.0448781	0.40102791
q_0.505	-0.071224329	-0.25979922	0.47925626	-0.41430492	6.0628492	0.20984051	-0.23796107	0.17171421	1.0448781	0.40102791
q_0.51	-0.071224329	-0.25979922	0.47925626	-0.41430492	6.0628492	0.20984051	-0.23796107	0.17171421	1.0448781	0.40102791
q_0.515	-0.071224329	-0.25979922	0.47925626	-0.41430492	6.0628492	0.20984051	-0.23796107	0.17171421	1.0448781	0.40102791
q_0.52	-0.071224329	-0.25979922	0.47925626	-0.41430492	6.0628492	0.20984051	-0.23796107	0.17171421	1.0448781	0.40102791
q_0.525	-0.071224329	-0.25979922	0.47925626	-0.41430492	6.0628492	0.20984051	-0.23796107	0.17171421	1.0448781	0.40102791
q_0.53	-0.071224329	-0.25979922	0.47925626	-0.41430492	6.0628492	0.20984051	-0.23796107	0.17171421	1.0448781	0.40102791
q_0.535	-0.071224329	-0.25979922	0.47925626	-0.41430492	6.0628492	0.20984051	-0.23796107	0.17171421	1.0448781	0.40102791
q_0.54	-0.071224329	-0.25979922	0.47925626	-0.41430492	6.0628492	0.20984051	-0.23796107	0.17171421	1.0448781	0.40102791
q_0.545	-0.071224329	-0.25979922	0.47925626	-0.41430492	6.0628492	0.20984051	-0.23796107	0.17171421	1.0448781	0.40102791
q_0.55	-0.071224329	-0.25979922	0.47925626	-0.41430492	6.0628492	0.20984051	-0.23796107	0.17171421	1.0448781	0.40102791
q_0.555	-0.071224329	-0.25979922	0.47925626	-0.41430492	6.0628492	0.20984051	-0.23796107	0.17171421	1.0448781	0.40102791
q_0.56	-0.071224329	-0.25978046	0.47928277	-0.41381816	6.0628492	0.20991214	-0.23796107	0.17171421	1.0448781	0.40102791
q_0.565	-0.071224329	-0.25975936	0.47931259	-0.41327056	6.0628492	0.20999273	-0.23796107	0.17171421	1.0448781	0.40102791
q_0.57	-0.071224329	-0.25973826	0.47934241	-0.41272295	6.0628492	0.21007332	-0.23796107	0.17171421	1.0448781	0.40102791
q_0.575	-0.071224329	-0.25971716	0.47937223	-0.41217535	6.0628492	0.21015391	-0.23796107	0.17171421	1.0448781	0.40102791
q_0.58	-0.071224329	-0.25969606	0.47940205	-0.41162774	6.0628492	0.2102345	-0.23796107	0.17171421	1.0448781	0.40102791
q_0.585	-0.071224329	-0.25967496	0.47943186	-0.41108014	6.0628492	0.21031509	-0.23796107	0.17171421	1.0448781	0.40102791
q_0.59	-0.071224329	-0.25965386	0.47946168	-0.41053254	6.0628492	0.21039568	-0.23796107	0.17171421	1.0448781	0.40102791
q_0.595	-0.071224329	-0.25963276	0.4794915	-0.40998493	6.0628492	0.21047627	-0.23796107	0.17171421	1.0448781	0.40102791
q_0.6	-0.071224329	-0.25961166	0.47952132	-0.40943733	6.0628492	0.21055686	-0.23796107	0.17171421	1.0448781	0.40102791
q_0.605	-0.071224329	-0.25959056	0.47955114	-0.40888972	6.0628492	0.21063745	-0.23796107	0.17171421	1.0448781	0.40102791
q_0.61	-0.071224329	-0.25956946	0.47958096	-0.40834212	6.0628492	0.21071804	-0.23796107	0.17171421	1.0448781	0.40102791
q_0.615	-0.071224329	-0.25954836	0.47961078	-0.40779452	6.0628492	0.21079863	-0.23796107	0.17171421	1.0448781	0.40102791
q_0.62	-0.071224329	-0.25952726	0.4796406	-0.40724691	6.0628492	0.21087921	-0.23796107	0.17171421	1.0448781	0.40102791
q_0.625	-0.071224329	-0.25950616	0.47967042	-0.40669931	6.0628492	0.2109598	-0.23796107	0.17171421	1.0448781	0.40102791
q_0.63	-0.071224329	-0.25948506	0.47970024	-0.4061517	6.0628492	0.21104039	-0.23796107	0.17171421	1.0448781	0.40102791
q_0.635	-0.071224329	-0.25946396	0.47973006	-0.4056041	6.0628492	0.21112098	-0.23796107	0.17171421	1.0448781	0.40102791
q_0.64	-0.071224329	-0.25944286	0.47975988	-0.4050565	6.0628492	0.21120157	-0.23796107	0.17171421	1.0448781	0.40102791
q_0.645	-0.071224329	-0.25942176	0.4797897	-0.40450889	6.0628492	0.21128216	-0.23796107	0.17171421	1.0448781	0.40102791
q_0.65	-0.071224329	-0.25940065	0.47981952	-0.40396129	6.0628492	0.21136275	-0.23796107	0.17171421	1.0448781	0.40102791
q_0.655	-0.071224329	-0.25937955	0.47984934	-0.40341368	6.0628492	0.21144334	-0.23796107	0.17171421	1.0448781	0.40102791
q_0.66	-0.071224329	-0.25935845	0.47987916	-0.40286608	6.0628492	0.21152393	-0.23796107	0.17171421	1.0448781	0.40102791
q_0.665	-0.071224329	-0.25933735	0.47990898	-0.40231847	6.0628492	0.21160452	-0.23796107	0.17171421	1.0448781	0.40102791
q_0.67	-0.071224329	-0.25930022	0.47993254	-0.40204589	6.0628492	0.21166519	-0.23796107	0.17171421	1.0450934	0.40102791
q_0.675	-0.071224329	-0.25925506	0.47995298	-0.40191083	6.0628492	0.21171591	-0.23796107	0.17171421	1.0454163	0.40102791
q_0.68	-0.071224329	-0.2592099	0.47997342	-0.40177576	6.0628492	0.21176663	-0.23796107	0.17171421	1.0457391	0.40102791
q_0.685	-0.071224329	-0.25916475	0.47999386	-0.40164069	6.0628492	0.21181734	-0.23796107	0.17171421	1.046062	0.40102791
q_0.69	-0.071224329	-0.25911959	0.48001429	-0.40150562	6.0628492	0.21186806	-0.23796107	0.17171421	1.0463849	0.40102791
q_0.695	-0.071224329	-0.25907444	0.48003473	-0.40137055	6.0628492	0.21191878	-0.23796107	0.17171421	1.0467078	0.40102791
q_0.7	-0.071224329	-0.25902928	0.48005517	-0.40123548	6.0628492	0.2119695	-0.23796107	0.17171421	1.0470307	0.40102791
q_0.705	-0.071224329	-0.25898413	0.48007561	-0.40110042	6.0628492	0.21202021	-0.23796107	0.17171421	1.0473536	0.40102791
q_0.71	-0.071224329	-0.25893897	0.48009604	-0.40096535	6.0628492	0.21207093	-0.23796107	0.17171421	1.0476765	0.40102791
q_0.715	-0.071224329	-0.25889381	0.48011648	-0.40083028	6.0628492	0.21212165	-0.23796107	0.17171421	1.0479994	0.40102791
q_0.72	-0.071224329	-0.25884866	0.48013692	-0.40069521	6.0628492	0.21217236	-0.23796107	0.17171421	1.0483223	0.40102791
q_0.725	-0.071224329	-0.2588035	0.48015735	-0.40056014	6.0628492	0.21222308	-0.23796107	0.17171421	1.0486452	0.40102791
q_0.73	-0.071224329	-0.25875835	0.48017779	-0.40042507	6.0628492	0.2122738	-0.23796107	0.17171421	1.0489681	0.40102791
q_0.735	-0.071224329	-0.25871319	0.48019823	-0.40029001	6.0628492	0.21232452	-0.23796107	0.17171421	1.049291	0.40102791
q_0.74	-0.071224329	-0.25866804	0.48021867	-0.40015494	6.0628492	0.21237523	-0.23796107	0.17171421	1.0496139	0.40102791
q_0.745	-0.071224329	-0.25862288	0.4802391	-0.40001987	6.0628492	0.21242595	-0.23796107	0.17171421	1.0499368	0.40102791
q_0.75	-0.071224329	-0.25857772	0.48025954	-0.3998848	6.0628492	0.21247667	-0.23796107	0.17171421	1.0502597	0.40102791
q_0.755	-0.071224329	-0.25853257	0.48027998	-0.39974973	6.0628492	0.21252738	-0.23796107	0.17171421	1.0505825	0.40102791
q_0.76	-0.071224329	-0.25848741	0.48030041	-0.39961466	6.0628492	0.2125781	-0.23796107	0.17171421	1.0509054	0.40102791
q_0.765	-0.071224329	-0.25844226	0.48032085	-0.39947959	6.0628492	0.21262882	-0.23796107	0.17171421	1.0512283	0.40102791
q_0.77	-0.071224329	-0.2583971	0.48034129	-0.39934453	6.0628492	0.21267954	-0.23796107	0.17171421	1.0515512	0.40102791
q_0.775	-0.071224329	-0.25835195	0.48036173	-0.39920946	6.0628492	0.21273025	-0.23796107	0.17171421	1.0518741	0.40102791
q_0.78	-0.071224329	-0.25832686	0.48040033	-0.39913442	6.0630942	0.21278493	-0.23794128	0.17172213	1.052226	0.40111842
q_0.785	-0.071224329	-0.25832686	0.48046165	-0.39913442	6.0636454	0.21284456	-0.23789677	0.17173995	1.052614	0.40132206
q_0.79	-0.071224329	-0.25832686	0.48052296	-0.39913442	6.0641966	0.21290418	-0.23785225	0.17175778	1.0530021	0.4015257
q_0.795	-0.071224329	-0.25832686	0.48058428	-0.39913442	6.0647479	0.21296381	-0.23780773	0.1717756	1.0533901	0.40172934
q_0.8	-0.071224329	-0.25832686	0.48064559	-0.39913442	6.0652991	0.21302343	-0.23776321	0.17179342	1.0537781	0.40193298
q_0.805	-0.071224329	-0.25832686	0.48070691	-0.39913442	6.0658503	0.21308306	-0.23771869	0.17181124	1.0541662	0.40213662
q_0.81	-0.071224329	-0.25832686	0.48076822	-0.39913442	6.0664015	0.21314269	-0.23767418	0.17182906	1.0545542	0.40234026
q_0.815	-0.071224329	-0.25832686	0.48082954	-0.39913442	6.0669527	0.21320231	-0.23762966	0.17184689	1.0549423	0.4025439
q_0.82	-0.071224329	-0.25832686	0.48089085	-0.39913442	6.067504	0.21326194	-0.23758514	0.17186471	1.0553303	0.40274754
q_0.825	-0.071224329	-0.25832686	0.48095217	-0.39913442	6.0680552	0.21332156	-0.23754062	0.17188253	1.0557184	0.40295118
q_0.83	-0.071224329	-0.25832686	0.48101348	-0.39913442	6.0686064	0.21338119	-0.2374961	0.17190035	1.0561064	0.40315482
q_0.835	-0.071224329	-0.25832686	0.4810748	-0.39913442	6.0691576	0.21344082	-0.23745159	0.17191818	1.0564944	0.40335847
q_0.84	-0.071224329	-0.25832686	0.48113611	-0.39913442	6.0697089	0.21350044	-0.23740707	0.171936	1.0568825	0.40356211
q_0.845	-0.071224329	-0.25832686	0.48119743	-0.39913442	6.0702601	0.21356007	-0.23736255	0.17195382	1.0572705	0.40376575
q_0.85	-0.071224329	-0.25832686	0.48125874	-0.39913442	6.0708113	0.21361969	-0.23731803	0.17197164	1.0576586	0.40396939
q_0.855	-0.071224329	-0.25832686	0.48132006	-0.39913442	6.0713625	0.21367932	-0.23727351	0.17198946	1.0580466	0.40417303
q_0.86	-0.071224329	-0.25832686	0.48138137	-0.39913442	6.0719138	0.21373894	-0.237229	0.17200729	1.0584347	0.40437667
q_0.865	-0.071224329	-0.25832686	0.48144269	-0.39913442	6.072465	0.21379857	-0.23718448	0.17202511	1.0588227	0.40458031
q_0.87	-0.071224329	-0.25832686	0.481504	-0.39913442	6.0730162	0.2138582	-0.23713996	0.17204293	1.0592108	0.40478395
q_0.875	-0.071224329	-0.25832686	0.48156532	-0.39913442	6.0735674	0.21391782	-0.23709544	0.17206075	1.0595988	0.40498759
q_0.88	-0.071224329	-0.25832686	0.48162664	-0.39913442	6.0741186	0.21397745	-0.23705092	0.17207858	1.0599868	0.40519123
q_0.885	-0.071224329	-0.25832686	0.48168795	-0.39913442	6.0746699	0.21403707	-0.23700641	0.1720964	1.0603749	0.40539487
q_0.89	-0.071224329	-0.25831347	0.48173564	-0.39911647	6.0753362	0.21408345	-0.2369297	0.17211026	1.0606767	0.40555621
q_0.895	-0.071224329	-0.25825324	0.48173564	-0.39903571	6.0764054	0.21408345	-0.23674034	0.17211026	1.0606767	0.4055695
q_0.9	-0.071224329	-0.25819301	0.48173564	-0.39895494	6.0774747	0.21408345	-0.23655097	0.17211026	1.0606767	0.40558279
q_0.905	-0.071224329	-0.25813277	0.48173564	-0.39887417	6.0785439	0.21408345	-0.23636161	0.17211026	1.0606767	0.40559607
q_0.91	-0.071224329	-0.25807254	0.48173564	-0.39879341	6.0796132	0.21408345	-0.23617225	0.17211026	1.0606767	0.40560936
q_0.915	-0.071224329	-0.2580123	0.48173564	-0.39871264	6.0806824	0.21408345	-0.23598289	0.17211026	1.0606767	0.40562265
q_0.92	-0.071224329	-0.25795207	0.48173564	-0.39863187	6.0817517	0.21408345	-0.23579352	0.17211026	1.0606767	0.40563593
q_0.925	-0.071224329	-0.25789183	0.48173564	-0.39855111	6.0828209	0.21408345	-0.23560416	0.17211026	1.0606767	0.40564922
q_0.93	-0.071224329	-0.2578316	0.48173564	-0.39847034	6.0838901	0.21408345	-0.2354148	0.17211026	1.0606767	0.40566251
q_0.935	-0.071224329	-0.25777136	0.48173564	-0.39838957	6.0849594	0.21408345	-0.23522544	0.17211026	1.0606767	0.40567579
q_0.94	-0.071224329	-0.25771113	0.48173564	-0.39830881	6.0860286	0.21408345	-0.23503607	0.17211026	1.0606767	0.40568908
q_0.945	-0.071224329	-0.25765089	0.48173564	-0.39822804	6.0870979	0.21408345	-0.23484671	0.17211026	1.0606767	0.40570237
q_0.95	-0.071224329	-0.25759066	0.48173564	-0.39814727	6.0881671	0.21408345	-0.23465735	0.17211026	1.0606767	0.40571565
q_0.955	-0.071224329	-0.25753042	0.48173564	-0.39806651	6.0892363	0.21408345	-0.23446798	0.17211026	1.0606767	0.40572894
q_0.96	-0.071224329	-0.25747019	0.48173564	-0.39798574	6.0903056	0.21408345	-0.23427862	0.17211026	1.0606767	0.40574223
q_0.965	-0.071224329	-0.25740995	0.48173564	-0.39790498	6.0913748	0.21408345	-0.23408926	0.17211026	1.0606767	0.40575551
q_0.97	-0.071224329	-0.25734972	0.48173564	-0.39782421	6.0924441	0.21408345	-0.2338999	0.17211026	1.0606767	0.4057688
q_0.975	-0.071224329	-0.25728948	0.48173564	-0.39774344	6.0935133	0.21408345	-0.23371053	0.17211026	1.0606767	0.40578209
q_0.98	-0.071224329	-0.25722925	0.48173564	-0.39766268	6.0945825	0.21408345	-0.23352117	0.17211026	1.0606767	0.40579537
q_0.985	-0.071224329	-0.25716901	0.48173564	-0.39758191	6.0956518	0.21408345	-0.23333181	0.17211026	1.0606767	0.40580866
q_0.99	-0.071224329	-0.25710878	0.48173564	-0.39750114	6.096721	0.21408345	-0.23314245	0.17211026	1.0606767	0.40582195
q_0.995	-0.071224329	-0.25704854	0.48173564	-0.39742038	6.0977903	0.21408345	-0.23295308	0.17211026	1.0606767	0.40583523
q_1	-0.071224329	-0.25698831	0.48173564	-0.39733961	6.0988595	0.21408345	-0.23276372	0.17211026	1.0606767	0.40584852
